chan,utime,isotime,source,heard,level,error,dti,name,symbol,latitude,longitude,speed,course,altitude,frequency,offset,tone,system,status,telemetry,comment
0,1653520381,2022-05-25T23:13:01Z,KF7HTS-8,KF7HTS-8,15(5/5),1,!,KF7HTS-8,/n,47.611000,-122.589333,7.0,16.0,0.0,,,,"Generic, (obsolete. Digis should use APNxxx instead)",,,KF7HTS
0,1653520515,2022-05-25T23:15:15Z,KG7QEC-11,KG7QEC-11,34(9/16),0,/,KG7QEC-11,/O,47.607500,-122.540833,0.0,0.0,9.4,,,,"Generic, (obsolete. Digis should use APNxxx instead)",,,/TA=21.44/TB=21.25/V=7572 BISEA
0,1653520529,2022-05-25T23:15:29Z,N7TUG-8,JUPITR,70(30/26),0,_,N7TUG-8,/s,,,,,,,,,>40 APRSmax,,,
0,1653520530,2022-05-25T23:15:30Z,KG7QEC-11,KG7QEC-11,33(8/17),0,/,KG7QEC-11,/O,47.607500,-122.540833,0.0,0.0,8.2,,,,"Generic, (obsolete. Digis should use APNxxx instead)",,,/TA=21.44/TB=21.31/V=7593 BISEA
0,1653520545,2022-05-25T23:15:45Z,KG7QEC-11,KG7QEC-11,34(9/17),0,/,KG7QEC-11,/O,47.607500,-122.540833,0.0,0.0,7.6,,,,"Generic, (obsolete. Digis should use APNxxx instead)",,,/TA=21.31/TB=21.38/V=7593 BISEA
0,1653520551,2022-05-25T23:15:51Z,JUPITR,ERINB,62(26/28),0,!,JUPITR,B#,47.695000,-122.967500,,,,,,,Kantronics KPC-3 rom versions,,, MT. JUPITER K7IDX
0,1653520560,2022-05-25T23:16:00Z,KG7QEC-11,KG7QEC-11,34(9/16),0,/,KG7QEC-11,/O,47.607500,-122.540833,0.0,0.0,7.3,,,,"Generic, (obsolete. Digis should use APNxxx instead)",,,/TA=21.25/TB=21.38/V=7536 BISEA
0,1653520563,2022-05-25T23:16:03Z,WA7LAW,JUPITR,68(31/25),0,@,WA7LAW,I&,47.998667,-122.195833,,,,,,,SQ3PLX http://microsat.com.pl/,,,"WX3in1Plus2.0 U=15.3V,T=??.?C/??.?F"
0,1653520567,2022-05-25T23:16:07Z,KF7HTS-8,KF7HTS-8,57(25/25),0,!,KF7HTS-8,/n,47.617500,-122.588667,7.0,6.0,0.0,,,,"Generic, (obsolete. Digis should use APNxxx instead)",,,KF7HTS
0,1653520573,2022-05-25T23:16:13Z,ERINB,ERINB,61(26/27),0,$,ERINB,/ ,,,,,,,,,Kantronics KPC-3 rom versions,,,
0,1653520575,2022-05-25T23:16:15Z,KG7QEC-11,KG7QEC-11,35(8/15),0,/,KG7QEC-11,/O,47.607500,-122.540833,0.0,0.0,1.8,,,,"Generic, (obsolete. Digis should use APNxxx instead)",,,/TA=21.44/TB=21.44/V=7593 BISEA
0,1653520578,2022-05-25T23:16:18Z,N7TUG-8,JUPITR,70(29/27),0,!,N7TUG-8,/s,47.667000,-122.393000,,,,,,,>40 APRSmax,,,/Ballard WA
0,1653520605,2022-05-25T23:16:45Z,KG7QEC-11,KG7QEC-11,33(9/16),0,/,KG7QEC-11,/O,47.607333,-122.541000,0.0,0.0,4.3,,,,"Generic, (obsolete. Digis should use APNxxx instead)",,,/TA=21.19/TB=21.50/V=7536 BISEA
0,1653520613,2022-05-25T23:16:53Z,NG7N,ERINB?,61(25/28),0,@,NG7N,/_,47.651667,-122.405333,,,,,,,"Generic, (obsolete. Digis should use APNxxx instead)",,,
0,1653520620,2022-05-25T23:17:00Z,KG7QEC-11,KG7QEC-11,34(9/16),0,/,KG7QEC-11,/O,47.607333,-122.540833,0.0,0.0,5.5,,,,"Generic, (obsolete. Digis should use APNxxx instead)",,,/TA=21.13/TB=21.50/V=7536 BISEA
0,1653520629,2022-05-25T23:17:09Z,KF7HTS-8,KF7HTS-8,58(25/24),0,!,KF7HTS-8,/n,47.619500,-122.588500,7.0,2.0,0.0,,,,"Generic, (obsolete. Digis should use APNxxx instead)",,,KF7HTS
0,1653520634,2022-05-25T23:17:14Z,WA7DEM-3,ERINB?,67(26/32),0,:,WA7DEM-3,/f,,,,,,,,,Tiny Track III,,,
0,1653520635,2022-05-25T23:17:15Z,KG7QEC-11,KG7QEC-11,33(8/16),0,/,KG7QEC-11,/O,47.607500,-122.540833,0.0,0.0,3.0,,,,"Generic, (obsolete. Digis should use APNxxx instead)",,,/TA=21.25/TB=21.56/V=7536 BISEA
0,1653520641,2022-05-25T23:17:21Z,KJ7ZPM-4,VCAPK?,42(13/20),0,/,KJ7ZPM-4,/-,47.045167,-124.079167,,,,,,,SQ3PLX http://microsat.com.pl/,,,APRS Voyager U=13.5V.
0,1653520643,2022-05-25T23:17:23Z,KJ7ZPM-4,JUPITR,66(31/24),1,/,KJ7ZPM-4,/-,47.045167,-124.079167,,,,,,,SQ3PLX http://microsat.com.pl/,,,APRS Voyager U=13.5V.
0,1653520647,2022-05-25T23:17:27Z,K7MJQ-9,VCAPK?,42(13/21),0,`,K7MJQ-9,/k,46.953000,-124.156667,0.0,255.0,4.0,,,,Kenwood TH-D72,En Route,,
0,1653520650,2022-05-25T23:17:30Z,KG7QEC-11,KG7QEC-11,33(8/16),0,/,KG7QEC-11,/O,47.607833,-122.540333,0.0,0.0,144.2,,,,"Generic, (obsolete. Digis should use APNxxx instead)",,,/TA=21.50/TB=21.56/V=7536 BISEA
0,1653520665,2022-05-25T23:17:45Z,KG7QEC-11,KG7QEC-11,34(8/15),0,/,KG7QEC-11,/O,47.607667,-122.540500,1.0,0.0,78.9,,,,"Generic, (obsolete. Digis should use APNxxx instead)",,,/TA=21.50/TB=21.63/V=7572 BISEA
0,1653520667,2022-05-25T23:17:47Z,N7NIX-4,ERINB?,60(25/27),0,},N7NIX-4,/b,,,,,,,,,"Generic, (obsolete. Digis should use APNxxx instead)",,,
0,1653520668,2022-05-25T23:17:48Z,N7NIX-4,ERINB?,60(26/27),0,},N7NIX-4,/b,,,,,,,,,"Generic, (obsolete. Digis should use APNxxx instead)",,,
0,1653520670,2022-05-25T23:17:50Z,KG7SON-9,JUPITR,67(29/25),0,`,KG7SON-9,/v,47.621167,-122.628333,15.0,78.0,76.0,146.520,,,Kenwood TM-D710,En Route,,MONITORING 146.520
0,1653520680,2022-05-25T23:18:00Z,KG7QEC-11,KG7QEC-11,33(9/15),0,/,KG7QEC-11,/O,47.607667,-122.540333,1.0,214.0,114.3,,,,"Generic, (obsolete. Digis should use APNxxx instead)",,,/TA=21.56/TB=21.63/V=7536 BISEA
0,1653520685,2022-05-25T23:18:05Z,ERINB,ERINB,61(26/27),0,!,ERINB,/_,47.667333,-122.928667,,,,,,,Kantronics KPC-3 rom versions,,,
0,1653520691,2022-05-25T23:18:11Z,KF7HTS-8,KF7HTS-8,57(24/24),0,!,KF7HTS-8,/n,47.621667,-122.588333,7.0,4.0,0.0,,,,"Generic, (obsolete. Digis should use APNxxx instead)",,,KF7HTS
0,1653520695,2022-05-25T23:18:15Z,KG7QEC-11,KG7QEC-11,33(9/16),0,/,KG7QEC-11,/O,47.607667,-122.540333,0.0,0.0,112.2,,,,"Generic, (obsolete. Digis should use APNxxx instead)",,,/TA=21.50/TB=21.69/V=7556 BISEA
0,1653520710,2022-05-25T23:18:30Z,KG7QEC-11,KG7QEC-11,34(8/15),0,/,KG7QEC-11,/O,47.607667,-122.540333,0.0,0.0,112.8,,,,"Generic, (obsolete. Digis should use APNxxx instead)",,,/TA=21.56/TB=21.75/V=7536 BISEA
0,1653520717,2022-05-25T23:18:37Z,ERINB,ERINB,61(26/27),0,>,ERINB,/ ,,,,,,,,,,,,Duckabush Valley on OIDARHILL
0,1653520718,2022-05-25T23:18:38Z,ERINB,SOMTN,75(32/32),0,>,ERINB,/ ,,,,,,,,,,,,Duckabush Valley on OIDARHILL
0,1653520718,2022-05-25T23:18:38Z,ERINB,JUPITR,68(29/26),0,>,ERINB,/ ,,,,,,,,,,,,Duckabush Valley on OIDARHILL
0,1653520725,2022-05-25T23:18:45Z,KG7QEC-11,KG7QEC-11,34(9/16),0,/,KG7QEC-11,/O,47.607667,-122.540500,1.0,0.0,115.2,,,,"Generic, (obsolete. Digis should use APNxxx instead)",,,/TA=21.75/TB=21.75/V=7572 BISEA
0,1653520731,2022-05-25T23:18:51Z,KG7SON-9,KG7SON-9,45(18/20),0,`,KG7SON-9,/v,47.621500,-122.616167,4.0,331.0,101.0,146.520,,,Kenwood TM-D710,En Route,,MONITORING 146.520
0,1653520732,2022-05-25T23:18:52Z,KG7SON-9,ERINB?,61(26/27),0,`,KG7SON-9,/v,47.621500,-122.616167,4.0,331.0,101.0,146.520,,,Kenwood TM-D710,En Route,,MONITORING 146.520
0,1653520740,2022-05-25T23:19:00Z,KG7QEC-11,KG7QEC-11,33(9/15),0,/,KG7QEC-11,/O,47.607667,-122.540500,0.0,0.0,120.1,,,,"Generic, (obsolete. Digis should use APNxxx instead)",,,/TA=21.75/TB=21.81/V=7556 BISEA
0,1653520755,2022-05-25T23:19:15Z,KG7QEC-11,KG7QEC-11,34(8/16),0,/,KG7QEC-11,/O,47.607667,-122.540333,0.0,0.0,130.8,,,,"Generic, (obsolete. Digis should use APNxxx instead)",,,/TA=21.69/TB=21.81/V=7556 BISEA
0,1653520763,2022-05-25T23:19:23Z,KD7YZO-9,SOMTN?,75(31/32),0,`,KD7YZO-9,/j,47.486500,-122.630333,29.0,320.0,92.0,,,,Yaesu FTM-400DR,En Route,,
0,1653520770,2022-05-25T23:19:30Z,KG7QEC-11,KG7QEC-11,33(9/16),0,/,KG7QEC-11,/O,47.607667,-122.540333,0.0,0.0,125.0,,,,"Generic, (obsolete. Digis should use APNxxx instead)",,,/TA=21.63/TB=21.88/V=7536 BISEA
0,1653520785,2022-05-25T23:19:45Z,KG7QEC-11,KG7QEC-11,33(8/17),0,/,KG7QEC-11,/O,47.607667,-122.540333,0.0,0.0,108.5,,,,"Generic, (obsolete. Digis should use APNxxx instead)",,,/TA=21.75/TB=21.94/V=7536 BISEA
0,1653520795,2022-05-25T23:19:55Z,KD7YZO-9,ERINB?,64(27/28),0,`,KD7YZO-9,/j,47.491000,-122.631667,35.0,1.0,86.0,147.080,+600,110.9,Yaesu FTM-400DR,En Route,, KD7YZO Jeep Compass TrailHawk
0,1653520800,2022-05-25T23:20:00Z,KG7QEC-11,KG7QEC-11,34(9/17),0,/,KG7QEC-11,/O,47.607667,-122.540333,0.0,0.0,100.3,,,,"Generic, (obsolete. Digis should use APNxxx instead)",,,/TA=21.63/TB=21.94/V=7516 BISEA
0,1653520801,2022-05-25T23:20:01Z,JUPITR,JUPITR,83(22/17),0,J,JUPITR,/ ,,,,,,,,,,,,
0,1653520804,2022-05-25T23:20:04Z,JUPITR,ERINB?,59(25/27),0,J,JUPITR,/ ,,,,,,,,,,,,
0,1653520807,2022-05-25T23:20:07Z,ERINB,ERINB,61(26/27),0,$,ERINB,/ ,,,,,,,,,Kantronics KPC-3 rom versions,,,
0,1653520808,2022-05-25T23:20:08Z,ERINB,JUPITR,69(31/24),0,$,ERINB,/ ,,,,,,,,,Kantronics KPC-3 rom versions,,,
0,1653520815,2022-05-25T23:20:15Z,KG7QEC-11,KG7QEC-11,34(9/15),0,/,KG7QEC-11,/O,47.607667,-122.540333,0.0,0.0,112.2,,,,"Generic, (obsolete. Digis should use APNxxx instead)",,,/TA=21.56/TB=22.00/V=7536 BISEA
0,1653520826,2022-05-25T23:20:26Z,KD7YZO-9,ERINB?,62(26/28),0,`,KD7YZO-9,/j,47.494000,-122.630333,26.0,91.0,91.0,,,,Yaesu FTM-400DR,En Route,,
0,1653520830,2022-05-25T23:20:30Z,KG7QEC-11,KG7QEC-11,33(8/17),0,/,KG7QEC-11,/O,47.607667,-122.540333,0.0,0.0,105.8,,,,"Generic, (obsolete. Digis should use APNxxx instead)",,,/TA=21.56/TB=22.00/V=7516 BISEA
0,1653520841,2022-05-25T23:20:41Z,VA7MAS,ERINB?,59(25/26),0,`,VA7MAS,/>,48.465626,-123.389509,0.0,5.0,25.0,,,,Byonics TinyTrack3,In Service,"Seq=363, A1=433, A2=625",
0,1653520845,2022-05-25T23:20:45Z,KG7QEC-11,KG7QEC-11,34(8/16),0,/,KG7QEC-11,/O,47.607667,-122.540500,0.0,0.0,79.9,,,,"Generic, (obsolete. Digis should use APNxxx instead)",,,/TA=21.56/TB=22.00/V=7516 BISEA
0,1653520860,2022-05-25T23:21:00Z,KG7QEC-11,KG7QEC-11,33(9/15),0,/,KG7QEC-11,/O,47.607667,-122.540500,0.0,0.0,83.8,,,,"Generic, (obsolete. Digis should use APNxxx instead)",,,/TA=21.56/TB=22.00/V=7516 BISEA
0,1653520875,2022-05-25T23:21:15Z,KG7QEC-11,KG7QEC-11,34(9/15),0,/,KG7QEC-11,/O,47.607667,-122.540333,0.0,0.0,95.7,,,,"Generic, (obsolete. Digis should use APNxxx instead)",,,/TA=21.75/TB=22.00/V=7536 BISEA
0,1653520888,2022-05-25T23:21:28Z,K7BLS-4,ERINB?,61(27/27),0,},K7BLS-4,/b,,,,,,,,,"Generic, (obsolete. Digis should use APNxxx instead)",,,
0,1653520892,2022-05-25T23:21:32Z,KD7YZO-9,ERINB?,62(25/28),0,`,KD7YZO-9,/j,47.491167,-122.627167,12.0,231.0,103.0,147.080,+600,110.9,Yaesu FTM-400DR,En Route,, KD7YZO Jeep Compass TrailHawk
0,1653520896,2022-05-25T23:21:36Z,NG7N,ERINB?,61(26/27),0,>,NG7N,/ ,,,,,,,,,"Generic, (obsolete. Digis should use APNxxx instead)",,,"WX - Magnolia Bluff - Seattle, WA"
0,1653520905,2022-05-25T23:21:45Z,KG7QEC-11,KG7QEC-11,33(9/15),0,/,KG7QEC-11,/O,47.607833,-122.540333,0.0,0.0,114.6,,,,"Generic, (obsolete. Digis should use APNxxx instead)",,,/TA=21.69/TB=22.06/V=7556 BISEA
0,1653520909,2022-05-25T23:21:49Z,DGDAVE,VCAPK,42(13/20),0,=,DGDAVE,D#,46.972833,-123.868667,,,,,,,DIGI_NED,,,"/DIGI_NED:UBUNTU/LINUX for info, ke7auw @ yahoo dot com"
0,1653520920,2022-05-25T23:22:00Z,KG7QEC-11,KG7QEC-11,33(8/16),0,/,KG7QEC-11,/O,47.607667,-122.540500,0.0,0.0,96.3,,,,"Generic, (obsolete. Digis should use APNxxx instead)",,,/TA=21.63/TB=22.13/V=7516 BISEA
0,1653520923,2022-05-25T23:22:03Z,NW7RF-3,JUPITR,68(31/24),0,T,NW7RF-3,/f,,,,,,,,,>40 APRSmax,,"Seq=337, A1=124, A2=10799, A3=78370, A4=4.150000, A5=0, D1=0, D2=0, D3=0, D4=0, D5=0, D6=0, D7=0, D8=0",
0,1653520935,2022-05-25T23:22:15Z,KG7QEC-11,KG7QEC-11,33(9/17),0,/,KG7QEC-11,/O,47.607667,-122.540333,1.0,271.0,122.5,,,,"Generic, (obsolete. Digis should use APNxxx instead)",,,/TA=21.50/TB=22.13/V=7556 BISEA
0,1653520936,2022-05-25T23:22:16Z,W7AUW,VCAPK,40(12/20),0,=,W7AUW,/x,46.981333,-123.865833,,,,145.630,,,Xastir,,, LinuxXastir1.9.7IGATE145.63 W7AUW-2
0,1653520950,2022-05-25T23:22:30Z,KG7QEC-11,KG7QEC-11,34(8/16),0,/,KG7QEC-11,/O,47.607667,-122.540500,0.0,0.0,116.1,,,,"Generic, (obsolete. Digis should use APNxxx instead)",,,/TA=21.56/TB=22.19/V=7536 BISEA
0,1653520977,2022-05-25T23:22:57Z,KF7ZJH,VCAPK?,42(13/20),0,`,KF7ZJH,/>,47.062667,-122.772333,56.0,256.0,,,,,Kenwood TH-D74,En Route,,
0,1653520980,2022-05-25T23:23:00Z,KG7QEC-11,KG7QEC-11,33(9/17),0,/,KG7QEC-11,/O,47.607667,-122.540500,0.0,0.0,84.7,,,,"Generic, (obsolete. Digis should use APNxxx instead)",,,/TA=21.56/TB=22.19/V=7556 BISEA
0,1653520987,2022-05-25T23:23:07Z,KA0GWU-1,JUPITR,68(31/24),0,=,KA0GWU-1,/-,47.255850,-122.209054,0.0,0.0,,,,,Xastir,,,Xastir-ubuntu-TM-201A-iGate
0,1653520995,2022-05-25T23:23:15Z,KG7QEC-11,KG7QEC-11,34(8/16),0,/,KG7QEC-11,/O,47.607667,-122.540500,0.0,0.0,81.7,,,,"Generic, (obsolete. Digis should use APNxxx instead)",,,/TA=21.56/TB=22.31/V=7556 BISEA
0,1653521010,2022-05-25T23:23:30Z,KG7QEC-11,KG7QEC-11,34(8/17),0,/,KG7QEC-11,/O,47.607667,-122.540500,0.0,0.0,80.2,,,,"Generic, (obsolete. Digis should use APNxxx instead)",,,/TA=21.50/TB=22.25/V=7516 BISEA
0,1653521025,2022-05-25T23:23:45Z,KG7QEC-11,KG7QEC-11,34(8/17),0,/,KG7QEC-11,/O,47.607667,-122.540500,0.0,0.0,81.7,,,,"Generic, (obsolete. Digis should use APNxxx instead)",,,/TA=21.44/TB=22.31/V=7516 BISEA
0,1653521040,2022-05-25T23:24:00Z,KG7QEC-11,KG7QEC-11,34(9/16),0,/,KG7QEC-11,/O,47.607667,-122.540500,0.0,0.0,84.4,,,,"Generic, (obsolete. Digis should use APNxxx instead)",,,/TA=21.44/TB=22.31/V=7516 BISEA
0,1653521048,2022-05-25T23:24:08Z,K7BLS-4,ERINB?,61(25/27),0,},K7BLS-4,/b,,,,,,,,,"Generic, (obsolete. Digis should use APNxxx instead)",,,
0,1653521048,2022-05-25T23:24:08Z,K7BLS-4,ERINB?,60(26/27),0,},K7BLS-4,/b,,,,,,,,,"Generic, (obsolete. Digis should use APNxxx instead)",,,
0,1653521055,2022-05-25T23:24:15Z,KG7QEC-11,KG7QEC-11,34(9/16),0,/,KG7QEC-11,/O,47.607667,-122.540500,0.0,0.0,84.7,,,,"Generic, (obsolete. Digis should use APNxxx instead)",,,/TA=21.44/TB=22.38/V=7536 BISEA
0,1653521068,2022-05-25T23:24:28Z,VCAPK,VCAPK,42(13/20),0,@,VCAPK,N9,61.952413,-119.645873,1.3,216.0,,,,,SQ3PLX http://microsat.com.pl/,,,ello from Capitol Peak (K7CPR)
0,1653521070,2022-05-25T23:24:30Z,KG7QEC-11,KG7QEC-11,33(9/15),0,/,KG7QEC-11,/O,47.607667,-122.540500,0.0,0.0,83.8,,,,"Generic, (obsolete. Digis should use APNxxx instead)",,,/TA=21.56/TB=22.44/V=7516 BISEA
0,1653521075,2022-05-25T23:24:35Z,N3EG-9,JUPITR,67(29/24),0,T,N3EG-9,/>,,,,,,,,,,,"Seq=976, A1=126, A2=85, A3=36, A4=20, A5=77, D1=0, D2=0, D3=0, D4=1, D5=0, D6=0, D7=0, D8=1",
0,1653521085,2022-05-25T23:24:45Z,KG7QEC-11,KG7QEC-11,33(9/15),0,/,KG7QEC-11,/O,47.607667,-122.540500,0.0,0.0,84.1,,,,"Generic, (obsolete. Digis should use APNxxx instead)",,,/TA=21.75/TB=22.44/V=7516 BISEA
0,1653521096,2022-05-25T23:24:56Z,BALDI,BALDI,63(25/27),0,!,BALDI,/_,47.218833,-121.843500,,,,,,,Open Track,,,
0,1653521100,2022-05-25T23:25:00Z,KG7QEC-11,KG7QEC-11,33(9/16),0,/,KG7QEC-11,/O,47.607667,-122.540500,0.0,0.0,84.1,,,,"Generic, (obsolete. Digis should use APNxxx instead)",,,/TA=21.75/TB=22.44/V=7536 BISEA
0,1653521127,2022-05-25T23:25:27Z,KJ7ZPM-7,VCAPK?,41(12/20),0,/,KJ7ZPM-7,/2,47.046000,,,,,,,,SQ3PLX http://microsat.com.pl/,,,W>APRS Voyager U=13.2V.
0,1653521130,2022-05-25T23:25:30Z,KG7QEC-11,KG7QEC-11,34(8/16),0,/,KG7QEC-11,/O,47.607667,-122.540500,0.0,0.0,84.4,,,,"Generic, (obsolete. Digis should use APNxxx instead)",,,/TA=21.50/TB=22.56/V=7536 BISEA
0,1653521145,2022-05-25T23:25:45Z,KG7QEC-11,KG7QEC-11,34(9/16),0,/,KG7QEC-11,/O,47.607667,-122.540500,0.0,0.0,84.1,,,,"Generic, (obsolete. Digis should use APNxxx instead)",,,/TA=21.69/TB=22.56/V=7516 BISEA
0,1653521150,2022-05-25T23:25:50Z,JUPITR,ERINB,63(26/28),0,!,JUPITR,B#,47.695000,-122.967500,,,,,,,Kantronics KPC-3 rom versions,,, MT. JUPITER K7IDX
0,1653521154,2022-05-25T23:25:54Z,KG7SON-9,KG7SON-9,45(17/22),0,`,KG7SON-9,/v,47.621500,-122.616333,0.0,,106.0,146.520,,,Kenwood TM-D710,En Route,,MONITORING 146.520
0,1653521160,2022-05-25T23:26:00Z,KG7QEC-11,KG7QEC-11,34(9/15),0,/,KG7QEC-11,/O,47.607667,-122.540500,0.0,0.0,84.1,,,,"Generic, (obsolete. Digis should use APNxxx instead)",,,/TA=21.63/TB=22.56/V=7572 BISEA
0,1653521163,2022-05-25T23:26:03Z,K7NWS,SOMTN?,78(33/32),0,!,K7NWS,/o,47.520333,-122.302167,,,,,,,"DireWolf, WB2OSZ",,,BEARS at MOF
0,1653521166,2022-05-25T23:26:06Z,K7BLS-4,ERINB?,60(26/27),0,},K7BLS-4,/b,,,,,,,,,"Generic, (obsolete. Digis should use APNxxx instead)",,,
0,1653521175,2022-05-25T23:26:15Z,KG7QEC-11,KG7QEC-11,34(8/16),0,/,KG7QEC-11,/O,47.607667,-122.540333,0.0,0.0,83.2,,,,"Generic, (obsolete. Digis should use APNxxx instead)",,,/TA=21.56/TB=22.56/V=7556 BISEA
0,1653521186,2022-05-25T23:26:26Z,KF7HTS-8,ERINB?,61(26/27),0,!,KF7HTS-8,/n,47.638667,-122.589333,7.0,347.0,0.0,,,,"Generic, (obsolete. Digis should use APNxxx instead)",,,KF7HTS
0,1653521190,2022-05-25T23:26:30Z,KG7QEC-11,KG7QEC-11,34(9/17),0,/,KG7QEC-11,/O,47.607667,-122.540500,0.0,0.0,82.9,,,,"Generic, (obsolete. Digis should use APNxxx instead)",,,/TA=21.56/TB=22.63/V=7536 BISEA
0,1653521196,2022-05-25T23:26:36Z,W7NWP-9,SOMTN?,78(33/32),0,',W7NWP-9,/>,47.681833,-122.182000,0.0,,,,,,Kenwood TM-D700,Special,,http://othernet.is nwaprs
0,1653521199,2022-05-25T23:26:39Z,N7LOL-7,VCAPK?,41(13/20),0,`,N7LOL-7,/>,46.971500,-123.825333,22.0,53.0,33.0,,,,Unknown manufacturer,Off Duty,,
0,1653521205,2022-05-25T23:26:45Z,KG7QEC-11,KG7QEC-11,34(9/15),0,/,KG7QEC-11,/O,47.607667,-122.540500,0.0,0.0,82.9,,,,"Generic, (obsolete. Digis should use APNxxx instead)",,,/TA=21.56/TB=22.69/V=7516 BISEA
0,1653521220,2022-05-25T23:27:00Z,KG7QEC-11,KG7QEC-11,34(9/17),0,/,KG7QEC-11,/O,47.607667,-122.540500,0.0,0.0,82.0,,,,"Generic, (obsolete. Digis should use APNxxx instead)",,,/TA=21.63/TB=22.75/V=7516 BISEA
0,1653521235,2022-05-25T23:27:15Z,KG7QEC-11,KG7QEC-11,34(9/16),0,/,KG7QEC-11,/O,47.607667,-122.540500,0.0,0.0,82.3,,,,"Generic, (obsolete. Digis should use APNxxx instead)",,,/TA=21.63/TB=22.75/V=7536 BISEA
0,1653521248,2022-05-25T23:27:28Z,KF7HTS-8,JUPITR,67(29/25),0,!,KF7HTS-8,/n,47.640667,-122.590167,7.0,344.0,0.0,,,,"Generic, (obsolete. Digis should use APNxxx instead)",,,KF7HTS
0,1653521250,2022-05-25T23:27:30Z,KG7QEC-11,KG7QEC-11,32(8/15),0,/,KG7QEC-11,/O,47.607667,-122.540500,0.0,0.0,82.0,,,,"Generic, (obsolete. Digis should use APNxxx instead)",,,/TA=21.69/TB=22.75/V=7496 BISEA
0,1653521265,2022-05-25T23:27:45Z,KG7QEC-11,KG7QEC-11,35(9/17),0,/,KG7QEC-11,/O,47.607667,-122.540500,0.0,0.0,81.7,,,,"Generic, (obsolete. Digis should use APNxxx instead)",,,/TA=21.63/TB=22.75/V=7516 BISEA
0,1653521280,2022-05-25T23:28:00Z,KG7QEC-11,KG7QEC-11,34(9/16),0,/,KG7QEC-11,/O,47.607667,-122.540500,0.0,0.0,81.1,,,,"Generic, (obsolete. Digis should use APNxxx instead)",,,/TA=21.63/TB=22.81/V=7516 BISEA
0,1653521284,2022-05-25T23:28:04Z,ERINB,ERINB,60(26/27),0,!,ERINB,/_,47.667333,-122.928667,,,,,,,Kantronics KPC-3 rom versions,,,
0,1653521295,2022-05-25T23:28:15Z,KG7QEC-11,KG7QEC-11,34(9/17),0,/,KG7QEC-11,/O,47.607667,-122.540500,0.0,0.0,80.5,,,,"Generic, (obsolete. Digis should use APNxxx instead)",,,/TA=21.56/TB=22.81/V=7516 BISEA
0,1653521298,2022-05-25T23:28:18Z,SOMTN,SOMTN,76(32/32),0,!,SOMTN,S#,47.316167,-123.357833,,,,,,,Kantronics KPC-3 rom versions,,,"/W2,WAn South Mtn KB7UVC"
0,1653521310,2022-05-25T23:28:30Z,KG7QEC-11,KG7QEC-11,35(9/17),0,/,KG7QEC-11,/O,47.607667,-122.540500,0.0,0.0,80.5,,,,"Generic, (obsolete. Digis should use APNxxx instead)",,,/TA=21.63/TB=22.88/V=7536 BISEA
0,1653521317,2022-05-25T23:28:37Z,W7NWP-9,SOMTN?,77(32/32),0,`,W7NWP-9,/>,47.682167,-122.182000,1.0,6.0,84.0,,,,Kenwood TM-D700,Special,,
0,1653521322,2022-05-25T23:28:42Z,W7NWP-9,JUPITR,68(31/25),1,`,W7NWP-9,/>,47.682167,-122.182000,1.0,6.0,84.0,,,,Kenwood TM-D700,Special,,
0,1653521325,2022-05-25T23:28:45Z,KG7QEC-11,KG7QEC-11,34(9/17),0,/,KG7QEC-11,/O,47.607667,-122.540500,0.0,0.0,80.8,,,,"Generic, (obsolete. Digis should use APNxxx instead)",,,/TA=21.44/TB=22.94/V=7516 BISEA
0,1653521329,2022-05-25T23:28:49Z,KF7ZJH,VCAPK?,42(12/21),0,`,KF7ZJH,/>,47.040333,-122.868667,55.0,252.0,,,,,Kenwood TH-D74,En Route,,
0,1653521338,2022-05-25T23:28:58Z,W7PFR-1,W7PFR-1,47(12/20),1,!,W7PFR-1,S#,46.839500,-122.258333,,,,,,,Kantronics KPC-3 rom versions,,," W2,SSn-N,Eatonville/Pack Forest W7PFR "
0,1653521345,2022-05-25T23:29:05Z,K7BLS-4,W7PFR-1?,44(11/20),0,},K7BLS-4,/b,,,,,,,,,"Generic, (obsolete. Digis should use APNxxx instead)",,,
0,1653521355,2022-05-25T23:29:15Z,KG7QEC-11,KG7QEC-11,35(9/17),0,/,KG7QEC-11,/O,47.607667,-122.540500,0.0,0.0,82.0,,,,"Generic, (obsolete. Digis should use APNxxx instead)",,,/TA=21.44/TB=23.00/V=7536 BISEA
0,1653521359,2022-05-25T23:29:19Z,N7TUG-8,JUPITR,69(30/26),0,_,N7TUG-8,/s,,,,,,,,,>40 APRSmax,,,
0,1653521360,2022-05-25T23:29:20Z,N7TUG-8,ERINB?,60(26/27),0,_,N7TUG-8,/s,,,,,,,,,>40 APRSmax,,,
0,1653521370,2022-05-25T23:29:30Z,KG7QEC-11,KG7QEC-11,34(8/16),0,/,KG7QEC-11,/O,47.607667,-122.540500,0.0,0.0,81.7,,,,"Generic, (obsolete. Digis should use APNxxx instead)",,,/TA=21.63/TB=23.00/V=7496 BISEA
0,1653521377,2022-05-25T23:29:37Z,JUPITR,JUPITR,67(31/26),0,J,JUPITR,/ ,,,,,,,,,,,,
0,1653521385,2022-05-25T23:29:45Z,KG7QEC-11,KG7QEC-11,34(9/16),0,/,KG7QEC-11,/O,47.607667,-122.540500,0.0,0.0,83.5,,,,"Generic, (obsolete. Digis should use APNxxx instead)",,,/TA=21.69/TB=23.06/V=7496 BISEA
0,1653521393,2022-05-25T23:29:53Z,W7OMR,SOMTN?,75(31/32),0,`,W7OMR,/k,47.576000,-122.667333,0.0,165.0,54.0,,,,Unknown manufacturer,En Route,,12.9V
0,1653521400,2022-05-25T23:30:00Z,KG7QEC-11,KG7QEC-11,34(9/16),0,/,KG7QEC-11,/O,47.607667,-122.540500,0.0,0.0,82.9,,,,"Generic, (obsolete. Digis should use APNxxx instead)",,,/TA=21.69/TB=23.06/V=7536 BISEA
0,1653521415,2022-05-25T23:30:15Z,KG7QEC-11,KG7QEC-11,34(9/17),0,/,KG7QEC-11,/O,47.607667,-122.540500,0.0,0.0,83.2,,,,"Generic, (obsolete. Digis should use APNxxx instead)",,,/TA=21.69/TB=23.13/V=7536 BISEA
0,1653521427,2022-05-25T23:30:27Z,N7YVZ-12,W7PFR-1?,41(11/20),1,`,N7YVZ-12,/>,47.157848,-122.189037,0.0,81.0,149.0,,,,Byonics TinyTrack3,In Service,"Seq=138, A1=399, A2=621",
0,1653521430,2022-05-25T23:30:30Z,KG7QEC-11,KG7QEC-11,33(9/16),0,/,KG7QEC-11,/O,47.607667,-122.540500,0.0,0.0,83.8,,,,"Generic, (obsolete. Digis should use APNxxx instead)",,,/TA=21.75/TB=23.19/V=7536 BISEA
0,1653521433,2022-05-25T23:30:33Z,KF7HTS-8,JUPITR,69(30/25),0,!,KF7HTS-8,/n,47.646833,-122.591167,7.0,4.0,0.0,,,,"Generic, (obsolete. Digis should use APNxxx instead)",,,KF7HTS
0,1653521437,2022-05-25T23:30:37Z,W7NWP-9,JUPITR,69(30/25),0,`,W7NWP-9,/>,47.679333,-122.176000,0.0,191.0,91.0,,,,Kenwood TM-D700,Special,,
0,1653521439,2022-05-25T23:30:39Z,W7NWP-9,SOMTN?,75(30/31),0,`,W7NWP-9,/>,47.679333,-122.176000,0.0,191.0,91.0,,,,Kenwood TM-D700,Special,,
0,1653521445,2022-05-25T23:30:45Z,KG7QEC-11,KG7QEC-11,34(9/16),0,/,KG7QEC-11,/O,47.607667,-122.540500,0.0,0.0,84.1,,,,"Generic, (obsolete. Digis should use APNxxx instead)",,,/TA=21.75/TB=23.19/V=7536 BISEA
0,1653521460,2022-05-25T23:31:00Z,KG7QEC-11,KG7QEC-11,35(9/16),0,/,KG7QEC-11,/O,47.607667,-122.540500,0.0,0.0,84.7,,,,"Generic, (obsolete. Digis should use APNxxx instead)",,,/TA=21.88/TB=23.19/V=7556 BISEA
0,1653521464,2022-05-25T23:31:04Z,N7NIX-4,W7PFR-1?,43(11/20),0,},N7NIX-4,/b,,,,,,,,,"Generic, (obsolete. Digis should use APNxxx instead)",,,
0,1653521472,2022-05-25T23:31:12Z,N7NIX-4,W7PFR-1?,7(1/3),1,},N7NIX-4,/b,,,,,,,,,"Generic, (obsolete. Digis should use APNxxx instead)",,,
0,1653521490,2022-05-25T23:31:30Z,KG7QEC-11,KG7QEC-11,35(9/17),0,/,KG7QEC-11,/O,47.607667,-122.540333,0.0,0.0,85.6,,,,"Generic, (obsolete. Digis should use APNxxx instead)",,,/TA=21.88/TB=23.38/V=7496 BISEA
0,1653521493,2022-05-25T23:31:33Z,KD7YZO-9,JUPITR,70(31/26),0,`,KD7YZO-9,/j,47.490833,-122.626167,0.0,345.0,100.0,,,,Yaesu FTM-400DR,En Route,,
0,1653521505,2022-05-25T23:31:45Z,KG7QEC-11,KG7QEC-11,35(9/16),0,/,KG7QEC-11,/O,47.607667,-122.540333,0.0,0.0,85.6,,,,"Generic, (obsolete. Digis should use APNxxx instead)",,,/TA=21.94/TB=23.38/V=7516 BISEA
0,1653521507,2022-05-25T23:31:47Z,N7NIX-4,ERINB?,59(25/27),0,},N7NIX-4,/b,,,,,,,,,"Generic, (obsolete. Digis should use APNxxx instead)",,,
0,1653521509,2022-05-25T23:31:49Z,N7NIX-4,ERINB?,57(25/26),0,},N7NIX-4,/b,,,,,,,,,"Generic, (obsolete. Digis should use APNxxx instead)",,,
0,1653521509,2022-05-25T23:31:49Z,N7NIX-4,ERINB?,60(26/27),0,},N7NIX-4,/b,,,,,,,,,"Generic, (obsolete. Digis should use APNxxx instead)",,,
0,1653521517,2022-05-25T23:31:57Z,BALDI,BALDI,63(25/25),0,>,BALDI,/ ,,,,,,,,,>40 APRSmax,,,Baldi Mtn WX/Digi/IGate 144.390/1200 N7FSP
0,1653521519,2022-05-25T23:31:59Z,KF7ZJH,VCAPK?,42(13/20),0,`,KF7ZJH,/>,47.033000,-122.891500,30.0,214.0,,,,,Kenwood TH-D74,En Route,,
0,1653521522,2022-05-25T23:32:02Z,DGDAVE,VCAPK,42(13/19),0,>,DGDAVE,/ ,,,,,,,,,,,,"DIGI_NED: digipeater W7AUW in S.E. Hoquiam, Wa."
0,1653521523,2022-05-25T23:32:03Z,DGDAVE,JUPITR,68(31/24),0,>,DGDAVE,/ ,,,,,,,,,,,,"DIGI_NED: digipeater W7AUW in S.E. Hoquiam, Wa."
0,1653521524,2022-05-25T23:32:04Z,ERINB,ERINB,61(25/27),0,$,ERINB,/ ,,,,,,,,,"Generic, (obsolete. Digis should use APNxxx instead)",,,
0,1653521533,2022-05-25T23:32:13Z,N7LOL-7,VCAPK?,41(12/20),0,`,N7LOL-7,/>,46.982000,-123.800167,18.0,128.0,71.0,,,,Unknown manufacturer,Off Duty,,
0,1653521535,2022-05-25T23:32:15Z,KG7QEC-11,KG7QEC-11,33(8/17),0,/,KG7QEC-11,/O,47.607667,-122.540500,0.0,0.0,85.0,,,,"Generic, (obsolete. Digis should use APNxxx instead)",,,/TA=21.81/TB=23.44/V=7536 BISEA
0,1653521549,2022-05-25T23:32:29Z,N7YVZ-12,JUPITR,68(30/25),0,`,N7YVZ-12,/>,47.157848,-122.189037,0.0,81.0,149.0,,,,Byonics TinyTrack3,In Service,"Seq=139, A1=399, A2=621",
0,1653521555,2022-05-25T23:32:35Z,K7BLS-4,ERINB?,60(26/27),0,},K7BLS-4,/b,,,,,,,,,"Generic, (obsolete. Digis should use APNxxx instead)",,,
0,1653521563,2022-05-25T23:32:43Z,KD7MAX-3,ERINB?,63(26/29),0,`,KD7MAX-3,/j,47.619991,-122.325335,0.0,143.0,83.0,,,,Byonics TinyTrack3,In Service,"Seq=855, A1=429, A2=631",
0,1653521576,2022-05-25T23:32:56Z,KG7SON-9,JUPITR,68(31/26),0,`,KG7SON-9,/v,47.621500,-122.616333,0.0,,96.0,146.520,,,Kenwood TM-D710,En Route,,MONITORING 146.520
0,1653521580,2022-05-25T23:33:00Z,KG7QEC-11,KG7QEC-11,35(9/16),0,/,KG7QEC-11,/O,47.607667,-122.540500,0.0,0.0,85.3,,,,"Generic, (obsolete. Digis should use APNxxx instead)",,,/TA=21.56/TB=23.50/V=7496 BISEA
0,1653521595,2022-05-25T23:33:15Z,KG7QEC-11,KG7QEC-11,35(9/16),0,/,KG7QEC-11,/O,47.607667,-122.540500,0.0,0.0,85.3,,,,"Generic, (obsolete. Digis should use APNxxx instead)",,,/TA=21.44/TB=23.50/V=7496 BISEA
0,1653521606,2022-05-25T23:33:26Z,N7NIX-4,ERINB?,59(25/27),0,},N7NIX-4,/b,,,,,,,,,"Generic, (obsolete. Digis should use APNxxx instead)",,,
0,1653521610,2022-05-25T23:33:30Z,KG7QEC-11,KG7QEC-11,35(9/17),0,/,KG7QEC-11,/O,47.607667,-122.540500,0.0,0.0,85.6,,,,"Generic, (obsolete. Digis should use APNxxx instead)",,,/TA=21.44/TB=23.50/V=7496 BISEA
0,1653521616,2022-05-25T23:33:36Z,VE7XPL-9,ERINB?,60(26/27),0,`,VE7XPL-9,/>,48.410000,-123.375667,0.0,246.0,113.0,,,,Yaesu FT1D,In Service,,Keep Exploring!
0,1653521619,2022-05-25T23:33:39Z,KF7HTS-8,JUPITR,69(31/24),0,!,KF7HTS-8,/n,47.653167,-122.591833,7.0,354.0,0.0,,,,"Generic, (obsolete. Digis should use APNxxx instead)",,,KF7HTS
0,1653521620,2022-05-25T23:33:40Z,N7LOL-7,VCAPK?,84(9/14),0,`,N7LOL-7,/>,46.977333,-123.801833,15.0,263.0,5.0,,,,Unknown manufacturer,Off Duty,,
0,1653521625,2022-05-25T23:33:45Z,KG7QEC-11,KG7QEC-11,35(9/16),0,/,KG7QEC-11,/O,47.607667,-122.540500,0.0,0.0,86.9,,,,"Generic, (obsolete. Digis should use APNxxx instead)",,,/TA=21.50/TB=23.56/V=7496 BISEA
0,1653521640,2022-05-25T23:34:00Z,KG7QEC-11,KG7QEC-11,34(9/17),0,/,KG7QEC-11,/O,47.607667,-122.540500,0.0,0.0,90.2,,,,"Generic, (obsolete. Digis should use APNxxx instead)",,,/TA=21.63/TB=23.56/V=7496 BISEA
0,1653521655,2022-05-25T23:34:15Z,KG7QEC-11,KG7QEC-11,34(9/17),0,/,KG7QEC-11,/O,47.607667,-122.540500,0.0,0.0,91.7,,,,"Generic, (obsolete. Digis should use APNxxx instead)",,,/TA=21.75/TB=23.56/V=7516 BISEA
0,1653521660,2022-05-25T23:34:20Z,KA0GWU-1,SOMTN,75(32/32),0,=,KA0GWU-1,/-,47.255834,-122.209054,0.0,0.0,,,,,Xastir,,,Xastir-ubuntu-TM-201A-iGate
0,1653521665,2022-05-25T23:34:25Z,VCAPK,VCAPK,41(13/20),0,@,VCAPK,N9,61.952413,-119.645873,1.3,216.0,,,,,SQ3PLX http://microsat.com.pl/,,,ello from Capitol Peak (K7CPR)
0,1653521670,2022-05-25T23:34:30Z,KG7QEC-11,KG7QEC-11,34(8/17),0,/,KG7QEC-11,/O,47.607667,-122.540500,0.0,0.0,96.6,,,,"Generic, (obsolete. Digis should use APNxxx instead)",,,/TA=21.69/TB=23.63/V=7516 BISEA
0,1653521677,2022-05-25T23:34:37Z,N7NIX-4,ERINB?,61(25/27),0,},N7NIX-4,/b,,,,,,,,,"Generic, (obsolete. Digis should use APNxxx instead)",,,
0,1653521679,2022-05-25T23:34:39Z,N7NIX-4,ERINB?,58(24/27),0,},N7NIX-4,/b,,,,,,,,,"Generic, (obsolete. Digis should use APNxxx instead)",,,
0,1653521681,2022-05-25T23:34:41Z,VCAPK,VCAPK,46(11/18),0,@,VCAPK,N9,61.952413,-119.645873,1.3,216.0,,,,,SQ3PLX http://microsat.com.pl/,,,ello from Capitol Peak (K7CPR)
0,1653521685,2022-05-25T23:34:45Z,KG7QEC-11,KG7QEC-11,35(8/17),0,/,KG7QEC-11,/O,47.607667,-122.540500,0.0,0.0,95.7,,,,"Generic, (obsolete. Digis should use APNxxx instead)",,,/TA=21.75/TB=23.69/V=7516 BISEA
0,1653521698,2022-05-25T23:34:58Z,BALDI,BALDI,59(25/28),0,!,BALDI,/_,47.218833,-121.843500,,,,,,,Open Track,,,
0,1653521700,2022-05-25T23:35:00Z,KG7QEC-11,KG7QEC-11,40(8/14),0,/,KG7QEC-11,/O,47.607667,-122.540500,0.0,0.0,95.7,,,,"Generic, (obsolete. Digis should use APNxxx instead)",,,/TA=21.69/TB=23.69/V=7536 BISEA
0,1653521708,2022-05-25T23:35:08Z,N7NIX-4,ERINB?,61(26/28),0,},N7NIX-4,/b,,,,,,,,,"Generic, (obsolete. Digis should use APNxxx instead)",,,
0,1653521715,2022-05-25T23:35:15Z,KG7QEC-11,KG7QEC-11,34(9/17),0,/,KG7QEC-11,/O,47.607667,-122.540500,0.0,0.0,95.7,,,,"Generic, (obsolete. Digis should use APNxxx instead)",,,/TA=21.63/TB=23.75/V=7496 BISEA
0,1653521717,2022-05-25T23:35:17Z,VCAPK,VCAPK,41(13/17),0,T,VCAPK,/ ,,,,,,,,,,,"Seq=174, A1=185, A2=108, A3=1563, A4=76, A5=0, D1=0, D2=0, D3=0, D4=0, D5=0, D6=0, D7=0, D8=0",
0,1653521730,2022-05-25T23:35:30Z,KG7QEC-11,KG7QEC-11,35(9/16),0,/,KG7QEC-11,/O,47.607667,-122.540500,0.0,0.0,95.4,,,,"Generic, (obsolete. Digis should use APNxxx instead)",,,/TA=21.75/TB=23.75/V=7496 BISEA
0,1653521746,2022-05-25T23:35:46Z,KG7QEC-11,KG7QEC-11,34(9/17),0,/,KG7QEC-11,/O,47.607667,-122.540500,0.0,0.0,94.8,,,,"Generic, (obsolete. Digis should use APNxxx instead)",,,/TA=21.94/TB=23.75/V=7516 BISEA
0,1653521748,2022-05-25T23:35:48Z,K7BLS-4,ERINB?,60(25/26),0,},K7BLS-4,/b,,,,,,,,,"Generic, (obsolete. Digis should use APNxxx instead)",,,
0,1653521750,2022-05-25T23:35:50Z,JUPITR,SOMTN,70(29/31),0,!,JUPITR,B#,47.695000,-122.967500,,,,,,,Kantronics KPC-3 rom versions,,, MT. JUPITER K7IDX
0,1653521761,2022-05-25T23:36:01Z,KG7QEC-11,KG7QEC-11,35(9/17),0,/,KG7QEC-11,/O,47.607667,-122.540500,0.0,0.0,94.5,,,,"Generic, (obsolete. Digis should use APNxxx instead)",,,/TA=22.06/TB=23.75/V=7496 BISEA
0,1653521776,2022-05-25T23:36:16Z,KG7QEC-11,KG7QEC-11,36(9/17),0,/,KG7QEC-11,/O,47.607667,-122.540500,0.0,0.0,94.2,,,,"Generic, (obsolete. Digis should use APNxxx instead)",,,/TA=22.13/TB=23.81/V=7516 BISEA
0,1653521781,2022-05-25T23:36:21Z,KJ7JXM-9,ERINB?,61(26/27),0,`,KJ7JXM-9,/j,47.882500,-122.265000,10.0,179.0,163.0,146.960,-600,103.5,Kenwood TM-D710,Off Duty,,CQCQCQ Winlink
0,1653521791,2022-05-25T23:36:31Z,KG7QEC-11,KG7QEC-11,35(9/17),0,/,KG7QEC-11,/O,47.607667,-122.540500,0.0,0.0,93.6,,,,"Generic, (obsolete. Digis should use APNxxx instead)",,,/TA=22.13/TB=23.88/V=7496 BISEA
0,1653521806,2022-05-25T23:36:46Z,KG7QEC-11,KG7QEC-11,34(9/16),0,/,KG7QEC-11,/O,47.607667,-122.540333,0.0,0.0,93.3,,,,"Generic, (obsolete. Digis should use APNxxx instead)",,,/TA=22.00/TB=23.88/V=7516 BISEA
0,1653521808,2022-05-25T23:36:48Z,K7NWS,ERINB?,59(25/26),0,!,K7NWS,/_,47.520167,-122.302167,,,,,,,"DireWolf, WB2OSZ",,,
0,1653521811,2022-05-25T23:36:51Z,KE7YYD,JUPITR,70(31/27),0,=,KE7YYD,/h,47.109833,-122.557167,,,,,,,"Generic, (obsolete. Digis should use APNxxx instead)",,, Madigan ARC KE7YYD
0,1653521817,2022-05-25T23:36:57Z,KF7ZJH,VCAPK?,41(12/21),0,`,KF7ZJH,/>,46.944500,-122.940000,63.0,191.0,,,,,Kenwood TH-D74,En Route,,
0,1653521821,2022-05-25T23:37:01Z,KG7QEC-11,KG7QEC-11,35(9/17),0,/,KG7QEC-11,/O,47.607667,-122.540333,0.0,0.0,93.6,,,,"Generic, (obsolete. Digis should use APNxxx instead)",,,/TA=21.81/TB=23.94/V=7536 BISEA
0,1653521825,2022-05-25T23:37:05Z,NW7RF-3,JUPITR,69(31/25),0,:,NW7RF-3,/f,,,,,,,,,>40 APRSmax,,,
0,1653521826,2022-05-25T23:37:06Z,NW7RF-3,JUPITR,68(29/25),0,:,NW7RF-3,/f,,,,,,,,,>40 APRSmax,,,
0,1653521833,2022-05-25T23:37:13Z,K7BLS-4,ERINB?,61(25/27),0,},K7BLS-4,/b,,,,,,,,,"Generic, (obsolete. Digis should use APNxxx instead)",,,
0,1653521836,2022-05-25T23:37:16Z,KG7QEC-11,KG7QEC-11,35(9/16),0,/,KG7QEC-11,/O,47.607667,-122.540333,0.0,0.0,93.3,,,,"Generic, (obsolete. Digis should use APNxxx instead)",,,/TA=21.88/TB=23.88/V=7516 BISEA
0,1653521849,2022-05-25T23:37:29Z,KJ7JXM-9,JUPITR,69(32/25),0,`,KJ7JXM-9,/j,47.877833,-122.261667,15.0,57.0,136.0,146.960,-600,103.5,Kenwood TM-D710,Off Duty,,CQCQCQ Winlink
0,1653521851,2022-05-25T23:37:31Z,KG7QEC-11,KG7QEC-11,33(8/16),0,/,KG7QEC-11,/O,47.607667,-122.540500,0.0,0.0,93.6,,,,"Generic, (obsolete. Digis should use APNxxx instead)",,,/TA=21.94/TB=23.88/V=7496 BISEA
0,1653521866,2022-05-25T23:37:46Z,KG7QEC-11,KG7QEC-11,35(9/16),0,/,KG7QEC-11,/O,47.607667,-122.540500,0.0,0.0,93.9,,,,"Generic, (obsolete. Digis should use APNxxx instead)",,,/TA=22.00/TB=23.88/V=7476 BISEA
0,1653521868,2022-05-25T23:37:48Z,W7AUW,VCAPK,41(13/20),0,=,W7AUW,/x,46.981333,-123.865833,,,,145.630,,,Xastir,,, LinuxXastir1.9.7IGATE145.63 W7AUW-2
0,1653521870,2022-05-25T23:37:50Z,W7AUW,JUPITR,65(28/24),0,=,W7AUW,/x,46.981333,-123.865833,,,,145.630,,,Xastir,,, LinuxXastir1.9.7IGATE145.63 W7AUW-2
0,1653521873,2022-05-25T23:37:53Z,K7BLS-4,ERINB?,60(26/27),0,},K7BLS-4,/b,,,,,,,,,"Generic, (obsolete. Digis should use APNxxx instead)",,,
0,1653521881,2022-05-25T23:38:01Z,KG7QEC-11,KG7QEC-11,35(9/16),0,/,KG7QEC-11,/O,47.607667,-122.540333,0.0,0.0,93.9,,,,"Generic, (obsolete. Digis should use APNxxx instead)",,,/TA=21.88/TB=23.94/V=7476 BISEA
0,1653521884,2022-05-25T23:38:04Z,ERINB,ERINB,60(26/27),0,!,ERINB,/_,47.667333,-122.928667,,,,,,,Kantronics KPC-3 rom versions,,,
0,1653521885,2022-05-25T23:38:05Z,ERINB,JUPITR,69(29/27),0,!,ERINB,/_,47.667333,-122.928667,,,,,,,Kantronics KPC-3 rom versions,,,
0,1653521888,2022-05-25T23:38:08Z,KF7ZJH,VCAPK?,42(13/21),0,`,KF7ZJH,/>,46.924167,-122.946000,63.0,191.0,,,,,Kenwood TH-D74,En Route,,
0,1653521896,2022-05-25T23:38:16Z,KG7QEC-11,KG7QEC-11,35(9/17),0,/,KG7QEC-11,/O,47.607667,-122.540333,0.0,0.0,93.9,,,,"Generic, (obsolete. Digis should use APNxxx instead)",,,/TA=21.81/TB=23.94/V=7496 BISEA
0,1653521897,2022-05-25T23:38:17Z,N7ER-10,ERINB?,52(21/24),0,!,N7ER-10,/#,47.957500,-122.375500,,,,,,,Kantronics KPC-9612 Roms,,,/VHF UHF Digi Whidbey Isl
0,1653521900,2022-05-25T23:38:20Z,SOMTN,JUPITR,66(29/25),0,!,SOMTN,S#,47.316167,-123.357833,,,,,,,Kantronics KPC-3 rom versions,,,"/W2,WAn South Mtn KB7UVC"
0,1653521902,2022-05-25T23:38:22Z,KJ7PWM-1,ERINB?,59(26/26),0,',KJ7PWM-1,/#,48.102500,-123.253500,0.0,,,,,,Kenwood TM-D710,In Service,,
0,1653521911,2022-05-25T23:38:31Z,KG7QEC-11,KG7QEC-11,34(9/16),0,/,KG7QEC-11,/O,47.607667,-122.540333,0.0,0.0,93.9,,,,"Generic, (obsolete. Digis should use APNxxx instead)",,,/TA=21.69/TB=23.94/V=7496 BISEA
0,1653521926,2022-05-25T23:38:46Z,KG7QEC-11,KG7QEC-11,34(9/17),0,/,KG7QEC-11,/O,47.607667,-122.540500,0.0,0.0,93.9,,,,"Generic, (obsolete. Digis should use APNxxx instead)",,,/TA=21.50/TB=23.81/V=7516 BISEA
0,1653521941,2022-05-25T23:39:01Z,KG7QEC-11,KG7QEC-11,35(9/16),0,/,KG7QEC-11,/O,47.607667,-122.540500,0.0,0.0,93.9,,,,"Generic, (obsolete. Digis should use APNxxx instead)",,,/TA=21.50/TB=23.88/V=7496 BISEA
0,1653521947,2022-05-25T23:39:07Z,ERINB,ERINB,60(26/27),0,$,ERINB,/ ,,,,,,,,,Kantronics KPC-3 rom versions,,,
0,1653521954,2022-05-25T23:39:14Z,WW7RA,JUPITR,68(31/25),0,!,WW7RA,/ ,,,,,,,,,"Generic, (obsolete. Digis should use APNxxx instead)",,,
0,1653521956,2022-05-25T23:39:16Z,KG7QEC-11,KG7QEC-11,34(9/16),0,/,KG7QEC-11,/O,47.607667,-122.540500,0.0,0.0,93.9,,,,"Generic, (obsolete. Digis should use APNxxx instead)",,,/TA=21.56/TB=23.81/V=7476 BISEA
0,1653521966,2022-05-25T23:39:26Z,K7PIA-1,ERINB?,64(26/28),0,!,K7PIA-1,1#,47.173667,-122.127667,,,,,,,"DireWolf, WB2OSZ",,,"Buckley, WA Local Digi/I-Gate"
0,1653521971,2022-05-25T23:39:31Z,KG7QEC-11,KG7QEC-11,35(9/16),0,/,KG7QEC-11,/O,47.607667,-122.540333,0.0,0.0,93.9,,,,"Generic, (obsolete. Digis should use APNxxx instead)",,,/TA=21.56/TB=23.88/V=7476 BISEA
0,1653521974,2022-05-25T23:39:34Z,VA7WPT-9,ERINB?,60(26/27),0,`,VA7WPT-9,/p,48.464333,-123.500833,164.0,8.0,811.0,146.520,,,Unknown manufacturer,In Service,,Try me on 146.520
0,1653521982,2022-05-25T23:39:42Z,K7BLS-4,ERINB?,60(26/27),0,},K7BLS-4,/b,,,,,,,,,"Generic, (obsolete. Digis should use APNxxx instead)",,,
0,1653521986,2022-05-25T23:39:46Z,KG7QEC-11,KG7QEC-11,34(8/17),0,/,KG7QEC-11,/O,47.607667,-122.540333,0.0,0.0,93.9,,,,"Generic, (obsolete. Digis should use APNxxx instead)",,,/TA=21.50/TB=23.88/V=7536 BISEA
0,1653521991,2022-05-25T23:39:51Z,KG7SON-9,KG7SON-9,47(18/20),0,`,KG7SON-9,/v,47.621500,-122.616333,0.0,,100.0,146.520,,,Kenwood TM-D710,En Route,,MONITORING 146.520
0,1653521999,2022-05-25T23:39:59Z,MAPLE,JUPITR,68(31/24),0,;,440.8900M,/N,51.931632,-96.337714,,,4.0,440.890,,,,,,205.36WI440.800MHz_T000 T000 - R20m Maple Heights
0,1653522001,2022-05-25T23:40:01Z,KG7QEC-11,KG7QEC-11,34(9/16),0,/,KG7QEC-11,/O,47.607667,-122.540333,0.0,0.0,94.2,,,,"Generic, (obsolete. Digis should use APNxxx instead)",,,/TA=21.56/TB=23.81/V=7496 BISEA
0,1653522004,2022-05-25T23:40:04Z,VA7WPT-9,ERINB?,59(26/27),0,`,VA7WPT-9,/p,48.463000,-123.498833,203.0,16.0,813.0,146.520,,,Unknown manufacturer,In Service,,Try me on 146.520
0,1653522016,2022-05-25T23:40:16Z,KG7QEC-11,KG7QEC-11,34(9/17),0,/,KG7QEC-11,/O,47.607667,-122.540333,0.0,0.0,94.2,,,,"Generic, (obsolete. Digis should use APNxxx instead)",,,/TA=21.50/TB=23.88/V=7496 BISEA
0,1653522023,2022-05-25T23:40:23Z,N7LOL-7,VCAPK?,42(13/19),0,`,N7LOL-7,/>,46.974833,-123.815000,5.0,227.0,12.0,,,,Unknown manufacturer,Off Duty,,
0,1653522024,2022-05-25T23:40:24Z,N7LOL-7,JUPITR,57(24/21),0,`,N7LOL-7,/>,46.974833,-123.815000,5.0,227.0,12.0,,,,Unknown manufacturer,Off Duty,,
0,1653522027,2022-05-25T23:40:27Z,KF7ZJH,VCAPK?,42(13/21),0,`,KF7ZJH,/>,46.885833,-122.964333,62.0,192.0,,,,,Kenwood TH-D74,En Route,,
0,1653522031,2022-05-25T23:40:31Z,KG7QEC-11,KG7QEC-11,35(9/16),0,/,KG7QEC-11,/O,47.607667,-122.540333,0.0,0.0,94.2,,,,"Generic, (obsolete. Digis should use APNxxx instead)",,,/TA=21.44/TB=23.88/V=7496 BISEA
0,1653522032,2022-05-25T23:40:32Z,N7NIX-4,W7PFR-1?,40(10/20),0,},N7NIX-4,/b,,,,,,,,,"Generic, (obsolete. Digis should use APNxxx instead)",,,
0,1653522037,2022-05-25T23:40:37Z,ERINB,ERINB,60(25/27),0,>,ERINB,/ ,,,,,,,,,,,,Duckabush Valley on OIDARHILL
0,1653522046,2022-05-25T23:40:46Z,KG7QEC-11,KG7QEC-11,35(8/17),0,/,KG7QEC-11,/O,47.607667,-122.540333,0.0,0.0,94.2,,,,"Generic, (obsolete. Digis should use APNxxx instead)",,,/TA=21.44/TB=23.81/V=7496 BISEA
0,1653522061,2022-05-25T23:41:01Z,KG7QEC-11,KG7QEC-11,35(8/16),0,/,KG7QEC-11,/O,47.607667,-122.540333,0.0,0.0,94.2,,,,"Generic, (obsolete. Digis should use APNxxx instead)",,,/TA=21.25/TB=23.81/V=7476 BISEA
0,1653522076,2022-05-25T23:41:16Z,KG7QEC-11,KG7QEC-11,35(9/17),0,/,KG7QEC-11,/O,47.607667,-122.540333,0.0,0.0,94.2,,,,"Generic, (obsolete. Digis should use APNxxx instead)",,,/TA=21.31/TB=23.69/V=7476 BISEA
0,1653522091,2022-05-25T23:41:31Z,KG7QEC-11,KG7QEC-11,34(9/17),0,/,KG7QEC-11,/O,47.607667,-122.540333,0.0,0.0,94.2,,,,"Generic, (obsolete. Digis should use APNxxx instead)",,,/TA=21.69/TB=23.81/V=7496 BISEA
0,1653522094,2022-05-25T23:41:34Z,W7NWP-9,ERINB?,61(26/27),0,',W7NWP-9,/>,47.680167,-122.179833,0.0,,,,,,Kenwood TM-D700,Special,,http://othernet.is nwaprs
0,1653522097,2022-05-25T23:41:37Z,KF7ZJH,VCAPK?,43(13/21),0,`,KF7ZJH,/>,46.865833,-122.970833,62.0,192.0,,,,,Kenwood TH-D74,En Route,,
0,1653522099,2022-05-25T23:41:39Z,KF7ZJH,JUPITR,76(23/18),0,`,KF7ZJH,/>,46.865833,-122.970833,62.0,192.0,,,,,Kenwood TH-D74,En Route,,
0,1653522106,2022-05-25T23:41:46Z,KG7QEC-11,KG7QEC-11,34(9/17),0,/,KG7QEC-11,/O,47.607500,-122.540500,0.0,0.0,94.2,,,,"Generic, (obsolete. Digis should use APNxxx instead)",,,/TA=21.56/TB=23.81/V=7516 BISEA
0,1653522110,2022-05-25T23:41:50Z,DGDAVE,VCAPK,43(12/21),0,>,DGDAVE,/ ,,,,,,,,,,,,"DIGI_NED: digipeater W7AUW in S.E. Hoquiam, Wa."
0,1653522112,2022-05-25T23:41:52Z,NG7N,ERINB?,61(25/28),0,@,NG7N,/_,47.651667,-122.405333,,,,,,,"Generic, (obsolete. Digis should use APNxxx instead)",,,
0,1653522119,2022-05-25T23:41:59Z,K7BLS-4,ERINB?,60(26/27),0,},K7BLS-4,/b,,,,,,,,,"Generic, (obsolete. Digis should use APNxxx instead)",,,
0,1653522121,2022-05-25T23:42:01Z,KG7QEC-11,KG7QEC-11,34(9/16),0,/,KG7QEC-11,/O,47.607500,-122.540333,0.0,0.0,94.2,,,,"Generic, (obsolete. Digis should use APNxxx instead)",,,/TA=21.50/TB=23.81/V=7476 BISEA
0,1653522126,2022-05-25T23:42:06Z,ERINB,ERINB,60(26/27),0,$,ERINB,/ ,,,,,,,,,"Generic, (obsolete. Digis should use APNxxx instead)",,,
0,1653522127,2022-05-25T23:42:07Z,ERINB,JUPITR,69(29/27),0,$,ERINB,/ ,,,,,,,,,"Generic, (obsolete. Digis should use APNxxx instead)",,,
0,1653522136,2022-05-25T23:42:16Z,KG7QEC-11,KG7QEC-11,35(9/16),0,/,KG7QEC-11,/O,47.607667,-122.540333,0.0,0.0,94.2,,,,"Generic, (obsolete. Digis should use APNxxx instead)",,,/TA=21.56/TB=23.75/V=7476 BISEA
0,1653522151,2022-05-25T23:42:31Z,KG7QEC-11,KG7QEC-11,35(9/17),0,/,KG7QEC-11,/O,47.607667,-122.540333,0.0,0.0,94.2,,,,"Generic, (obsolete. Digis should use APNxxx instead)",,,/TA=21.69/TB=23.81/V=7516 BISEA
0,1653522158,2022-05-25T23:42:38Z,VA7MAS,ERINB?,60(26/26),0,`,VA7MAS,/>,48.465592,-123.389687,0.0,6.0,43.0,,,,Byonics TinyTrack3,In Service,"Seq=374, A1=433, A2=625",
0,1653522165,2022-05-25T23:42:45Z,KF7ZJH,VCAPK?,41(12/20),0,`,KF7ZJH,/>,46.847167,-122.980333,63.0,202.0,,,,,Kenwood TH-D74,En Route,,
0,1653522181,2022-05-25T23:43:01Z,KG7QEC-11,KG7QEC-11,35(9/16),0,/,KG7QEC-11,/O,47.607667,-122.540500,0.0,0.0,94.2,,,,"Generic, (obsolete. Digis should use APNxxx instead)",,,/TA=21.88/TB=23.88/V=7476 BISEA
0,1653522182,2022-05-25T23:43:02Z,N7NIX-4,ERINB?,54(23/24),0,},N7NIX-4,/b,,,,,,,,,"Generic, (obsolete. Digis should use APNxxx instead)",,,
0,1653522185,2022-05-25T23:43:05Z,N7NIX-4,ERINB?,60(26/27),0,},N7NIX-4,/b,,,,,,,,,"Generic, (obsolete. Digis should use APNxxx instead)",,,
0,1653522196,2022-05-25T23:43:16Z,KG7QEC-11,KG7QEC-11,35(9/17),0,/,KG7QEC-11,/O,47.607667,-122.540500,0.0,0.0,94.2,,,,"Generic, (obsolete. Digis should use APNxxx instead)",,,/TA=21.75/TB=23.88/V=7476 BISEA
0,1653522211,2022-05-25T23:43:31Z,KG7QEC-11,KG7QEC-11,35(9/17),0,/,KG7QEC-11,/O,47.607667,-122.540500,0.0,0.0,94.2,,,,"Generic, (obsolete. Digis should use APNxxx instead)",,,/TA=22.13/TB=23.94/V=7496 BISEA
0,1653522216,2022-05-25T23:43:36Z,W7NWP-9,ERINB?,61(26/28),0,`,W7NWP-9,/>,47.679333,-122.171167,24.0,89.0,107.0,,,,Kenwood TM-D700,Special,,
0,1653522226,2022-05-25T23:43:46Z,KG7QEC-11,KG7QEC-11,35(9/17),0,/,KG7QEC-11,/O,47.607667,-122.540333,0.0,0.0,94.2,,,,"Generic, (obsolete. Digis should use APNxxx instead)",,,/TA=21.94/TB=23.94/V=7496 BISEA
0,1653522232,2022-05-25T23:43:52Z,W7ALY,SOMTN?,74(32/32),0,`,W7ALY,YY,48.255333,-122.127500,0.0,265.0,84.0,,,,Mic-Emsg,In Service,,_1
0,1653522241,2022-05-25T23:44:01Z,KG7QEC-11,KG7QEC-11,35(9/16),0,/,KG7QEC-11,/O,47.607667,-122.540500,0.0,0.0,94.2,,,,"Generic, (obsolete. Digis should use APNxxx instead)",,,/TA=21.88/TB=23.94/V=7476 BISEA
0,1653522247,2022-05-25T23:44:07Z,K7BLS-4,ERINB?,60(26/27),0,},K7BLS-4,/b,,,,,,,,,"Generic, (obsolete. Digis should use APNxxx instead)",,,
0,1653522256,2022-05-25T23:44:16Z,KG7QEC-11,KG7QEC-11,36(9/16),0,/,KG7QEC-11,/O,47.607500,-122.540500,0.0,0.0,94.2,,,,"Generic, (obsolete. Digis should use APNxxx instead)",,,/TA=21.81/TB=24.00/V=7476 BISEA
0,1653522265,2022-05-25T23:44:25Z,K7BLS-4,ERINB?,60(26/27),0,},K7BLS-4,/b,,,,,,,,,"Generic, (obsolete. Digis should use APNxxx instead)",,,
0,1653522271,2022-05-25T23:44:31Z,KG7QEC-11,KG7QEC-11,35(9/16),0,/,KG7QEC-11,/O,47.607500,-122.540500,0.0,0.0,93.9,,,,"Generic, (obsolete. Digis should use APNxxx instead)",,,/TA=21.88/TB=24.00/V=7496 BISEA
0,1653522286,2022-05-25T23:44:46Z,KG7QEC-11,KG7QEC-11,35(9/17),0,/,KG7QEC-11,/O,47.607500,-122.540500,0.0,0.0,94.2,,,,"Generic, (obsolete. Digis should use APNxxx instead)",,,/TA=21.94/TB=24.00/V=7496 BISEA
0,1653522296,2022-05-25T23:44:56Z,W7OMR,JUPITR,68(30/26),0,`,W7OMR,/k,47.576000,-122.667333,0.0,165.0,54.0,,,,Unknown manufacturer,En Route,,12.8V
0,1653522299,2022-05-25T23:44:59Z,BALDI,BALDI,59(25/28),0,!,BALDI,/_,47.218833,-121.843500,,,,,,,Open Track,,,
0,1653522308,2022-05-25T23:45:08Z,VA7WPT-9,ERINB?,60(26/27),0,`,VA7WPT-9,/p,48.443667,-123.497833,402.0,22.0,726.0,146.520,,,Unknown manufacturer,In Service,,Try me on 146.520
0,1653522314,2022-05-25T23:45:14Z,N7NIX-4,ERINB?,61(26/27),0,},N7NIX-4,/b,,,,,,,,,"Generic, (obsolete. Digis should use APNxxx instead)",,,
0,1653522316,2022-05-25T23:45:16Z,KG7QEC-11,KG7QEC-11,35(9/17),0,/,KG7QEC-11,/O,47.607667,-122.540333,1.0,0.0,94.5,,,,"Generic, (obsolete. Digis should use APNxxx instead)",,,/TA=22.00/TB=24.00/V=7536 BISEA
0,1653522331,2022-05-25T23:45:31Z,KG7QEC-11,KG7QEC-11,36(9/17),0,/,KG7QEC-11,/O,47.607667,-122.540333,0.0,0.0,94.8,,,,"Generic, (obsolete. Digis should use APNxxx instead)",,,/TA=22.06/TB=24.00/V=7556 BISEA
0,1653522346,2022-05-25T23:45:46Z,KG7QEC-11,KG7QEC-11,36(9/17),0,/,KG7QEC-11,/O,47.607667,-122.540333,0.0,0.0,94.8,,,,"Generic, (obsolete. Digis should use APNxxx instead)",,,/TA=22.00/TB=24.00/V=7556 BISEA
0,1653522349,2022-05-25T23:45:49Z,JUPITR,JUPITR,65(28/25),0,!,JUPITR,B#,47.695000,-122.967500,,,,,,,Kantronics KPC-3 rom versions,,, MT. JUPITER K7IDX
0,1653522359,2022-05-25T23:45:59Z,K7BLS-4,ERINB?,59(26/27),0,},K7BLS-4,/b,,,,,,,,,"Generic, (obsolete. Digis should use APNxxx instead)",,,
0,1653522361,2022-05-25T23:46:01Z,KG7QEC-11,KG7QEC-11,35(9/17),0,/,KG7QEC-11,/O,47.607667,-122.540333,0.0,0.0,94.8,,,,"Generic, (obsolete. Digis should use APNxxx instead)",,,/TA=21.94/TB=24.06/V=7572 BISEA
0,1653522369,2022-05-25T23:46:09Z,KF7ZJH,VCAPK?,42(13/20),0,`,KF7ZJH,/>,46.793167,-123.010167,58.0,166.0,,,,,Kenwood TH-D74,En Route,,
0,1653522370,2022-05-25T23:46:10Z,KF7ZJH,JUPITR,60(27/22),0,`,KF7ZJH,/>,46.793167,-123.010167,58.0,166.0,,,,,Kenwood TH-D74,En Route,,
0,1653522373,2022-05-25T23:46:13Z,ERINB,ERINB,60(25/27),0,$,ERINB,/ ,,,,,,,,,Kantronics KPC-3 rom versions,,,
0,1653522376,2022-05-25T23:46:16Z,KG7QEC-11,KG7QEC-11,36(9/16),0,/,KG7QEC-11,/O,47.607667,-122.540500,1.0,0.0,94.8,,,,"Generic, (obsolete. Digis should use APNxxx instead)",,,/TA=21.88/TB=24.00/V=7572 BISEA
0,1653522379,2022-05-25T23:46:19Z,N7LOL-7,VCAPK?,42(13/21),0,`,N7LOL-7,/>,46.970167,-123.804333,17.0,76.0,13.0,,,,Unknown manufacturer,Off Duty,,
0,1653522380,2022-05-25T23:46:20Z,N7LOL-7,JUPITR,71(24/18),0,`,N7LOL-7,/>,46.970167,-123.804333,17.0,76.0,13.0,,,,Unknown manufacturer,Off Duty,,
0,1653522391,2022-05-25T23:46:31Z,KG7QEC-11,KG7QEC-11,36(9/16),0,/,KG7QEC-11,/O,47.607667,-122.540500,0.0,0.0,94.8,,,,"Generic, (obsolete. Digis should use APNxxx instead)",,,/TA=21.94/TB=24.00/V=7516 BISEA
0,1653522394,2022-05-25T23:46:34Z,KG7QEC,KG7QEC,183(102/99),0,!,KG7QEC,/O,47.613167,-122.336833,,,,,,,PinPoint by AB0WV,,,PinPoint v2
0,1653522400,2022-05-25T23:46:40Z,KJ7PKU-9,JUPITR,68(31/25),0,`,KJ7PKU-9,/>,47.599333,-122.323833,0.0,336.0,-21.0,146.960,-600,103.5,Yaesu FTM-400DR,In Service,, pokeyz ftm-400-xdr
0,1653522403,2022-05-25T23:46:43Z,JUPITR,JUPITR,69(31/24),0,M,JUPITR,/ ,,,,,,,,,,,,
0,1653522404,2022-05-25T23:46:44Z,JUPITR,ERINB,61(26/27),0,M,JUPITR,/ ,,,,,,,,,,,,
0,1653522408,2022-05-25T23:46:48Z,AF7WE-9,SOMTN?,78(33/32),0,`,AF7WE-9,/>,47.388667,-122.592833,3.0,161.0,100.0,,,,Kenwood TM-D710,In Service,,
0,1653522411,2022-05-25T23:46:51Z,KG7SON-9,KG7SON-9,46(18/21),0,`,KG7SON-9,/v,47.621500,-122.616333,0.0,,110.0,146.520,,,Kenwood TM-D710,En Route,,MONITORING 146.520
0,1653522425,2022-05-25T23:47:05Z,KU7M-9,JUPITR,70(31/25),0,',KU7M-9,/j,47.589500,-122.269667,54.0,91.0,10.0,,,,Kenwood TM-D700,En Route,,Off to work I go....
0,1653522429,2022-05-25T23:47:09Z,KJ7PKU-9,JUPITR,69(29/25),0,`,KJ7PKU-9,/>,47.599000,-122.322833,5.0,93.0,12.0,146.960,-600,103.5,Yaesu FTM-400DR,In Service,, pokeyz ftm-400-xdr
0,1653522436,2022-05-25T23:47:16Z,KG7QEC-11,KG7QEC-11,36(9/17),0,/,KG7QEC-11,/O,47.607667,-122.540333,0.0,0.0,96.9,,,,"Generic, (obsolete. Digis should use APNxxx instead)",,,/TA=21.94/TB=24.13/V=7633 BISEA
0,1653522445,2022-05-25T23:47:25Z,KF7ZJH,VCAPK?,41(12/20),0,`,KF7ZJH,/>,46.774833,-122.998833,63.0,157.0,,,,,Kenwood TH-D74,En Route,,
0,1653522451,2022-05-25T23:47:31Z,KG7QEC-11,KG7QEC-11,36(9/17),0,/,KG7QEC-11,/O,47.607667,-122.540333,0.0,0.0,96.9,,,,"Generic, (obsolete. Digis should use APNxxx instead)",,,/TA=21.81/TB=24.13/V=7633 BISEA
0,1653522466,2022-05-25T23:47:46Z,KG7QEC-11,KG7QEC-11,36(9/17),0,/,KG7QEC-11,/O,47.607667,-122.540333,0.0,0.0,97.2,,,,"Generic, (obsolete. Digis should use APNxxx instead)",,,/TA=21.69/TB=24.19/V=7536 BISEA
0,1653522481,2022-05-25T23:48:01Z,KG7QEC-11,KG7QEC-11,36(9/17),0,/,KG7QEC-11,/O,47.607667,-122.540333,0.0,0.0,97.2,,,,"Generic, (obsolete. Digis should use APNxxx instead)",,,/TA=21.63/TB=24.13/V=7516 BISEA
0,1653522484,2022-05-25T23:48:04Z,ERINB,ERINB,60(26/27),0,!,ERINB,/_,47.667333,-122.928667,,,,,,,Kantronics KPC-3 rom versions,,,
0,1653522496,2022-05-25T23:48:16Z,KG7QEC-11,KG7QEC-11,36(9/17),0,/,KG7QEC-11,/O,47.607667,-122.540500,0.0,0.0,97.2,,,,"Generic, (obsolete. Digis should use APNxxx instead)",,,/TA=21.63/TB=24.13/V=7536 BISEA
0,1653522499,2022-05-25T23:48:19Z,SOMTN,ERINB?,63(25/27),0,!,SOMTN,S#,47.316167,-123.357833,,,,,,,Kantronics KPC-3 rom versions,,,"/W2,WAn South Mtn KB7UVC"
0,1653522509,2022-05-25T23:48:29Z,KF7ZJH,VCAPK?,42(13/20),0,`,KF7ZJH,/>,46.755667,-122.987167,60.0,157.0,,,,,Kenwood TH-D74,En Route,,
0,1653522531,2022-05-25T23:48:51Z,K7BLS-4,ERINB?,60(25/27),0,},K7BLS-4,/b,,,,,,,,,"Generic, (obsolete. Digis should use APNxxx instead)",,,
0,1653522534,2022-05-25T23:48:54Z,JUPITR,JUPITR,69(31/25),0,J,JUPITR,/ ,,,,,,,,,,,,
0,1653522538,2022-05-25T23:48:58Z,W7PFR-1,W7PFR-1,44(11/21),0,!,W7PFR-1,S#,46.839500,-122.258333,,,,,,,Kantronics KPC-3 rom versions,,," W2,SSn-N,Eatonville/Pack Forest W7PFR "
0,1653522541,2022-05-25T23:49:01Z,KG7QEC-11,KG7QEC-11,36(9/16),0,/,KG7QEC-11,/O,47.607667,-122.540333,0.0,0.0,97.2,,,,"Generic, (obsolete. Digis should use APNxxx instead)",,,/TA=21.69/TB=24.19/V=7516 BISEA
0,1653522552,2022-05-25T23:49:12Z,K7BLS-4,ERINB?,60(25/27),0,},K7BLS-4,/b,,,,,,,,,"Generic, (obsolete. Digis should use APNxxx instead)",,,
0,1653522556,2022-05-25T23:49:16Z,KG7QEC-11,KG7QEC-11,35(9/16),0,/,KG7QEC-11,/O,47.607667,-122.540333,0.0,0.0,97.2,,,,"Generic, (obsolete. Digis should use APNxxx instead)",,,/TA=21.69/TB=24.25/V=7593 BISEA
0,1653522559,2022-05-25T23:49:19Z,KJ7PKU-9,JUPITR,60(27/22),0,`,KJ7PKU-9,/>,47.596833,-122.312333,15.0,155.0,19.0,146.960,-600,103.5,Yaesu FTM-400DR,In Service,, pokeyz ftm-400-xdr
0,1653522571,2022-05-25T23:49:31Z,KG7QEC-11,KG7QEC-11,36(9/17),0,/,KG7QEC-11,/O,47.607667,-122.540333,0.0,0.0,97.2,,,,"Generic, (obsolete. Digis should use APNxxx instead)",,,/TA=21.75/TB=24.25/V=7536 BISEA
0,1653522589,2022-05-25T23:49:49Z,KF7ZJH,VCAPK?,42(13/19),0,`,KF7ZJH,/>,46.736500,-122.975333,55.0,172.0,,,,,Kenwood TH-D74,En Route,,
0,1653522590,2022-05-25T23:49:50Z,KF7ZJH,JUPITR,56(26/21),0,`,KF7ZJH,/>,46.736500,-122.975333,55.0,172.0,,,,,Kenwood TH-D74,En Route,,
0,1653522595,2022-05-25T23:49:55Z,VE7XPL-9,ERINB?,61(26/27),0,`,VE7XPL-9,/>,48.411667,-123.374833,0.0,170.0,70.0,,,,Yaesu FT1D,In Service,,Keep Exploring!
0,1653522600,2022-05-25T23:50:00Z,MAPLE,ERINB?,61(26/27),0,;,440.8900M,/N,51.931632,-96.337714,,,4.0,440.890,,,,,,205.36WI440.800MHz_T000 T000 - R20m Maple Heights
0,1653522607,2022-05-25T23:50:07Z,K7BLS-4,ERINB?,60(26/26),0,},K7BLS-4,/b,,,,,,,,,"Generic, (obsolete. Digis should use APNxxx instead)",,,
0,1653522616,2022-05-25T23:50:16Z,KG7QEC-11,KG7QEC-11,36(9/16),0,/,KG7QEC-11,/O,47.607667,-122.540333,0.0,0.0,97.8,,,,"Generic, (obsolete. Digis should use APNxxx instead)",,,/TA=21.69/TB=24.38/V=7536 BISEA
0,1653522621,2022-05-25T23:50:21Z,W7NWP-9,JUPITR,70(29/27),0,`,W7NWP-9,/>,47.675000,-122.139167,33.0,91.0,66.0,,,,Kenwood TM-D700,Special,,http://othernet.is nwaprs
0,1653522631,2022-05-25T23:50:31Z,KG7QEC-11,KG7QEC-11,36(9/18),0,/,KG7QEC-11,/O,47.607667,-122.540333,0.0,0.0,97.5,,,,"Generic, (obsolete. Digis should use APNxxx instead)",,,/TA=21.81/TB=24.31/V=7572 BISEA
0,1653522636,2022-05-25T23:50:36Z,VA7MAS,ERINB?,61(26/27),0,`,VA7MAS,/>,48.465626,-123.389606,0.0,17.0,35.0,,,,Byonics TinyTrack3,In Service,"Seq=378, A1=433, A2=624",
0,1653522646,2022-05-25T23:50:46Z,KG7QEC-11,KG7QEC-11,36(9/17),0,/,KG7QEC-11,/O,47.607667,-122.540333,0.0,0.0,97.5,,,,"Generic, (obsolete. Digis should use APNxxx instead)",,,/TA=21.69/TB=24.31/V=7516 BISEA
0,1653522650,2022-05-25T23:50:50Z,KJ7PKU-9,JUPITR,70(32/25),0,`,KJ7PKU-9,/>,47.596500,-122.314333,5.0,226.0,16.0,146.960,-600,103.5,Yaesu FTM-400DR,In Service,, pokeyz ftm-400-xdr
0,1653522656,2022-05-25T23:50:56Z,VE7XPL-9,ERINB?,60(26/27),0,`,VE7XPL-9,/>,48.411667,-123.374833,0.0,170.0,71.0,,,,Yaesu FT1D,In Service,,Keep Exploring!
0,1653522661,2022-05-25T23:51:01Z,KG7QEC-11,KG7QEC-11,36(9/16),0,/,KG7QEC-11,/O,47.607667,-122.540333,0.0,0.0,97.5,,,,"Generic, (obsolete. Digis should use APNxxx instead)",,,/TA=21.63/TB=24.31/V=7572 BISEA
0,1653522676,2022-05-25T23:51:16Z,KG7QEC-11,KG7QEC-11,36(9/17),0,/,KG7QEC-11,/O,47.607667,-122.540333,0.0,0.0,98.1,,,,"Generic, (obsolete. Digis should use APNxxx instead)",,,/TA=21.63/TB=24.31/V=7516 BISEA
0,1653522691,2022-05-25T23:51:31Z,KG7QEC-11,KG7QEC-11,35(9/18),0,/,KG7QEC-11,/O,47.607667,-122.540333,0.0,0.0,98.1,,,,"Generic, (obsolete. Digis should use APNxxx instead)",,,/TA=21.63/TB=24.38/V=7556 BISEA
0,1653522697,2022-05-25T23:51:37Z,ERINB,ERINB,60(26/26),0,>,ERINB,/ ,,,,,,,,,,,,Duckabush Valley on OIDARHILL
0,1653522706,2022-05-25T23:51:46Z,KG7QEC-11,KG7QEC-11,36(9/17),0,/,KG7QEC-11,/O,47.607667,-122.540333,2.0,0.0,98.1,,,,"Generic, (obsolete. Digis should use APNxxx instead)",,,/TA=21.63/TB=24.38/V=7572 BISEA
0,1653522714,2022-05-25T23:51:54Z,DGDAVE,VCAPK,42(12/20),0,>,DGDAVE,/ ,,,,,,,,,,,,"DIGI_NED: digipeater W7AUW in S.E. Hoquiam, Wa."
0,1653522716,2022-05-25T23:51:56Z,DGDAVE,VCAPK,41(13/21),0,=,DGDAVE,D#,46.972833,-123.868667,,,,,,,DIGI_NED,,,"/DIGI_NED:UBUNTU/LINUX for info, ke7auw @ yahoo dot com"
0,1653522722,2022-05-25T23:52:02Z,KG7QEC-11,KG7QEC-11,36(9/16),0,/,KG7QEC-11,/O,47.607500,-122.540500,2.0,0.0,98.1,,,,"Generic, (obsolete. Digis should use APNxxx instead)",,,/TA=21.63/TB=24.31/V=7516 BISEA
0,1653522724,2022-05-25T23:52:04Z,ERINB,ERINB,59(24/26),0,$,ERINB,/ ,,,,,,,,,"Generic, (obsolete. Digis should use APNxxx instead)",,,
0,1653522724,2022-05-25T23:52:04Z,ERINB,JUPITR,67(28/27),0,$,ERINB,/ ,,,,,,,,,"Generic, (obsolete. Digis should use APNxxx instead)",,,
0,1653522727,2022-05-25T23:52:07Z,N7LOL-7,VCAPK?,42(13/20),0,`,N7LOL-7,/>,46.951000,-123.777833,14.0,107.0,44.0,,,,Unknown manufacturer,Off Duty,,
0,1653522747,2022-05-25T23:52:27Z,N7LOL-7,SOMTN?,76(31/32),0,`,N7LOL-7,/>,46.950500,-123.775167,17.0,155.0,46.0,,,,Unknown manufacturer,Off Duty,,
0,1653522751,2022-05-25T23:52:31Z,KG7QEC-11,KG7QEC-11,34(9/17),0,/,KG7QEC-11,/O,47.607500,-122.540500,1.0,0.0,98.5,,,,"Generic, (obsolete. Digis should use APNxxx instead)",,,/TA=21.75/TB=24.38/V=7556 BISEA
0,1653522762,2022-05-25T23:52:42Z,N7LOL-7,VCAPK?,42(12/21),0,/,N7LOL-7,/>,46.949500,-123.775000,,,,,,,SQ3PLX http://microsat.com.pl/,,,APRS Voyager U=12.4V.
0,1653522766,2022-05-25T23:52:46Z,KG7QEC-11,KG7QEC-11,36(9/17),0,/,KG7QEC-11,/O,47.607500,-122.540500,1.0,0.0,98.5,,,,"Generic, (obsolete. Digis should use APNxxx instead)",,,/TA=21.69/TB=24.44/V=7536 BISEA
0,1653522766,2022-05-25T23:52:46Z,K7BLS-4,ERINB?,61(26/27),0,},K7BLS-4,/b,,,,,,,,,"Generic, (obsolete. Digis should use APNxxx instead)",,,
0,1653522781,2022-05-25T23:53:01Z,KG7QEC-11,KG7QEC-11,36(9/18),0,/,KG7QEC-11,/O,47.607500,-122.540500,0.0,0.0,98.5,,,,"Generic, (obsolete. Digis should use APNxxx instead)",,,/TA=21.63/TB=24.44/V=7536 BISEA
0,1653522784,2022-05-25T23:53:04Z,N7NIX-4,W7PFR-1?,44(11/20),0,},N7NIX-4,/b,,,,,,,,,"Generic, (obsolete. Digis should use APNxxx instead)",,,
0,1653522794,2022-05-25T23:53:14Z,N7LOL-7,VCAPK?,42(13/21),0,`,N7LOL-7,/>,46.949000,-123.773000,6.0,176.0,34.0,,,,Unknown manufacturer,Off Duty,,
0,1653522796,2022-05-25T23:53:16Z,KG7QEC-11,KG7QEC-11,40(8/14),0,/,KG7QEC-11,/O,47.607500,-122.540500,0.0,0.0,98.1,,,,"Generic, (obsolete. Digis should use APNxxx instead)",,,/TA=21.63/TB=24.44/V=7516 BISEA
0,1653522798,2022-05-25T23:53:18Z,W7AUW,VCAPK,41(13/20),0,=,W7AUW,/x,46.981333,-123.865833,,,,145.630,,,Xastir,,, LinuxXastir1.9.7IGATE145.63 W7AUW-2
0,1653522811,2022-05-25T23:53:31Z,KG7QEC-11,KG7QEC-11,36(9/17),0,/,KG7QEC-11,/O,47.607500,-122.540500,1.0,0.0,97.8,,,,"Generic, (obsolete. Digis should use APNxxx instead)",,,/TA=21.63/TB=24.44/V=7556 BISEA
0,1653522817,2022-05-25T23:53:37Z,K9JEB,JUPITR,67(31/25),0,=,K9JEB,/-,47.714500,-122.122000,,,,,,,Xastir,,,
0,1653522820,2022-05-25T23:53:40Z,W7NWP-9,JUPITR,61(27/22),0,`,W7NWP-9,/>,47.673500,-122.120500,1.0,120.0,6.0,,,,Kenwood TM-D700,Special,,
0,1653522826,2022-05-25T23:53:46Z,KG7QEC-11,KG7QEC-11,36(9/18),0,/,KG7QEC-11,/O,47.607667,-122.540333,0.0,0.0,98.1,,,,"Generic, (obsolete. Digis should use APNxxx instead)",,,/TA=21.50/TB=24.50/V=7572 BISEA
0,1653522837,2022-05-25T23:53:57Z,KG7SON-9,KG7SON-9,46(17/21),0,`,KG7SON-9,/v,47.621500,-122.616333,5.0,14.0,111.0,146.520,,,Kenwood TM-D710,En Route,,MONITORING 146.520
0,1653522851,2022-05-25T23:54:11Z,WW7RA,ERINB,61(25/27),0,!,WW7RA,/ ,,,,,,,,,"Generic, (obsolete. Digis should use APNxxx instead)",,,
0,1653522854,2022-05-25T23:54:14Z,VA7WPT-9,ERINB?,61(26/27),0,`,VA7WPT-9,/p,48.409167,-123.480500,83.0,3.0,202.0,146.520,,,Unknown manufacturer,In Service,,Try me on 146.520
0,1653522861,2022-05-25T23:54:21Z,W7ION,JUPITR,68(31/25),0,;,W7ION-7,/>,0.000000,-0.000000,,,,,,,Kenwood TH-D74,,,moving
0,1653522867,2022-05-25T23:54:27Z,VCAPK,VCAPK,42(12/20),0,@,VCAPK,N9,61.952413,-119.645873,1.3,216.0,,,,,SQ3PLX http://microsat.com.pl/,,,ello from Capitol Peak (K7CPR)
0,1653522871,2022-05-25T23:54:31Z,KG7QEC-11,KG7QEC-11,39(8/14),0,/,KG7QEC-11,/O,47.607667,-122.540333,0.0,0.0,98.5,,,,"Generic, (obsolete. Digis should use APNxxx instead)",,,/TA=21.44/TB=24.50/V=7516 BISEA
0,1653522877,2022-05-25T23:54:37Z,K7BLS-4,ERINB?,60(26/27),0,},K7BLS-4,/b,,,,,,,,,"Generic, (obsolete. Digis should use APNxxx instead)",,,
0,1653522886,2022-05-25T23:54:46Z,KG7QEC-11,KG7QEC-11,36(9/17),0,/,KG7QEC-11,/O,47.607500,-122.540333,0.0,0.0,98.5,,,,"Generic, (obsolete. Digis should use APNxxx instead)",,,/TA=21.44/TB=24.56/V=7572 BISEA
0,1653522889,2022-05-25T23:54:49Z,KF7ZJH,VCAPK?,41(13/20),0,`,KF7ZJH,/>,46.678500,-122.975833,17.0,21.0,,,,,Kenwood TH-D74,En Route,,
0,1653522901,2022-05-25T23:55:01Z,KG7QEC-11,KG7QEC-11,36(9/17),0,/,KG7QEC-11,/O,47.607500,-122.540333,0.0,0.0,98.1,,,,"Generic, (obsolete. Digis should use APNxxx instead)",,,/TA=21.31/TB=24.50/V=7516 BISEA
0,1653522902,2022-05-25T23:55:02Z,BALDI,BALDI,52(21/25),0,!,BALDI,/_,47.218833,-121.843500,,,,,,,Open Track,,,
0,1653522916,2022-05-25T23:55:16Z,KG7QEC-11,KG7QEC-11,36(9/17),0,/,KG7QEC-11,/O,47.607500,-122.540333,0.0,0.0,96.9,,,,"Generic, (obsolete. Digis should use APNxxx instead)",,,/TA=21.31/TB=24.56/V=7536 BISEA
0,1653522928,2022-05-25T23:55:28Z,N7NIX-4,ERINB?,60(25/27),0,},N7NIX-4,/b,,,,,,,,,"Generic, (obsolete. Digis should use APNxxx instead)",,,
0,1653522931,2022-05-25T23:55:31Z,KG7QEC-11,KG7QEC-11,35(9/17),0,/,KG7QEC-11,/O,47.607500,-122.540333,0.0,0.0,97.5,,,,"Generic, (obsolete. Digis should use APNxxx instead)",,,/TA=21.31/TB=24.63/V=7516 BISEA
0,1653522933,2022-05-25T23:55:33Z,N7NIX-4,ERINB?,63(25/28),0,},N7NIX-4,/b,,,,,,,,,"Generic, (obsolete. Digis should use APNxxx instead)",,,
0,1653522936,2022-05-25T23:55:36Z,KJ7PKU-9,SOMTN?,71(29/30),0,`,KJ7PKU-9,/>,47.596333,-122.314333,8.0,179.0,18.0,146.960,-600,103.5,Yaesu FTM-400DR,In Service,, pokeyz ftm-400-xdr
0,1653522946,2022-05-25T23:55:46Z,KG7QEC-11,KG7QEC-11,36(9/18),0,/,KG7QEC-11,/O,47.607500,-122.540333,0.0,0.0,97.5,,,,"Generic, (obsolete. Digis should use APNxxx instead)",,,/TA=21.25/TB=24.63/V=7556 BISEA
0,1653522949,2022-05-25T23:55:49Z,K7BLS-4,ERINB?,61(25/28),0,},K7BLS-4,/b,,,,,,,,,"Generic, (obsolete. Digis should use APNxxx instead)",,,
