chan,utime,isotime,source,heard,level,error,dti,name,symbol,latitude,longitude,speed,course,altitude,frequency,offset,tone,system,status,telemetry,comment
0,1651355115,2022-04-30T21:45:15Z,KG7QEC-11,KG7QEC-11,26(7/13),0,/,KG7QEC-11,/O,47.607667,-122.540500,0.0,0.0,33.2,,,,"Generic, (obsolete. Digis should use APNxxx instead)",,,/TA=20.88/TB=22.56/V=6589 BISEA
0,1651355130,2022-04-30T21:45:30Z,KG7QEC-11,KG7QEC-11,30(8/13),0,/,KG7QEC-11,/O,47.607667,-122.540667,3.0,39.0,29.0,,,,"Generic, (obsolete. Digis should use APNxxx instead)",,,/TA=21.25/TB=22.56/V=6569 BISEA
0,1651355145,2022-04-30T21:45:45Z,KG7QEC-11,KG7QEC-11,72(18/36),0,/,KG7QEC-11,/O,47.607667,-122.540500,0.0,0.0,46.0,,,,"Generic, (obsolete. Digis should use APNxxx instead)",,,/TA=21.13/TB=22.63/V=6569 BISEA
0,1651355160,2022-04-30T21:46:00Z,KG7QEC-11,KG7QEC-11,73(18/34),0,/,KG7QEC-11,/O,47.607667,-122.540500,0.0,0.0,52.1,,,,"Generic, (obsolete. Digis should use APNxxx instead)",,,/TA=21.31/TB=22.69/V=6589 BISEA
0,1651355175,2022-04-30T21:46:15Z,KG7QEC-11,KG7QEC-11,72(18/36),0,/,KG7QEC-11,/O,47.607667,-122.540500,0.0,0.0,52.7,,,,"Generic, (obsolete. Digis should use APNxxx instead)",,,/TA=21.44/TB=22.75/V=6589 BISEA
0,1651355190,2022-04-30T21:46:30Z,KG7QEC-11,KG7QEC-11,72(19/35),0,/,KG7QEC-11,/O,47.607667,-122.540500,0.0,0.0,54.3,,,,"Generic, (obsolete. Digis should use APNxxx instead)",,,/TA=21.44/TB=22.81/V=6569 BISEA
0,1651355205,2022-04-30T21:46:45Z,KG7QEC-11,KG7QEC-11,73(18/36),0,/,KG7QEC-11,/O,47.607667,-122.540667,0.0,0.0,61.6,,,,"Generic, (obsolete. Digis should use APNxxx instead)",,,/TA=21.69/TB=22.81/V=6549 BISEA
0,1651355220,2022-04-30T21:47:00Z,KG7QEC-11,KG7QEC-11,71(18/36),0,/,KG7QEC-11,/O,47.607667,-122.540667,0.0,0.0,63.7,,,,"Generic, (obsolete. Digis should use APNxxx instead)",,,/TA=21.88/TB=22.88/V=6589 BISEA
0,1651355235,2022-04-30T21:47:15Z,KG7QEC-11,KG7QEC-11,71(19/33),0,/,KG7QEC-11,/O,47.607667,-122.540667,0.0,0.0,72.8,,,,"Generic, (obsolete. Digis should use APNxxx instead)",,,/TA=22.06/TB=22.94/V=6589 BISEA
0,1651355250,2022-04-30T21:47:30Z,KG7QEC-11,KG7QEC-11,74(18/34),0,/,KG7QEC-11,/O,47.607667,-122.540667,0.0,0.0,71.6,,,,"Generic, (obsolete. Digis should use APNxxx instead)",,,/TA=22.44/TB=23.00/V=6569 BISEA
0,1651355265,2022-04-30T21:47:45Z,KG7QEC-11,KG7QEC-11,72(19/36),0,/,KG7QEC-11,/O,47.607667,-122.540667,0.0,0.0,80.2,,,,"Generic, (obsolete. Digis should use APNxxx instead)",,,/TA=22.69/TB=23.06/V=6589 BISEA
0,1651355280,2022-04-30T21:48:00Z,KG7QEC-11,KG7QEC-11,72(19/36),0,/,KG7QEC-11,/O,47.607667,-122.540667,0.0,0.0,81.1,,,,"Generic, (obsolete. Digis should use APNxxx instead)",,,/TA=22.75/TB=23.13/V=6569 BISEA
0,1651355295,2022-04-30T21:48:15Z,KG7QEC-11,KG7QEC-11,72(19/35),0,/,KG7QEC-11,/O,47.607667,-122.540667,0.0,0.0,84.4,,,,"Generic, (obsolete. Digis should use APNxxx instead)",,,/TA=23.00/TB=23.19/V=6589 BISEA
0,1651355310,2022-04-30T21:48:30Z,KG7QEC-11,KG7QEC-11,73(18/36),0,/,KG7QEC-11,/O,47.607667,-122.540667,0.0,0.0,80.2,,,,"Generic, (obsolete. Digis should use APNxxx instead)",,,/TA=23.19/TB=23.25/V=6569 BISEA
0,1651355325,2022-04-30T21:48:45Z,KG7QEC-11,KG7QEC-11,72(19/34),0,/,KG7QEC-11,/O,47.607667,-122.540667,0.0,0.0,78.9,,,,"Generic, (obsolete. Digis should use APNxxx instead)",,,/TA=23.31/TB=23.31/V=6589 BISEA
0,1651355340,2022-04-30T21:49:00Z,KG7QEC-11,KG7QEC-11,72(19/33),0,/,KG7QEC-11,/O,47.607667,-122.540667,0.0,0.0,77.4,,,,"Generic, (obsolete. Digis should use APNxxx instead)",,,/TA=23.44/TB=23.38/V=6569 BISEA
0,1651355355,2022-04-30T21:49:15Z,KG7QEC-11,KG7QEC-11,72(18/36),0,/,KG7QEC-11,/O,47.607667,-122.540667,0.0,0.0,75.0,,,,"Generic, (obsolete. Digis should use APNxxx instead)",,,/TA=23.63/TB=23.44/V=6569 BISEA
0,1651355370,2022-04-30T21:49:30Z,KG7QEC-11,KG7QEC-11,72(19/34),0,/,KG7QEC-11,/O,47.607667,-122.540667,0.0,0.0,71.9,,,,"Generic, (obsolete. Digis should use APNxxx instead)",,,/TA=23.88/TB=23.50/V=6589 BISEA
0,1651355385,2022-04-30T21:49:45Z,KG7QEC-11,KG7QEC-11,72(19/33),0,/,KG7QEC-11,/O,47.607667,-122.540667,0.0,0.0,65.8,,,,"Generic, (obsolete. Digis should use APNxxx instead)",,,/TA=23.94/TB=23.56/V=6589 BISEA
0,1651355400,2022-04-30T21:50:00Z,KG7QEC-11,KG7QEC-11,71(18/35),0,/,KG7QEC-11,/O,47.607667,-122.540667,0.0,0.0,66.8,,,,"Generic, (obsolete. Digis should use APNxxx instead)",,,/TA=23.94/TB=23.69/V=6589 BISEA
0,1651355415,2022-04-30T21:50:15Z,KG7QEC-11,KG7QEC-11,73(19/35),0,/,KG7QEC-11,/O,47.607667,-122.540667,0.0,0.0,66.8,,,,"Generic, (obsolete. Digis should use APNxxx instead)",,,/TA=23.75/TB=23.75/V=6569 BISEA
0,1651355430,2022-04-30T21:50:30Z,KG7QEC-11,KG7QEC-11,72(19/36),0,/,KG7QEC-11,/O,47.607500,-122.540667,0.0,0.0,69.5,,,,"Generic, (obsolete. Digis should use APNxxx instead)",,,/TA=23.75/TB=23.75/V=6589 BISEA
0,1651355445,2022-04-30T21:50:45Z,KG7QEC-11,KG7QEC-11,73(19/32),0,/,KG7QEC-11,/O,47.607667,-122.540667,0.0,0.0,70.7,,,,"Generic, (obsolete. Digis should use APNxxx instead)",,,/TA=23.94/TB=23.81/V=6589 BISEA
0,1651355460,2022-04-30T21:51:00Z,KG7QEC-11,KG7QEC-11,73(19/34),0,/,KG7QEC-11,/O,47.607667,-122.540667,0.0,0.0,72.8,,,,"Generic, (obsolete. Digis should use APNxxx instead)",,,/TA=24.19/TB=23.94/V=6589 BISEA
0,1651355475,2022-04-30T21:51:15Z,KG7QEC-11,KG7QEC-11,73(18/36),0,/,KG7QEC-11,/O,47.607667,-122.540667,0.0,0.0,69.5,,,,"Generic, (obsolete. Digis should use APNxxx instead)",,,/TA=24.25/TB=23.94/V=6569 BISEA
0,1651355490,2022-04-30T21:51:30Z,KG7QEC-11,KG7QEC-11,73(18/33),0,/,KG7QEC-11,/O,47.607667,-122.540667,0.0,0.0,68.3,,,,"Generic, (obsolete. Digis should use APNxxx instead)",,,/TA=24.31/TB=24.00/V=6569 BISEA
0,1651355505,2022-04-30T21:51:45Z,KG7QEC-11,KG7QEC-11,72(18/33),0,/,KG7QEC-11,/O,47.607667,-122.540667,0.0,0.0,67.7,,,,"Generic, (obsolete. Digis should use APNxxx instead)",,,/TA=24.06/TB=24.06/V=6589 BISEA
0,1651355520,2022-04-30T21:52:00Z,KG7QEC-11,KG7QEC-11,72(19/32),0,/,KG7QEC-11,/O,47.607667,-122.540667,0.0,0.0,69.5,,,,"Generic, (obsolete. Digis should use APNxxx instead)",,,/TA=23.88/TB=24.13/V=6569 BISEA
0,1651355535,2022-04-30T21:52:15Z,KG7QEC-11,KG7QEC-11,72(19/34),0,/,KG7QEC-11,/O,47.607667,-122.540667,0.0,0.0,68.6,,,,"Generic, (obsolete. Digis should use APNxxx instead)",,,/TA=23.94/TB=24.25/V=6589 BISEA
0,1651355550,2022-04-30T21:52:30Z,KG7QEC-11,KG7QEC-11,72(19/36),0,/,KG7QEC-11,/O,47.607667,-122.540667,0.0,0.0,68.9,,,,"Generic, (obsolete. Digis should use APNxxx instead)",,,/TA=24.00/TB=24.31/V=6589 BISEA
0,1651355565,2022-04-30T21:52:45Z,KG7QEC-11,KG7QEC-11,71(19/33),0,/,KG7QEC-11,/O,47.607667,-122.540667,0.0,0.0,71.6,,,,"Generic, (obsolete. Digis should use APNxxx instead)",,,/TA=24.19/TB=24.38/V=6589 BISEA
0,1651355580,2022-04-30T21:53:00Z,KG7QEC-11,KG7QEC-11,73(19/32),0,/,KG7QEC-11,/O,47.607667,-122.540667,0.0,0.0,70.7,,,,"Generic, (obsolete. Digis should use APNxxx instead)",,,/TA=24.38/TB=24.44/V=6569 BISEA
0,1651355595,2022-04-30T21:53:15Z,KG7QEC-11,KG7QEC-11,71(19/35),0,/,KG7QEC-11,/O,47.607667,-122.540667,0.0,0.0,63.4,,,,"Generic, (obsolete. Digis should use APNxxx instead)",,,/TA=24.06/TB=24.56/V=6569 BISEA
0,1651355610,2022-04-30T21:53:30Z,KG7QEC-11,KG7QEC-11,73(19/33),0,/,KG7QEC-11,/O,47.607667,-122.540667,0.0,0.0,63.7,,,,"Generic, (obsolete. Digis should use APNxxx instead)",,,/TA=23.63/TB=24.56/V=6589 BISEA
0,1651355625,2022-04-30T21:53:45Z,KG7QEC-11,KG7QEC-11,72(19/33),0,/,KG7QEC-11,/O,47.607667,-122.540667,0.0,0.0,61.0,,,,"Generic, (obsolete. Digis should use APNxxx instead)",,,/TA=23.56/TB=24.63/V=6569 BISEA
0,1651355640,2022-04-30T21:54:00Z,KG7QEC-11,KG7QEC-11,72(19/34),0,/,KG7QEC-11,/O,47.607667,-122.540667,0.0,0.0,62.5,,,,"Generic, (obsolete. Digis should use APNxxx instead)",,,/TA=23.94/TB=24.69/V=6569 BISEA
0,1651355655,2022-04-30T21:54:15Z,KG7QEC-11,KG7QEC-11,74(18/34),0,/,KG7QEC-11,/O,47.607667,-122.540667,0.0,0.0,66.4,,,,"Generic, (obsolete. Digis should use APNxxx instead)",,,/TA=24.25/TB=24.69/V=6569 BISEA
0,1651355670,2022-04-30T21:54:30Z,KG7QEC-11,KG7QEC-11,73(18/32),0,/,KG7QEC-11,/O,47.607667,-122.540667,0.0,0.0,65.5,,,,"Generic, (obsolete. Digis should use APNxxx instead)",,,/TA=24.31/TB=24.75/V=6569 BISEA
0,1651355685,2022-04-30T21:54:45Z,KG7QEC-11,KG7QEC-11,73(19/32),0,/,KG7QEC-11,/O,47.607667,-122.540667,0.0,0.0,62.8,,,,"Generic, (obsolete. Digis should use APNxxx instead)",,,/TA=24.56/TB=24.75/V=6589 BISEA
0,1651355700,2022-04-30T21:55:00Z,KG7QEC-11,KG7QEC-11,71(18/36),0,/,KG7QEC-11,/O,47.607667,-122.540667,0.0,0.0,63.4,,,,"Generic, (obsolete. Digis should use APNxxx instead)",,,/TA=25.00/TB=24.81/V=6569 BISEA
0,1651355715,2022-04-30T21:55:15Z,KG7QEC-11,KG7QEC-11,72(19/35),0,/,KG7QEC-11,/O,47.607667,-122.540667,0.0,0.0,67.1,,,,"Generic, (obsolete. Digis should use APNxxx instead)",,,/TA=25.13/TB=24.75/V=6569 BISEA
0,1651355730,2022-04-30T21:55:30Z,KG7QEC-11,KG7QEC-11,73(18/32),0,/,KG7QEC-11,/O,47.607667,-122.540667,0.0,0.0,69.5,,,,"Generic, (obsolete. Digis should use APNxxx instead)",,,/TA=25.25/TB=24.81/V=6569 BISEA
0,1651355745,2022-04-30T21:55:45Z,KG7QEC-11,KG7QEC-11,74(19/33),0,/,KG7QEC-11,/O,47.607667,-122.540667,0.0,0.0,68.0,,,,"Generic, (obsolete. Digis should use APNxxx instead)",,,/TA=24.94/TB=24.88/V=6569 BISEA
0,1651355760,2022-04-30T21:56:00Z,KG7QEC-11,KG7QEC-11,73(19/33),0,/,KG7QEC-11,/O,47.607667,-122.540667,0.0,0.0,64.0,,,,"Generic, (obsolete. Digis should use APNxxx instead)",,,/TA=25.31/TB=24.94/V=6569 BISEA
0,1651355775,2022-04-30T21:56:15Z,KG7QEC-11,KG7QEC-11,75(18/34),0,/,KG7QEC-11,/O,47.607667,-122.540667,0.0,0.0,63.4,,,,"Generic, (obsolete. Digis should use APNxxx instead)",,,/TA=25.38/TB=24.81/V=6589 BISEA
0,1651355790,2022-04-30T21:56:30Z,KG7QEC-11,KG7QEC-11,72(18/36),0,/,KG7QEC-11,/O,47.607667,-122.540667,1.0,0.0,63.1,,,,"Generic, (obsolete. Digis should use APNxxx instead)",,,/TA=25.13/TB=24.88/V=6569 BISEA
0,1651355805,2022-04-30T21:56:45Z,KG7QEC-11,KG7QEC-11,72(19/34),0,/,KG7QEC-11,/O,47.607667,-122.540667,0.0,0.0,60.0,,,,"Generic, (obsolete. Digis should use APNxxx instead)",,,/TA=25.06/TB=24.94/V=6569 BISEA
0,1651355820,2022-04-30T21:57:00Z,KG7QEC-11,KG7QEC-11,73(19/33),0,/,KG7QEC-11,/O,47.607667,-122.540667,0.0,0.0,62.5,,,,"Generic, (obsolete. Digis should use APNxxx instead)",,,/TA=25.31/TB=25.00/V=6589 BISEA
0,1651355835,2022-04-30T21:57:15Z,KG7QEC-11,KG7QEC-11,72(19/35),0,/,KG7QEC-11,/O,47.607667,-122.540667,0.0,0.0,63.4,,,,"Generic, (obsolete. Digis should use APNxxx instead)",,,/TA=25.44/TB=25.06/V=6589 BISEA
0,1651355850,2022-04-30T21:57:30Z,KG7QEC-11,KG7QEC-11,72(19/35),0,/,KG7QEC-11,/O,47.607667,-122.540667,0.0,0.0,65.2,,,,"Generic, (obsolete. Digis should use APNxxx instead)",,,/TA=25.63/TB=25.06/V=6589 BISEA
0,1651355865,2022-04-30T21:57:45Z,KG7QEC-11,KG7QEC-11,73(19/33),0,/,KG7QEC-11,/O,47.607667,-122.540667,0.0,0.0,68.0,,,,"Generic, (obsolete. Digis should use APNxxx instead)",,,/TA=25.63/TB=25.19/V=6569 BISEA
0,1651355880,2022-04-30T21:58:00Z,KG7QEC-11,KG7QEC-11,72(18/34),0,/,KG7QEC-11,/O,47.607667,-122.540667,0.0,0.0,67.7,,,,"Generic, (obsolete. Digis should use APNxxx instead)",,,/TA=25.88/TB=25.31/V=6569 BISEA
0,1651355895,2022-04-30T21:58:15Z,KG7QEC-11,KG7QEC-11,73(19/35),0,/,KG7QEC-11,/O,47.607667,-122.540667,0.0,0.0,66.8,,,,"Generic, (obsolete. Digis should use APNxxx instead)",,,/TA=26.25/TB=25.31/V=6569 BISEA
0,1651355910,2022-04-30T21:58:30Z,KG7QEC-11,KG7QEC-11,72(19/33),0,/,KG7QEC-11,/O,47.607667,-122.540667,0.0,0.0,69.5,,,,"Generic, (obsolete. Digis should use APNxxx instead)",,,/TA=26.38/TB=25.44/V=6569 BISEA
0,1651355925,2022-04-30T21:58:45Z,KG7QEC-11,KG7QEC-11,72(19/33),0,/,KG7QEC-11,/O,47.607667,-122.540667,0.0,0.0,71.0,,,,"Generic, (obsolete. Digis should use APNxxx instead)",,,/TA=26.38/TB=25.50/V=6569 BISEA
0,1651355940,2022-04-30T21:59:00Z,KG7QEC-11,KG7QEC-11,73(19/33),0,/,KG7QEC-11,/O,47.607667,-122.540667,0.0,0.0,70.4,,,,"Generic, (obsolete. Digis should use APNxxx instead)",,,/TA=26.69/TB=25.56/V=6569 BISEA
0,1651355955,2022-04-30T21:59:15Z,KG7QEC-11,KG7QEC-11,73(19/34),0,/,KG7QEC-11,/O,47.607667,-122.540667,1.0,0.0,70.1,,,,"Generic, (obsolete. Digis should use APNxxx instead)",,,/TA=26.31/TB=25.63/V=6569 BISEA
0,1651355970,2022-04-30T21:59:30Z,KG7QEC-11,KG7QEC-11,73(19/34),0,/,KG7QEC-11,/O,47.607667,-122.540667,0.0,0.0,69.5,,,,"Generic, (obsolete. Digis should use APNxxx instead)",,,/TA=26.19/TB=25.69/V=6569 BISEA
0,1651355985,2022-04-30T21:59:45Z,KG7QEC-11,KG7QEC-11,74(19/34),0,/,KG7QEC-11,/O,47.607667,-122.540667,0.0,0.0,66.8,,,,"Generic, (obsolete. Digis should use APNxxx instead)",,,/TA=25.56/TB=25.81/V=6569 BISEA
0,1651356000,2022-04-30T22:00:00Z,KG7QEC-11,KG7QEC-11,72(19/35),0,/,KG7QEC-11,/O,47.607667,-122.540667,0.0,0.0,67.7,,,,"Generic, (obsolete. Digis should use APNxxx instead)",,,/TA=25.25/TB=25.88/V=6569 BISEA
0,1651356015,2022-04-30T22:00:15Z,KG7QEC-11,KG7QEC-11,71(18/36),0,/,KG7QEC-11,/O,47.607667,-122.540667,0.0,0.0,66.8,,,,"Generic, (obsolete. Digis should use APNxxx instead)",,,/TA=25.19/TB=25.94/V=6569 BISEA
0,1651356030,2022-04-30T22:00:30Z,KG7QEC-11,KG7QEC-11,72(18/35),0,/,KG7QEC-11,/O,47.607667,-122.540667,0.0,0.0,62.8,,,,"Generic, (obsolete. Digis should use APNxxx instead)",,,/TA=25.50/TB=26.00/V=6569 BISEA
0,1651356045,2022-04-30T22:00:45Z,KG7QEC-11,KG7QEC-11,73(19/35),0,/,KG7QEC-11,/O,47.607667,-122.540500,2.0,0.0,63.7,,,,"Generic, (obsolete. Digis should use APNxxx instead)",,,/TA=24.81/TB=26.06/V=6569 BISEA
0,1651356060,2022-04-30T22:01:00Z,KG7QEC-11,KG7QEC-11,73(19/34),0,/,KG7QEC-11,/O,47.607500,-122.540500,1.0,0.0,76.8,,,,"Generic, (obsolete. Digis should use APNxxx instead)",,,/TA=24.25/TB=26.19/V=6569 BISEA
0,1651356075,2022-04-30T22:01:15Z,KG7QEC-11,KG7QEC-11,73(20/35),0,/,KG7QEC-11,/O,47.607500,-122.540500,2.0,0.0,75.0,,,,"Generic, (obsolete. Digis should use APNxxx instead)",,,/TA=24.06/TB=26.25/V=6569 BISEA
0,1651356090,2022-04-30T22:01:30Z,KG7QEC-11,KG7QEC-11,73(19/33),0,/,KG7QEC-11,/O,47.607667,-122.540667,0.0,0.0,75.6,,,,"Generic, (obsolete. Digis should use APNxxx instead)",,,/TA=23.88/TB=26.31/V=6569 BISEA
0,1651356105,2022-04-30T22:01:45Z,KG7QEC-11,KG7QEC-11,73(19/33),0,/,KG7QEC-11,/O,47.607500,-122.540667,1.0,0.0,73.8,,,,"Generic, (obsolete. Digis should use APNxxx instead)",,,/TA=23.38/TB=26.44/V=6589 BISEA
0,1651356120,2022-04-30T22:02:00Z,KG7QEC-11,KG7QEC-11,73(19/36),0,/,KG7QEC-11,/O,47.607667,-122.540667,2.0,0.0,85.3,,,,"Generic, (obsolete. Digis should use APNxxx instead)",,,/TA=22.88/TB=26.50/V=6569 BISEA
0,1651356165,2022-04-30T22:02:45Z,KG7QEC-11,KG7QEC-11,73(19/35),0,/,KG7QEC-11,/O,47.607500,-122.540667,1.0,0.0,69.8,,,,"Generic, (obsolete. Digis should use APNxxx instead)",,,/TA=22.13/TB=26.69/V=6549 BISEA
0,1651356180,2022-04-30T22:03:00Z,KG7QEC-11,KG7QEC-11,73(19/34),0,/,KG7QEC-11,/O,47.607667,-122.540667,1.0,0.0,69.2,,,,"Generic, (obsolete. Digis should use APNxxx instead)",,,/TA=21.94/TB=26.75/V=6569 BISEA
0,1651356195,2022-04-30T22:03:15Z,KG7QEC-11,KG7QEC-11,73(18/33),0,/,KG7QEC-11,/O,47.607667,-122.540667,1.0,0.0,69.5,,,,"Generic, (obsolete. Digis should use APNxxx instead)",,,/TA=21.69/TB=26.81/V=6549 BISEA
0,1651356210,2022-04-30T22:03:30Z,KG7QEC-11,KG7QEC-11,72(18/32),0,/,KG7QEC-11,/O,47.607667,-122.540667,1.0,0.0,69.5,,,,"Generic, (obsolete. Digis should use APNxxx instead)",,,/TA=21.44/TB=26.94/V=6569 BISEA
0,1651356225,2022-04-30T22:03:45Z,KG7QEC-11,KG7QEC-11,73(19/32),0,/,KG7QEC-11,/O,47.607667,-122.540667,0.0,0.0,69.5,,,,"Generic, (obsolete. Digis should use APNxxx instead)",,,/TA=21.13/TB=27.00/V=6549 BISEA
0,1651356240,2022-04-30T22:04:00Z,KG7QEC-11,KG7QEC-11,72(19/33),0,/,KG7QEC-11,/O,47.607667,-122.540667,1.0,0.0,69.5,,,,"Generic, (obsolete. Digis should use APNxxx instead)",,,/TA=21.00/TB=27.06/V=6549 BISEA
0,1651356285,2022-04-30T22:04:45Z,KG7QEC-11,KG7QEC-11,73(18/36),0,/,KG7QEC-11,/O,47.607667,-122.540667,2.0,0.0,69.5,,,,"Generic, (obsolete. Digis should use APNxxx instead)",,,/TA=20.44/TB=27.25/V=6549 BISEA
0,1651356300,2022-04-30T22:05:00Z,KG7QEC-11,KG7QEC-11,73(19/34),0,/,KG7QEC-11,/O,47.607333,-122.540500,5.0,165.0,69.5,,,,"Generic, (obsolete. Digis should use APNxxx instead)",,,/TA=20.25/TB=27.25/V=6549 BISEA
0,1651356316,2022-04-30T22:05:16Z,KG7QEC-11,KG7QEC-11,73(19/35),0,/,KG7QEC-11,/O,47.607333,-122.540500,5.0,165.0,69.5,,,,"Generic, (obsolete. Digis should use APNxxx instead)",,,/TA=20.19/TB=27.31/V=6549 BISEA
0,1651356345,2022-04-30T22:05:45Z,KG7QEC-11,KG7QEC-11,73(19/35),0,/,KG7QEC-11,/O,47.607833,-122.540500,1.0,0.0,74.1,,,,"Generic, (obsolete. Digis should use APNxxx instead)",,,/TA=20.06/TB=27.44/V=6549 BISEA
0,1651356360,2022-04-30T22:06:00Z,KG7QEC-11,KG7QEC-11,71(18/33),0,/,KG7QEC-11,/O,47.607667,-122.540667,0.0,0.0,78.0,,,,"Generic, (obsolete. Digis should use APNxxx instead)",,,/TA=19.94/TB=27.44/V=6549 BISEA
0,1651356391,2022-04-30T22:06:31Z,KG7QEC-11,KG7QEC-11,170(44/82),0,/,KG7QEC-11,/O,47.607667,-122.540667,0.0,0.0,78.0,,,,"Generic, (obsolete. Digis should use APNxxx instead)",,,/TA=19.75/TB=27.56/V=6549 BISEA
0,1651356406,2022-04-30T22:06:46Z,KG7QEC-11,KG7QEC-11,82(22/38),0,/,KG7QEC-11,/O,47.607667,-122.540667,0.0,0.0,78.0,,,,"Generic, (obsolete. Digis should use APNxxx instead)",,,/TA=19.69/TB=27.63/V=6512 BISEA
0,1651356421,2022-04-30T22:07:01Z,KG7QEC-11,KG7QEC-11,82(21/36),0,/,KG7QEC-11,/O,47.607667,-122.540667,0.0,0.0,78.0,,,,"Generic, (obsolete. Digis should use APNxxx instead)",,,/TA=19.69/TB=27.63/V=6533 BISEA
0,1651356436,2022-04-30T22:07:16Z,KG7QEC-11,KG7QEC-11,82(21/39),0,/,KG7QEC-11,/O,47.607667,-122.540667,0.0,0.0,78.0,,,,"Generic, (obsolete. Digis should use APNxxx instead)",,,/TA=19.44/TB=27.69/V=6533 BISEA
0,1651356480,2022-04-30T22:08:00Z,KG7QEC-11,KG7QEC-11,82(21/38),0,/,KG7QEC-11,/O,47.607500,-122.540667,1.0,0.0,57.6,,,,"Generic, (obsolete. Digis should use APNxxx instead)",,,/TA=19.38/TB=27.88/V=6533 BISEA
0,1651356496,2022-04-30T22:08:16Z,KG7QEC-11,KG7QEC-11,80(22/40),0,/,KG7QEC-11,/O,47.607500,-122.540667,1.0,0.0,68.3,,,,"Generic, (obsolete. Digis should use APNxxx instead)",,,/TA=19.38/TB=27.88/V=6533 BISEA
0,1651356510,2022-04-30T22:08:30Z,KG7QEC-11,KG7QEC-11,82(21/41),0,/,KG7QEC-11,/O,47.607667,-122.540500,2.0,0.0,68.3,,,,"Generic, (obsolete. Digis should use APNxxx instead)",,,/TA=19.56/TB=27.94/V=6533 BISEA
0,1651356525,2022-04-30T22:08:45Z,KG7QEC-11,KG7QEC-11,83(21/38),0,/,KG7QEC-11,/O,47.607667,-122.540667,1.0,0.0,68.3,,,,"Generic, (obsolete. Digis should use APNxxx instead)",,,/TA=19.63/TB=27.94/V=6533 BISEA
0,1651356540,2022-04-30T22:09:00Z,KG7QEC-11,KG7QEC-11,82(21/40),0,/,KG7QEC-11,/O,47.607667,-122.540667,0.0,0.0,68.3,,,,"Generic, (obsolete. Digis should use APNxxx instead)",,,/TA=19.69/TB=27.94/V=6512 BISEA
0,1651356556,2022-04-30T22:09:16Z,KG7QEC-11,KG7QEC-11,83(21/39),0,/,KG7QEC-11,/O,47.607667,-122.540667,0.0,0.0,68.3,,,,"Generic, (obsolete. Digis should use APNxxx instead)",,,/TA=19.75/TB=28.00/V=6533 BISEA
0,1651356570,2022-04-30T22:09:30Z,KG7QEC-11,KG7QEC-11,83(21/38),0,/,KG7QEC-11,/O,47.607667,-122.540667,3.0,0.0,70.4,,,,"Generic, (obsolete. Digis should use APNxxx instead)",,,/TA=19.75/TB=28.06/V=6533 BISEA
0,1651356585,2022-04-30T22:09:45Z,KG7QEC-11,KG7QEC-11,82(22/38),0,/,KG7QEC-11,/O,47.607667,-122.540667,1.0,0.0,60.0,,,,"Generic, (obsolete. Digis should use APNxxx instead)",,,/TA=19.75/TB=28.06/V=6512 BISEA
0,1651356600,2022-04-30T22:10:00Z,KG7QEC-11,KG7QEC-11,83(22/40),0,/,KG7QEC-11,/O,47.607333,-122.540833,6.0,193.0,51.5,,,,"Generic, (obsolete. Digis should use APNxxx instead)",,,/TA=19.69/TB=28.13/V=6512 BISEA
0,1651356617,2022-04-30T22:10:17Z,KG7QEC-11,KG7QEC-11,84(21/36),0,/,KG7QEC-11,/O,47.607333,-122.540833,6.0,193.0,51.5,,,,"Generic, (obsolete. Digis should use APNxxx instead)",,,/TA=19.63/TB=28.13/V=6533 BISEA
0,1651356632,2022-04-30T22:10:32Z,KG7QEC-11,KG7QEC-11,82(21/40),0,/,KG7QEC-11,/O,47.607333,-122.540833,6.0,193.0,51.5,,,,"Generic, (obsolete. Digis should use APNxxx instead)",,,/TA=19.69/TB=28.19/V=6512 BISEA
0,1651356647,2022-04-30T22:10:47Z,KG7QEC-11,KG7QEC-11,83(21/40),0,/,KG7QEC-11,/O,47.607333,-122.540833,6.0,193.0,51.5,,,,"Generic, (obsolete. Digis should use APNxxx instead)",,,/TA=19.69/TB=28.25/V=6512 BISEA
0,1651356662,2022-04-30T22:11:02Z,KG7QEC-11,KG7QEC-11,82(22/37),0,/,KG7QEC-11,/O,47.607333,-122.540833,6.0,193.0,51.5,,,,"Generic, (obsolete. Digis should use APNxxx instead)",,,/TA=19.69/TB=28.25/V=6492 BISEA
0,1651356677,2022-04-30T22:11:17Z,KG7QEC-11,KG7QEC-11,82(21/40),0,/,KG7QEC-11,/O,47.607333,-122.540833,6.0,193.0,51.5,,,,"Generic, (obsolete. Digis should use APNxxx instead)",,,/TA=19.75/TB=28.25/V=6512 BISEA
0,1651356692,2022-04-30T22:11:32Z,KG7QEC-11,KG7QEC-11,84(22/38),0,/,KG7QEC-11,/O,47.607333,-122.540833,6.0,193.0,51.5,,,,"Generic, (obsolete. Digis should use APNxxx instead)",,,/TA=19.81/TB=28.31/V=6492 BISEA
0,1651356722,2022-04-30T22:12:02Z,KG7QEC-11,KG7QEC-11,84(22/39),0,/,KG7QEC-11,/O,47.607333,-122.540833,6.0,193.0,51.5,,,,"Generic, (obsolete. Digis should use APNxxx instead)",,,/TA=20.00/TB=28.44/V=6492 BISEA
0,1651356752,2022-04-30T22:12:32Z,KG7QEC-11,KG7QEC-11,82(21/39),0,/,KG7QEC-11,/O,47.607333,-122.540833,6.0,193.0,51.5,,,,"Generic, (obsolete. Digis should use APNxxx instead)",,,/TA=20.13/TB=28.63/V=6492 BISEA
0,1651356767,2022-04-30T22:12:47Z,KG7QEC-11,KG7QEC-11,82(21/41),0,/,KG7QEC-11,/O,47.607333,-122.540833,6.0,193.0,51.5,,,,"Generic, (obsolete. Digis should use APNxxx instead)",,,/TA=20.19/TB=28.75/V=6492 BISEA
0,1651356782,2022-04-30T22:13:02Z,KG7QEC-11,KG7QEC-11,85(21/38),0,/,KG7QEC-11,/O,47.607333,-122.540833,6.0,193.0,51.5,,,,"Generic, (obsolete. Digis should use APNxxx instead)",,,/TA=20.06/TB=28.69/V=6452 BISEA
0,1651356797,2022-04-30T22:13:17Z,KG7QEC-11,KG7QEC-11,83(22/38),0,/,KG7QEC-11,/O,47.607333,-122.540833,6.0,193.0,51.5,,,,"Generic, (obsolete. Digis should use APNxxx instead)",,,/TA=19.69/TB=28.63/V=6492 BISEA
0,1651356812,2022-04-30T22:13:32Z,KG7QEC-11,KG7QEC-11,83(22/38),0,/,KG7QEC-11,/O,47.607333,-122.540833,6.0,193.0,51.5,,,,"Generic, (obsolete. Digis should use APNxxx instead)",,,/TA=19.69/TB=28.56/V=6492 BISEA
0,1651356827,2022-04-30T22:13:47Z,KG7QEC-11,KG7QEC-11,83(22/37),0,/,KG7QEC-11,/O,47.607333,-122.540833,6.0,193.0,51.5,,,,"Generic, (obsolete. Digis should use APNxxx instead)",,,/TA=19.88/TB=28.56/V=6492 BISEA
0,1651356842,2022-04-30T22:14:02Z,KG7QEC-11,KG7QEC-11,83(21/37),0,/,KG7QEC-11,/O,47.607333,-122.540833,6.0,193.0,51.5,,,,"Generic, (obsolete. Digis should use APNxxx instead)",,,/TA=20.06/TB=28.50/V=6492 BISEA
0,1651356857,2022-04-30T22:14:17Z,KG7QEC-11,KG7QEC-11,83(21/38),0,/,KG7QEC-11,/O,47.607333,-122.540833,6.0,193.0,51.5,,,,"Generic, (obsolete. Digis should use APNxxx instead)",,,/TA=20.19/TB=28.44/V=6472 BISEA
0,1651356872,2022-04-30T22:14:32Z,KG7QEC-11,KG7QEC-11,84(22/37),0,/,KG7QEC-11,/O,47.607333,-122.540833,6.0,193.0,51.5,,,,"Generic, (obsolete. Digis should use APNxxx instead)",,,/TA=20.19/TB=28.44/V=6492 BISEA
0,1651356887,2022-04-30T22:14:47Z,KG7QEC-11,KG7QEC-11,84(21/40),0,/,KG7QEC-11,/O,47.607333,-122.540833,6.0,193.0,51.5,,,,"Generic, (obsolete. Digis should use APNxxx instead)",,,/TA=20.38/TB=28.50/V=6512 BISEA
0,1651356932,2022-04-30T22:15:32Z,KG7QEC-11,KG7QEC-11,83(21/39),0,/,KG7QEC-11,/O,47.621333,-122.547833,26.0,273.0,54.6,,,,"Generic, (obsolete. Digis should use APNxxx instead)",,,/TA=20.50/TB=28.50/V=6472 BISEA
0,1651356947,2022-04-30T22:15:47Z,KG7QEC-11,KG7QEC-11,85(21/38),0,/,KG7QEC-11,/O,47.621333,-122.547833,26.0,273.0,54.6,,,,"Generic, (obsolete. Digis should use APNxxx instead)",,,/TA=20.50/TB=28.56/V=6472 BISEA
0,1651356962,2022-04-30T22:16:02Z,KG7QEC-11,KG7QEC-11,84(21/40),0,/,KG7QEC-11,/O,47.621333,-122.547833,26.0,273.0,54.6,,,,"Generic, (obsolete. Digis should use APNxxx instead)",,,/TA=20.63/TB=28.50/V=6472 BISEA
0,1651356977,2022-04-30T22:16:17Z,KG7QEC-11,KG7QEC-11,84(21/40),0,/,KG7QEC-11,/O,47.621333,-122.547833,26.0,273.0,54.6,,,,"Generic, (obsolete. Digis should use APNxxx instead)",,,/TA=20.63/TB=28.50/V=6472 BISEA
0,1651356992,2022-04-30T22:16:32Z,KG7QEC-11,KG7QEC-11,84(21/39),0,/,KG7QEC-11,/O,47.621333,-122.547833,26.0,273.0,54.6,,,,"Generic, (obsolete. Digis should use APNxxx instead)",,,/TA=20.75/TB=28.56/V=6452 BISEA
0,1651357022,2022-04-30T22:17:02Z,KG7QEC-11,KG7QEC-11,83(21/39),0,/,KG7QEC-11,/O,47.633000,-122.556500,39.0,294.0,23.2,,,,"Generic, (obsolete. Digis should use APNxxx instead)",,,/TA=20.88/TB=28.69/V=6452 BISEA
0,1651357037,2022-04-30T22:17:17Z,KG7QEC-11,KG7QEC-11,86(23/40),0,/,KG7QEC-11,/O,47.633000,-122.556500,39.0,294.0,23.2,,,,"Generic, (obsolete. Digis should use APNxxx instead)",,,/TA=20.94/TB=28.81/V=6452 BISEA
0,1651357052,2022-04-30T22:17:32Z,KG7QEC-11,KG7QEC-11,83(21/40),0,/,KG7QEC-11,/O,47.633000,-122.556500,39.0,294.0,23.2,,,,"Generic, (obsolete. Digis should use APNxxx instead)",,,/TA=20.88/TB=28.75/V=6452 BISEA
0,1651357067,2022-04-30T22:17:47Z,KG7QEC-11,KG7QEC-11,85(22/41),0,/,KG7QEC-11,/O,47.633000,-122.556500,39.0,294.0,23.2,,,,"Generic, (obsolete. Digis should use APNxxx instead)",,,/TA=21.00/TB=28.75/V=6452 BISEA
0,1651357082,2022-04-30T22:18:02Z,KG7QEC-11,KG7QEC-11,83(22/40),0,/,KG7QEC-11,/O,47.633000,-122.556500,39.0,294.0,23.2,,,,"Generic, (obsolete. Digis should use APNxxx instead)",,,/TA=20.94/TB=28.75/V=6432 BISEA
0,1651357095,2022-04-30T22:18:15Z,W7DK,JUPITR,169(71/63),0,!,W7DK,I#,47.248333,-122.484667,,,,,,,"DireWolf, WB2OSZ",,,RADIO CLUB OF TACOMA w7dk.org
0,1651357097,2022-04-30T22:18:17Z,KG7QEC-11,KG7QEC-11,83(23/39),0,/,KG7QEC-11,/O,47.633000,-122.556500,39.0,294.0,23.2,,,,"Generic, (obsolete. Digis should use APNxxx instead)",,,/TA=20.94/TB=28.81/V=6452 BISEA
0,1651357112,2022-04-30T22:18:32Z,KG7QEC-11,KG7QEC-11,85(22/42),0,/,KG7QEC-11,/O,47.633000,-122.556500,39.0,294.0,23.2,,,,"Generic, (obsolete. Digis should use APNxxx instead)",,,/TA=20.88/TB=29.13/V=6452 BISEA
0,1651357127,2022-04-30T22:18:47Z,KG7QEC-11,KG7QEC-11,85(21/40),0,/,KG7QEC-11,/O,47.633000,-122.556500,39.0,294.0,23.2,,,,"Generic, (obsolete. Digis should use APNxxx instead)",,,/TA=20.88/TB=29.38/V=6472 BISEA
0,1651357142,2022-04-30T22:19:02Z,KG7QEC-11,KG7QEC-11,87(23/40),0,/,KG7QEC-11,/O,47.633000,-122.556500,39.0,294.0,23.2,,,,"Generic, (obsolete. Digis should use APNxxx instead)",,,/TA=20.88/TB=29.50/V=6432 BISEA
0,1651357157,2022-04-30T22:19:17Z,KG7QEC-11,KG7QEC-11,85(21/39),0,/,KG7QEC-11,/O,47.633000,-122.556500,39.0,294.0,23.2,,,,"Generic, (obsolete. Digis should use APNxxx instead)",,,/TA=20.88/TB=29.50/V=6432 BISEA
0,1651357172,2022-04-30T22:19:32Z,KG7QEC-11,KG7QEC-11,84(22/38),0,/,KG7QEC-11,/O,47.633000,-122.556500,39.0,294.0,23.2,,,,"Generic, (obsolete. Digis should use APNxxx instead)",,,/TA=20.81/TB=29.63/V=6432 BISEA
0,1651357187,2022-04-30T22:19:47Z,KG7QEC-11,KG7QEC-11,85(21/38),0,/,KG7QEC-11,/O,47.633000,-122.556500,39.0,294.0,23.2,,,,"Generic, (obsolete. Digis should use APNxxx instead)",,,/TA=20.81/TB=29.81/V=6432 BISEA
0,1651357202,2022-04-30T22:20:02Z,KG7QEC-11,KG7QEC-11,84(22/42),0,/,KG7QEC-11,/O,47.633000,-122.556500,39.0,294.0,23.2,,,,"Generic, (obsolete. Digis should use APNxxx instead)",,,/TA=20.81/TB=30.00/V=6432 BISEA
0,1651357217,2022-04-30T22:20:17Z,KG7QEC-11,KG7QEC-11,84(22/38),0,/,KG7QEC-11,/O,47.633000,-122.556500,39.0,294.0,23.2,,,,"Generic, (obsolete. Digis should use APNxxx instead)",,,/TA=20.81/TB=30.06/V=6412 BISEA
0,1651357232,2022-04-30T22:20:32Z,KG7QEC-11,KG7QEC-11,84(22/42),0,/,KG7QEC-11,/O,47.633000,-122.556500,39.0,294.0,23.2,,,,"Generic, (obsolete. Digis should use APNxxx instead)",,,/TA=20.94/TB=30.19/V=6432 BISEA
0,1651357247,2022-04-30T22:20:47Z,KG7QEC-11,KG7QEC-11,86(23/39),0,/,KG7QEC-11,/O,47.633000,-122.556500,39.0,294.0,23.2,,,,"Generic, (obsolete. Digis should use APNxxx instead)",,,/TA=20.94/TB=30.25/V=6412 BISEA
0,1651357262,2022-04-30T22:21:02Z,KG7QEC-11,KG7QEC-11,84(22/39),0,/,KG7QEC-11,/O,47.633000,-122.556500,39.0,294.0,23.2,,,,"Generic, (obsolete. Digis should use APNxxx instead)",,,/TA=20.81/TB=30.31/V=6412 BISEA
0,1651357277,2022-04-30T22:21:17Z,KG7QEC-11,KG7QEC-11,83(21/42),0,/,KG7QEC-11,/O,47.633000,-122.556500,39.0,294.0,23.2,,,,"Generic, (obsolete. Digis should use APNxxx instead)",,,/TA=20.88/TB=30.38/V=6412 BISEA
0,1651357292,2022-04-30T22:21:32Z,KG7QEC-11,KG7QEC-11,84(22/42),0,/,KG7QEC-11,/O,47.633000,-122.556500,39.0,294.0,23.2,,,,"Generic, (obsolete. Digis should use APNxxx instead)",,,/TA=20.88/TB=30.50/V=6412 BISEA
0,1651357307,2022-04-30T22:21:47Z,KG7QEC-11,KG7QEC-11,85(21/40),0,/,KG7QEC-11,/O,47.633000,-122.556500,39.0,294.0,23.2,,,,"Generic, (obsolete. Digis should use APNxxx instead)",,,/TA=20.88/TB=30.56/V=6392 BISEA
0,1651357322,2022-04-30T22:22:02Z,KG7QEC-11,KG7QEC-11,86(22/38),0,/,KG7QEC-11,/O,47.633000,-122.556500,39.0,294.0,23.2,,,,"Generic, (obsolete. Digis should use APNxxx instead)",,,/TA=20.88/TB=30.44/V=6392 BISEA
0,1651357337,2022-04-30T22:22:17Z,KG7QEC-11,KG7QEC-11,85(21/42),0,/,KG7QEC-11,/O,47.633000,-122.556500,39.0,294.0,23.2,,,,"Generic, (obsolete. Digis should use APNxxx instead)",,,/TA=20.88/TB=30.31/V=6412 BISEA
0,1651357352,2022-04-30T22:22:32Z,KG7QEC-11,KG7QEC-11,85(22/42),0,/,KG7QEC-11,/O,47.633000,-122.556500,39.0,294.0,23.2,,,,"Generic, (obsolete. Digis should use APNxxx instead)",,,/TA=20.81/TB=30.38/V=6392 BISEA
0,1651357367,2022-04-30T22:22:47Z,KG7QEC-11,KG7QEC-11,85(22/39),0,/,KG7QEC-11,/O,47.633000,-122.556500,39.0,294.0,23.2,,,,"Generic, (obsolete. Digis should use APNxxx instead)",,,/TA=20.81/TB=30.56/V=6392 BISEA
0,1651357382,2022-04-30T22:23:02Z,KG7QEC-11,KG7QEC-11,85(22/40),0,/,KG7QEC-11,/O,47.633000,-122.556500,39.0,294.0,23.2,,,,"Generic, (obsolete. Digis should use APNxxx instead)",,,/TA=20.69/TB=30.63/V=6392 BISEA
0,1651357396,2022-04-30T22:23:16Z,KG7QEC-11,KG7QEC-11,85(22/40),0,/,KG7QEC-11,/O,47.661333,-122.578667,10.0,82.0,39.0,,,,"Generic, (obsolete. Digis should use APNxxx instead)",,,/TA=20.69/TB=30.75/V=6392 BISEA
0,1651357411,2022-04-30T22:23:31Z,KG7QEC-11,KG7QEC-11,85(23/38),0,/,KG7QEC-11,/O,47.661000,-122.578000,8.0,159.0,38.7,,,,"Generic, (obsolete. Digis should use APNxxx instead)",,,/TA=20.75/TB=30.75/V=6375 BISEA
0,1651357426,2022-04-30T22:23:46Z,KG7QEC-11,KG7QEC-11,86(22/40),0,/,KG7QEC-11,/O,47.660500,-122.577667,10.0,156.0,36.6,,,,"Generic, (obsolete. Digis should use APNxxx instead)",,,/TA=20.75/TB=30.81/V=6375 BISEA
0,1651357442,2022-04-30T22:24:02Z,KG7QEC-11,KG7QEC-11,84(21/39),0,/,KG7QEC-11,/O,47.660500,-122.577667,10.0,156.0,36.6,,,,"Generic, (obsolete. Digis should use APNxxx instead)",,,/TA=20.69/TB=30.81/V=6375 BISEA
0,1651357472,2022-04-30T22:24:32Z,KG7QEC-11,KG7QEC-11,84(23/39),0,/,KG7QEC-11,/O,47.660333,-122.576667,5.0,62.0,36.0,,,,"Generic, (obsolete. Digis should use APNxxx instead)",,,/TA=20.75/TB=30.50/V=6375 BISEA
0,1651357487,2022-04-30T22:24:47Z,KG7QEC-11,KG7QEC-11,82(22/41),0,/,KG7QEC-11,/O,47.660333,-122.576667,5.0,62.0,36.0,,,,"Generic, (obsolete. Digis should use APNxxx instead)",,,/TA=20.75/TB=30.69/V=6375 BISEA
0,1651357501,2022-04-30T22:25:01Z,KG7QEC-11,KG7QEC-11,83(21/42),0,/,KG7QEC-11,/O,47.660667,-122.576833,1.0,0.0,35.7,,,,"Generic, (obsolete. Digis should use APNxxx instead)",,,/TA=20.63/TB=30.75/V=6355 BISEA
0,1651357516,2022-04-30T22:25:16Z,KG7QEC-11,KG7QEC-11,84(22/41),0,/,KG7QEC-11,/O,47.660667,-122.576833,0.0,0.0,36.0,,,,"Generic, (obsolete. Digis should use APNxxx instead)",,,/TA=20.56/TB=30.81/V=6355 BISEA
0,1651357531,2022-04-30T22:25:31Z,KG7QEC-11,KG7QEC-11,83(22/39),0,/,KG7QEC-11,/O,47.660667,-122.576833,0.0,0.0,36.0,,,,"Generic, (obsolete. Digis should use APNxxx instead)",,,/TA=20.38/TB=30.81/V=6355 BISEA
0,1651357536,2022-04-30T22:25:36Z,VCAPK,JUPITR,155(65/59),0,@,VCAPK,N9,61.952413,-119.645873,1.3,216.0,,,,,SQ3PLX http://microsat.com.pl/,,,ello from Capitol Peak (K7CPR)
0,1651357546,2022-04-30T22:25:46Z,KG7QEC-11,KG7QEC-11,84(22/37),0,/,KG7QEC-11,/O,47.660667,-122.576833,0.0,0.0,37.8,,,,"Generic, (obsolete. Digis should use APNxxx instead)",,,/TA=20.19/TB=30.88/V=6355 BISEA
0,1651357551,2022-04-30T22:25:51Z,K7NWS,JUPITR,163(68/60),0,!,K7NWS,/o,47.520333,-122.302167,,,,,,,"DireWolf, WB2OSZ",,,BEARS at MOF
0,1651357561,2022-04-30T22:26:01Z,KG7QEC-11,KG7QEC-11,85(21/39),0,/,KG7QEC-11,/O,47.660667,-122.576833,0.0,0.0,39.9,,,,"Generic, (obsolete. Digis should use APNxxx instead)",,,/TA=20.00/TB=30.94/V=6355 BISEA
0,1651357576,2022-04-30T22:26:16Z,KG7QEC-11,KG7QEC-11,85(22/38),0,/,KG7QEC-11,/O,47.660833,-122.576833,2.0,0.0,38.7,,,,"Generic, (obsolete. Digis should use APNxxx instead)",,,/TA=20.00/TB=30.94/V=6355 BISEA
0,1651357587,2022-04-30T22:26:27Z,BALDI,JUPITR,161(66/61),0,!,BALDI,/_,47.218833,-121.843500,,,,,,,Open Track,,,
0,1651357591,2022-04-30T22:26:31Z,KG7QEC-11,KG7QEC-11,83(22/41),0,/,KG7QEC-11,/O,47.660833,-122.576833,4.0,10.0,41.8,,,,"Generic, (obsolete. Digis should use APNxxx instead)",,,/TA=19.88/TB=31.00/V=6355 BISEA
0,1651357606,2022-04-30T22:26:46Z,KG7QEC-11,KG7QEC-11,82(22/38),0,/,KG7QEC-11,/O,47.660833,-122.576833,0.0,0.0,38.1,,,,"Generic, (obsolete. Digis should use APNxxx instead)",,,/TA=19.81/TB=31.00/V=6355 BISEA
0,1651357614,2022-04-30T22:26:54Z,NG7N,ERINB?,159(66/71),1,@,NG7N,/_,47.651667,-122.405333,,,,,,,"Generic, (obsolete. Digis should use APNxxx instead)",,,
0,1651357621,2022-04-30T22:27:01Z,KG7QEC-11,KG7QEC-11,84(21/42),0,/,KG7QEC-11,/O,47.660667,-122.576833,0.0,0.0,32.3,,,,"Generic, (obsolete. Digis should use APNxxx instead)",,,/TA=19.81/TB=31.06/V=6335 BISEA
0,1651357623,2022-04-30T22:27:03Z,AE7ZE-1,JUPITR,167(68/64),0,`,AE7ZE-1,/-,47.166500,-122.358000,0.0,,135.0,443.625,,103.5,Yaesu FTM-400DR,In Service,,443.625 + 103.5
0,1651357627,2022-04-30T22:27:07Z,AE7ZE-1,JUPITR,169(68/63),0,`,AE7ZE-1,/-,47.166500,-122.358000,0.0,,135.0,443.625,,103.5,Yaesu FTM-400DR,In Service,,443.625 + 103.5
0,1651357636,2022-04-30T22:27:16Z,KG7QEC-11,KG7QEC-11,84(22/41),0,/,KG7QEC-11,/O,47.660667,-122.576833,1.0,0.0,33.5,,,,"Generic, (obsolete. Digis should use APNxxx instead)",,,/TA=19.75/TB=31.06/V=6335 BISEA
0,1651357651,2022-04-30T22:27:31Z,KG7QEC-11,KG7QEC-11,84(22/39),0,/,KG7QEC-11,/O,47.660667,-122.576833,0.0,0.0,35.1,,,,"Generic, (obsolete. Digis should use APNxxx instead)",,,/TA=19.69/TB=31.13/V=6335 BISEA
0,1651357666,2022-04-30T22:27:46Z,KG7QEC-11,KG7QEC-11,85(21/42),0,/,KG7QEC-11,/O,47.660667,-122.576833,0.0,0.0,35.1,,,,"Generic, (obsolete. Digis should use APNxxx instead)",,,/TA=19.63/TB=31.19/V=6335 BISEA
0,1651357681,2022-04-30T22:28:01Z,KG7QEC-11,KG7QEC-11,85(22/41),0,/,KG7QEC-11,/O,47.660667,-122.576833,0.0,0.0,33.5,,,,"Generic, (obsolete. Digis should use APNxxx instead)",,,/TA=19.69/TB=31.19/V=6335 BISEA
0,1651357696,2022-04-30T22:28:16Z,KG7QEC-11,KG7QEC-11,83(22/38),0,/,KG7QEC-11,/O,47.660667,-122.576833,0.0,0.0,30.8,,,,"Generic, (obsolete. Digis should use APNxxx instead)",,,/TA=19.63/TB=31.25/V=6315 BISEA
0,1651357711,2022-04-30T22:28:31Z,KG7QEC-11,KG7QEC-11,82(21/41),0,/,KG7QEC-11,/O,47.660667,-122.576833,0.0,0.0,29.9,,,,"Generic, (obsolete. Digis should use APNxxx instead)",,,/TA=19.56/TB=31.25/V=6315 BISEA
0,1651357726,2022-04-30T22:28:46Z,KG7QEC-11,KG7QEC-11,85(21/39),0,/,KG7QEC-11,/O,47.660667,-122.576833,0.0,0.0,31.4,,,,"Generic, (obsolete. Digis should use APNxxx instead)",,,/TA=19.56/TB=31.25/V=6315 BISEA
0,1651357727,2022-04-30T22:28:47Z,K7ORV-9,JUPITR,160(68/59),0,`,K7ORV-9,/>,47.209667,-122.363167,0.0,,,,,,Yaesu FTM-400DR,Off Duty,,
0,1651357741,2022-04-30T22:29:01Z,KG7QEC-11,KG7QEC-11,85(22/40),0,/,KG7QEC-11,/O,47.660667,-122.576833,0.0,0.0,30.5,,,,"Generic, (obsolete. Digis should use APNxxx instead)",,,/TA=19.56/TB=31.31/V=6315 BISEA
0,1651357756,2022-04-30T22:29:16Z,KG7QEC-11,KG7QEC-11,83(21/42),0,/,KG7QEC-11,/O,47.660667,-122.576833,2.0,0.0,32.3,,,,"Generic, (obsolete. Digis should use APNxxx instead)",,,/TA=19.56/TB=31.25/V=6315 BISEA
0,1651357771,2022-04-30T22:29:31Z,KG7QEC-11,KG7QEC-11,84(21/40),0,/,KG7QEC-11,/O,47.660667,-122.576833,1.0,0.0,34.1,,,,"Generic, (obsolete. Digis should use APNxxx instead)",,,/TA=19.44/TB=31.38/V=6315 BISEA
0,1651357786,2022-04-30T22:29:46Z,KG7QEC-11,KG7QEC-11,84(23/39),0,/,KG7QEC-11,/O,47.660833,-122.576833,3.0,351.0,35.4,,,,"Generic, (obsolete. Digis should use APNxxx instead)",,,/TA=18.94/TB=31.50/V=6315 BISEA
0,1651357801,2022-04-30T22:30:01Z,KG7QEC-11,KG7QEC-11,83(22/39),0,/,KG7QEC-11,/O,47.661000,-122.577000,3.0,339.0,38.7,,,,"Generic, (obsolete. Digis should use APNxxx instead)",,,/TA=18.38/TB=31.63/V=6315 BISEA
0,1651357816,2022-04-30T22:30:16Z,KG7QEC-11,KG7QEC-11,83(22/41),0,/,KG7QEC-11,/O,47.661167,-122.577000,1.0,0.0,39.9,,,,"Generic, (obsolete. Digis should use APNxxx instead)",,,/TA=18.13/TB=31.69/V=6295 BISEA
0,1651357831,2022-04-30T22:30:31Z,KG7QEC-11,KG7QEC-11,84(22/42),0,/,KG7QEC-11,/O,47.661167,-122.577000,0.0,0.0,39.9,,,,"Generic, (obsolete. Digis should use APNxxx instead)",,,/TA=18.13/TB=31.63/V=6295 BISEA
0,1651357846,2022-04-30T22:30:46Z,KG7QEC-11,KG7QEC-11,84(22/39),0,/,KG7QEC-11,/O,47.661167,-122.577000,0.0,0.0,36.9,,,,"Generic, (obsolete. Digis should use APNxxx instead)",,,/TA=18.00/TB=31.63/V=6315 BISEA
0,1651357861,2022-04-30T22:31:01Z,KG7QEC-11,KG7QEC-11,84(21/40),0,/,KG7QEC-11,/O,47.661000,-122.577000,0.0,0.0,37.5,,,,"Generic, (obsolete. Digis should use APNxxx instead)",,,/TA=18.06/TB=31.63/V=6295 BISEA
0,1651357876,2022-04-30T22:31:16Z,KG7QEC-11,KG7QEC-11,85(21/38),0,/,KG7QEC-11,/O,47.661000,-122.577000,0.0,0.0,38.1,,,,"Generic, (obsolete. Digis should use APNxxx instead)",,,/TA=18.06/TB=31.69/V=6275 BISEA
0,1651357891,2022-04-30T22:31:31Z,KG7QEC-11,KG7QEC-11,85(21/42),0,/,KG7QEC-11,/O,47.661000,-122.577000,0.0,0.0,37.5,,,,"Generic, (obsolete. Digis should use APNxxx instead)",,,/TA=18.06/TB=31.69/V=6295 BISEA
0,1651357896,2022-04-30T22:31:36Z,DGDAVE,JUPITR,157(65/59),0,>,DGDAVE,/ ,,,,,,,,,,,,"DIGI_NED: digipeater W7AUW in S.E. Hoquiam, Wa."
0,1651357906,2022-04-30T22:31:46Z,KG7QEC-11,KG7QEC-11,84(21/42),0,/,KG7QEC-11,/O,47.661000,-122.577000,0.0,0.0,37.5,,,,"Generic, (obsolete. Digis should use APNxxx instead)",,,/TA=18.06/TB=31.75/V=6275 BISEA
0,1651357915,2022-04-30T22:31:55Z,NG7N,ERINB?,155(63/67),0,@,NG7N,/_,47.651667,-122.405333,,,,,,,"Generic, (obsolete. Digis should use APNxxx instead)",,,
0,1651357915,2022-04-30T22:31:55Z,NG7N,ERINB?,160(64/69),0,>,NG7N,/ ,,,,,,,,,"Generic, (obsolete. Digis should use APNxxx instead)",,,"WX - Magnolia Bluff - Seattle, WA"
0,1651357917,2022-04-30T22:31:57Z,NG7N,JUPITR,166(67/62),0,>,NG7N,/ ,,,,,,,,,"Generic, (obsolete. Digis should use APNxxx instead)",,,"WX - Magnolia Bluff - Seattle, WA"
0,1651357921,2022-04-30T22:32:01Z,KG7QEC-11,KG7QEC-11,85(22/38),0,/,KG7QEC-11,/O,47.661167,-122.577000,0.0,0.0,38.7,,,,"Generic, (obsolete. Digis should use APNxxx instead)",,,/TA=18.13/TB=31.75/V=6275 BISEA
0,1651357924,2022-04-30T22:32:04Z,NW7RF-3,JUPITR,166(71/60),0,T,NW7RF-3,/f,,,,,,,,,>40 APRSmax,,"Seq=127, A1=123, A2=10799, A3=89900, A4=4.630000, A5=0, D1=0, D2=0, D3=0, D4=0, D5=0, D6=0, D7=0, D8=0",
0,1651357926,2022-04-30T22:32:06Z,AB7QL-9,JUPITR,162(64/63),0,`,AB7QL-9,/>,47.631667,-122.188167,40.0,185.0,84.0,,,,Yaesu FTM-400DR,Off Duty,,
0,1651357931,2022-04-30T22:32:11Z,AE7ZE-1,JUPITR,167(68/63),0,`,AE7ZE-1,/-,47.166833,-122.357333,0.0,,101.0,443.625,,103.5,Yaesu FTM-400DR,In Service,,443.625 + 103.5
0,1651357933,2022-04-30T22:32:13Z,N7YVZ-12,JUPITR,166(70/59),0,`,N7YVZ-12,/>,47.157865,-122.188951,0.0,107.0,152.0,,,,Byonics TinyTrack3,In Service,"Seq=840, A1=410, A2=611",
0,1651357936,2022-04-30T22:32:16Z,KG7QEC-11,KG7QEC-11,83(21/42),0,/,KG7QEC-11,/O,47.661167,-122.577000,0.0,0.0,39.9,,,,"Generic, (obsolete. Digis should use APNxxx instead)",,,/TA=18.25/TB=31.75/V=6275 BISEA
0,1651357951,2022-04-30T22:32:31Z,KG7QEC-11,KG7QEC-11,84(22/42),0,/,KG7QEC-11,/O,47.661167,-122.577000,0.0,0.0,41.1,,,,"Generic, (obsolete. Digis should use APNxxx instead)",,,/TA=18.38/TB=31.75/V=6255 BISEA
0,1651357966,2022-04-30T22:32:46Z,KG7QEC-11,KG7QEC-11,84(22/42),0,/,KG7QEC-11,/O,47.661000,-122.577000,1.0,0.0,38.1,,,,"Generic, (obsolete. Digis should use APNxxx instead)",,,/TA=18.31/TB=31.81/V=6275 BISEA
0,1651357975,2022-04-30T22:32:55Z,KB7UVC,JUPITR,167(71/59),0,},KB7UVC,/ ,,,,,,,,,ZL4FOX's SARTRACK,,,
0,1651357981,2022-04-30T22:33:01Z,KG7QEC-11,KG7QEC-11,83(22/40),0,/,KG7QEC-11,/O,47.661000,-122.577000,0.0,0.0,41.1,,,,"Generic, (obsolete. Digis should use APNxxx instead)",,,/TA=18.44/TB=31.75/V=6255 BISEA
0,1651357994,2022-04-30T22:33:14Z,WA7LAW,JUPITR,166(70/62),0,@,WA7LAW,I&,47.998667,-122.195833,,,,,,,SQ3PLX http://microsat.com.pl/,,,"WX3in1Plus2.0 U=15.3V,T=??.?C/??.?F"
0,1651357996,2022-04-30T22:33:16Z,KG7QEC-11,KG7QEC-11,82(21/37),0,/,KG7QEC-11,/O,47.661167,-122.577000,0.0,0.0,42.7,,,,"Generic, (obsolete. Digis should use APNxxx instead)",,,/TA=18.38/TB=31.81/V=6255 BISEA
0,1651358007,2022-04-30T22:33:27Z,K7ORV-9,JUPITR,155(67/56),0,`,K7ORV-9,/>,47.209667,-122.363167,0.0,,,,,,Yaesu FTM-400DR,Off Duty,,
0,1651358011,2022-04-30T22:33:31Z,KG7QEC-11,KG7QEC-11,83(22/42),0,/,KG7QEC-11,/O,47.661167,-122.577000,0.0,0.0,41.8,,,,"Generic, (obsolete. Digis should use APNxxx instead)",,,/TA=18.19/TB=31.88/V=6255 BISEA
0,1651358026,2022-04-30T22:33:46Z,KG7QEC-11,KG7QEC-11,84(22/38),0,/,KG7QEC-11,/O,47.661167,-122.577000,0.0,0.0,39.9,,,,"Generic, (obsolete. Digis should use APNxxx instead)",,,/TA=18.19/TB=31.88/V=6255 BISEA
0,1651358034,2022-04-30T22:33:54Z,WA7DEM-3,JUPITR,167(66/63),0,`,WA7DEM-3,/3,47.923954,-122.243531,0.0,125.0,185.0,,,,Byonics TinyTrack3,In Service,"Seq=287, A1=449, A2=616",
0,1651358035,2022-04-30T22:33:55Z,WA7DEM-3,JUPITR,167(70/63),0,:,WA7DEM-3,/f,,,,,,,,,Tiny Track III,,,
0,1651358035,2022-04-30T22:33:55Z,WA7DEM-3,JUPITR,168(69/61),0,:,WA7DEM-3,/f,,,,,,,,,Tiny Track III,,,
0,1651358036,2022-04-30T22:33:56Z,WA7DEM-3,JUPITR,166(70/59),0,:,WA7DEM-3,/f,,,,,,,,,Tiny Track III,,,
0,1651358041,2022-04-30T22:34:01Z,KG7QEC-11,KG7QEC-11,84(22/39),0,/,KG7QEC-11,/O,47.661167,-122.577000,0.0,0.0,40.2,,,,"Generic, (obsolete. Digis should use APNxxx instead)",,,/TA=18.13/TB=31.88/V=6255 BISEA
0,1651358043,2022-04-30T22:34:03Z,NW7RF-3,JUPITR,151(63/59),0,!,NW7RF-3,/#,47.835833,-122.686833,,,,,,,>40 APRSmax,,,/Bridgehaven Digi 124.0VAC 10799S
0,1651358053,2022-04-30T22:34:13Z,N7TUG-8,JUPITR,160(67/60),0,_,N7TUG-8,/s,,,,,,,,,>40 APRSmax,,,
0,1651358056,2022-04-30T22:34:16Z,KG7QEC-11,KG7QEC-11,83(21/41),0,/,KG7QEC-11,/O,47.661000,-122.577000,0.0,0.0,38.7,,,,"Generic, (obsolete. Digis should use APNxxx instead)",,,/TA=18.25/TB=31.88/V=6234 BISEA
0,1651358058,2022-04-30T22:34:18Z,N7TUG-8,JUPITR,168(68/63),0,_,N7TUG-8,/s,,,,,,,,,>40 APRSmax,,,
0,1651358063,2022-04-30T22:34:23Z,W7YED-6,JUPITR,170(70/63),0,`,W7YED-6,/>,47.753667,-122.171500,28.0,302.0,11.0,,,,Kenwood TM-D710,Off Duty,,
0,1651358066,2022-04-30T22:34:26Z,AE7ZE-1,JUPITR,168(69/60),0,`,AE7ZE-1,/-,47.166667,-122.357833,0.0,,128.0,443.625,,103.5,Yaesu FTM-400DR,In Service,,443.625 + 103.5
0,1651358071,2022-04-30T22:34:31Z,KG7QEC-11,KG7QEC-11,86(22/38),0,/,KG7QEC-11,/O,47.661167,-122.577000,1.0,0.0,40.5,,,,"Generic, (obsolete. Digis should use APNxxx instead)",,,/TA=18.06/TB=31.88/V=6234 BISEA
0,1651358086,2022-04-30T22:34:46Z,KG7QEC-11,KG7QEC-11,85(21/38),0,/,KG7QEC-11,/O,47.661333,-122.577000,3.0,12.0,37.5,,,,"Generic, (obsolete. Digis should use APNxxx instead)",,,/TA=17.88/TB=31.94/V=6234 BISEA
0,1651358101,2022-04-30T22:35:01Z,KG7QEC-11,KG7QEC-11,83(22/39),0,/,KG7QEC-11,/O,47.661333,-122.577000,1.0,0.0,36.9,,,,"Generic, (obsolete. Digis should use APNxxx instead)",,,/TA=17.56/TB=31.88/V=6234 BISEA
0,1651358116,2022-04-30T22:35:16Z,KG7QEC-11,KG7QEC-11,83(21/38),0,/,KG7QEC-11,/O,47.661500,-122.576833,2.0,15.0,37.5,,,,"Generic, (obsolete. Digis should use APNxxx instead)",,,/TA=17.50/TB=31.94/V=6234 BISEA
0,1651358131,2022-04-30T22:35:31Z,KG7QEC-11,KG7QEC-11,85(21/40),0,/,KG7QEC-11,/O,47.661667,-122.576833,1.0,0.0,44.8,,,,"Generic, (obsolete. Digis should use APNxxx instead)",,,/TA=17.31/TB=31.88/V=6214 BISEA
0,1651358139,2022-04-30T22:35:39Z,VCAPK,JUPITR,170(70/61),0,@,VCAPK,N9,61.952413,-119.645873,1.3,216.0,,,,,SQ3PLX http://microsat.com.pl/,,,ello from Capitol Peak (K7CPR)
0,1651358146,2022-04-30T22:35:46Z,KG7QEC-11,KG7QEC-11,85(22/40),0,/,KG7QEC-11,/O,47.661833,-122.576667,3.0,10.0,40.5,,,,"Generic, (obsolete. Digis should use APNxxx instead)",,,/TA=17.31/TB=31.94/V=6214 BISEA
0,1651358161,2022-04-30T22:36:01Z,KG7QEC-11,KG7QEC-11,83(22/40),0,/,KG7QEC-11,/O,47.662000,-122.576667,2.0,0.0,38.1,,,,"Generic, (obsolete. Digis should use APNxxx instead)",,,/TA=17.25/TB=31.94/V=6198 BISEA
0,1651358173,2022-04-30T22:36:13Z,N7YVZ-12,JUPITR,169(71/65),0,`,N7YVZ-12,/>,47.157865,-122.188951,0.0,107.0,152.0,,,,Byonics TinyTrack3,In Service,"Seq=842, A1=410, A2=611",
0,1651358176,2022-04-30T22:36:16Z,KG7QEC-11,KG7QEC-11,82(21/41),0,/,KG7QEC-11,/O,47.662167,-122.576833,3.0,353.0,38.1,,,,"Generic, (obsolete. Digis should use APNxxx instead)",,,/TA=17.13/TB=32.00/V=6214 BISEA
0,1651358188,2022-04-30T22:36:28Z,BALDI,JUPITR,166(69/63),0,!,BALDI,/_,47.218833,-121.843500,,,,,,,Open Track,,,
0,1651358188,2022-04-30T22:36:28Z,BALDI,JUPITR,166(70/66),0,!,BALDI,/_,47.218833,-121.843500,,,,,,,Open Track,,,
0,1651358192,2022-04-30T22:36:32Z,KG7QEC-11,KG7QEC-11,84(22/39),0,/,KG7QEC-11,/O,47.662167,-122.576833,3.0,353.0,38.1,,,,"Generic, (obsolete. Digis should use APNxxx instead)",,,/TA=17.06/TB=32.00/V=6198 BISEA
0,1651358204,2022-04-30T22:36:44Z,K7NWS,JUPITR,172(67/66),0,!,K7NWS,/_,47.520167,-122.302167,,,,,,,"DireWolf, WB2OSZ",,,
0,1651358206,2022-04-30T22:36:46Z,KG7QEC-11,KG7QEC-11,85(22/40),0,/,KG7QEC-11,/O,47.662333,-122.576667,1.0,0.0,43.9,,,,"Generic, (obsolete. Digis should use APNxxx instead)",,,/TA=17.06/TB=32.00/V=6198 BISEA
0,1651358208,2022-04-30T22:36:48Z,K7NWS,JUPITR,166(67/63),0,!,K7NWS,/_,47.520167,-122.302167,,,,,,,"DireWolf, WB2OSZ",,,
0,1651358215,2022-04-30T22:36:55Z,NG7N,JUPITR,160(68/59),0,@,NG7N,/_,47.651667,-122.405333,,,,,,,"Generic, (obsolete. Digis should use APNxxx instead)",,,
0,1651358221,2022-04-30T22:37:01Z,KG7QEC-11,KG7QEC-11,84(21/38),0,/,KG7QEC-11,/O,47.662500,-122.576667,2.0,0.0,33.8,,,,"Generic, (obsolete. Digis should use APNxxx instead)",,,/TA=17.13/TB=32.00/V=6198 BISEA
0,1651358224,2022-04-30T22:37:04Z,NW7RF-3,JUPITR,155(63/59),0,:,NW7RF-3,/f,,,,,,,,,>40 APRSmax,,,
0,1651358225,2022-04-30T22:37:05Z,NW7RF-3,JUPITR,165(69/60),0,:,NW7RF-3,/f,,,,,,,,,>40 APRSmax,,,
0,1651358230,2022-04-30T22:37:10Z,KC7IZH-9,JUPITR,157(66/58),0,`,KC7IZH-9,/v,46.726167,-122.977000,59.0,181.0,58.0,,,100.0,Yaesu FTM-400DR,Off Duty,,on APRS Mute PL-100hz or 446.0 MHz Simplx
0,1651358236,2022-04-30T22:37:16Z,KG7QEC-11,KG7QEC-11,85(22/42),0,/,KG7QEC-11,/O,47.662667,-122.576500,3.0,0.0,34.4,,,,"Generic, (obsolete. Digis should use APNxxx instead)",,,/TA=17.06/TB=32.00/V=6178 BISEA
0,1651358238,2022-04-30T22:37:18Z,N7TUG-8,JUPITR,168(67/63),0,!,N7TUG-8,/s,47.667000,-122.393000,,,,,,,>40 APRSmax,,,/Ballard WA
0,1651358266,2022-04-30T22:37:46Z,KG7QEC-11,KG7QEC-11,85(22/40),0,/,KG7QEC-11,/O,47.662500,-122.576000,2.0,0.0,30.8,,,,"Generic, (obsolete. Digis should use APNxxx instead)",,,/TA=17.13/TB=32.06/V=6178 BISEA
0,1651358272,2022-04-30T22:37:52Z,ERINB,ERINB,164(63/65),0,!,ERINB,B#,47.667333,-122.928667,,,,,,,Kantronics KPC-3 rom versions,,, OIDAR HILL....K7IDX
0,1651358273,2022-04-30T22:37:53Z,ERINB,JUPITR,167(70/61),0,!,ERINB,B#,47.667333,-122.928667,,,,,,,Kantronics KPC-3 rom versions,,, OIDAR HILL....K7IDX
0,1651358274,2022-04-30T22:37:54Z,JUPITR,JUPITR,150(58/57),0,!,JUPITR,B#,47.695000,-122.967500,,,,,,,Kantronics KPC-3 rom versions,,, MT. JUPITER K7IDX
0,1651358281,2022-04-30T22:38:01Z,KG7QEC-11,KG7QEC-11,84(22/38),0,/,KG7QEC-11,/O,47.662333,-122.575667,3.0,0.0,27.4,,,,"Generic, (obsolete. Digis should use APNxxx instead)",,,/TA=17.19/TB=32.13/V=6178 BISEA
0,1651358283,2022-04-30T22:38:03Z,NW7RF-3,JUPITR,150(62/57),0,!,NW7RF-3,/_,47.835833,-122.686833,,,,,,,>40 APRSmax,,,
0,1651358287,2022-04-30T22:38:07Z,K3OSI-7,JUPITR,166(69/64),0,`,K3OSI-7,\K,47.030667,-122.897833,0.0,342.0,47.0,,,,Kenwood TH-D74,In Service,,
0,1651358292,2022-04-30T22:38:12Z,WA7LAW,JUPITR,169(66/64),0,@,WA7LAW,I&,47.998667,-122.195833,,,,,,,SQ3PLX http://microsat.com.pl/,,,"WX3in1Plus2.0 U=15.3V,T=??.?C/??.?F"
0,1651358296,2022-04-30T22:38:16Z,KG7QEC-11,KG7QEC-11,84(22/38),0,/,KG7QEC-11,/O,47.662167,-122.575667,1.0,0.0,29.9,,,,"Generic, (obsolete. Digis should use APNxxx instead)",,,/TA=17.13/TB=32.06/V=6178 BISEA
0,1651358307,2022-04-30T22:38:27Z,N3DEW-9,JUPITR,170(70/61),0,`,N3DEW-9,/k,47.512000,-121.882333,0.0,,298.0,,,,Kenwood TM-D710,En Route,,
0,1651358311,2022-04-30T22:38:31Z,KG7QEC-11,KG7QEC-11,83(21/42),0,/,KG7QEC-11,/O,47.662167,-122.576000,1.0,0.0,29.9,,,,"Generic, (obsolete. Digis should use APNxxx instead)",,,/TA=17.19/TB=32.13/V=6178 BISEA
0,1651358326,2022-04-30T22:38:46Z,KG7QEC-11,KG7QEC-11,83(22/39),0,/,KG7QEC-11,/O,47.662167,-122.576167,1.0,0.0,30.2,,,,"Generic, (obsolete. Digis should use APNxxx instead)",,,/TA=17.31/TB=32.13/V=6158 BISEA
0,1651358341,2022-04-30T22:39:01Z,KG7QEC-11,KG7QEC-11,87(22/39),1,/,KG7QEC-11,/O,47.662167,-122.576333,2.0,0.0,29.3,,,,"Generic, (obsolete. Digis should use APNxxx instead)",,,/TA=17.13/TB=32.19/V=6158 BISEA
0,1651358356,2022-04-30T22:39:16Z,KG7QEC-11,KG7QEC-11,86(22/41),0,/,KG7QEC-11,/O,47.662333,-122.576333,1.0,0.0,27.4,,,,"Generic, (obsolete. Digis should use APNxxx instead)",,,/TA=17.19/TB=32.19/V=6158 BISEA
0,1651358371,2022-04-30T22:39:31Z,KG7QEC-11,KG7QEC-11,84(22/37),0,/,KG7QEC-11,/O,47.662167,-122.576333,1.0,0.0,30.5,,,,"Generic, (obsolete. Digis should use APNxxx instead)",,,/TA=17.38/TB=32.19/V=6138 BISEA
0,1651358379,2022-04-30T22:39:39Z,WA7DEM-2,JUPITR,168(68/63),0,:,WA7DEM-2,/U,,,,,,,,,Tiny Track III,,,
0,1651358384,2022-04-30T22:39:44Z,ERINB,JUPITR,161(66/62),0,E,ERINB,/ ,,,,,,,,,,,,
0,1651358386,2022-04-30T22:39:46Z,KG7QEC-11,KG7QEC-11,85(22/39),0,/,KG7QEC-11,/O,47.662167,-122.576167,1.0,0.0,30.8,,,,"Generic, (obsolete. Digis should use APNxxx instead)",,,/TA=17.31/TB=32.19/V=6138 BISEA
0,1651358388,2022-04-30T22:39:48Z,JUPITR,JUPITR,168(71/62),0,M,JUPITR,/ ,,,,,,,,,,,,
0,1651358416,2022-04-30T22:40:16Z,KG7QEC-11,KG7QEC-11,86(22/43),0,/,KG7QEC-11,/O,47.661833,-122.576167,2.0,0.0,30.8,,,,"Generic, (obsolete. Digis should use APNxxx instead)",,,/TA=17.38/TB=32.25/V=6118 BISEA
0,1651358416,2022-04-30T22:40:16Z,WW7RA,JUPITR,169(67/63),0,>,WW7RA,/ ,,,,,,,,,"Generic, (obsolete. Digis should use APNxxx instead)",,,Visit www.ww7ra.org
0,1651358431,2022-04-30T22:40:31Z,KG7QEC-11,KG7QEC-11,85(22/40),0,/,KG7QEC-11,/O,47.661667,-122.576167,1.0,0.0,32.9,,,,"Generic, (obsolete. Digis should use APNxxx instead)",,,/TA=17.56/TB=32.31/V=6118 BISEA
0,1651358446,2022-04-30T22:40:46Z,KG7QEC-11,KG7QEC-11,83(21/40),0,/,KG7QEC-11,/O,47.661667,-122.576333,3.0,196.0,35.1,,,,"Generic, (obsolete. Digis should use APNxxx instead)",,,/TA=17.56/TB=32.38/V=6118 BISEA
0,1651358455,2022-04-30T22:40:55Z,KC7HXC-9,ERINB?,158(63/70),1,`,KC7HXC-9,/j,47.428833,-122.112000,0.0,,71.0,,,,Yaesu FTM-400DR,En Route,,  *  http://www.kc7hxc.us  *
0,1651358461,2022-04-30T22:41:01Z,KG7QEC-11,KG7QEC-11,84(22/40),0,/,KG7QEC-11,/O,47.661500,-122.576333,2.0,212.0,35.7,,,,"Generic, (obsolete. Digis should use APNxxx instead)",,,/TA=17.44/TB=32.38/V=6118 BISEA
0,1651358476,2022-04-30T22:41:16Z,KG7QEC-11,KG7QEC-11,84(22/39),0,/,KG7QEC-11,/O,47.661333,-122.576500,2.0,232.0,36.0,,,,"Generic, (obsolete. Digis should use APNxxx instead)",,,/TA=17.31/TB=32.38/V=6097 BISEA
0,1651358491,2022-04-30T22:41:31Z,KG7QEC-11,KG7QEC-11,84(22/38),0,/,KG7QEC-11,/O,47.661167,-122.576667,2.0,0.0,37.2,,,,"Generic, (obsolete. Digis should use APNxxx instead)",,,/TA=17.13/TB=32.38/V=6097 BISEA
0,1651358495,2022-04-30T22:41:35Z,DGDAVE,JUPITR,167(69/63),0,>,DGDAVE,/ ,,,,,,,,,,,,"DIGI_NED: digipeater W7AUW in S.E. Hoquiam, Wa."
0,1651358506,2022-04-30T22:41:46Z,KG7QEC-11,KG7QEC-11,85(22/39),0,/,KG7QEC-11,/O,47.661167,-122.577000,3.0,0.0,39.6,,,,"Generic, (obsolete. Digis should use APNxxx instead)",,,/TA=17.13/TB=32.38/V=6118 BISEA
0,1651358521,2022-04-30T22:42:01Z,KG7QEC-11,KG7QEC-11,85(21/41),0,/,KG7QEC-11,/O,47.661000,-122.577000,1.0,0.0,38.7,,,,"Generic, (obsolete. Digis should use APNxxx instead)",,,/TA=17.25/TB=32.38/V=6097 BISEA
0,1651358524,2022-04-30T22:42:04Z,W7YED-6,JUPITR,170(71/64),0,`,W7YED-6,/>,47.731000,-122.207833,3.0,180.0,60.0,,,,Kenwood TM-D710,Off Duty,,
0,1651358536,2022-04-30T22:42:16Z,KG7QEC-11,KG7QEC-11,85(21/40),0,/,KG7QEC-11,/O,47.661167,-122.577000,0.0,0.0,39.3,,,,"Generic, (obsolete. Digis should use APNxxx instead)",,,/TA=17.38/TB=32.38/V=6077 BISEA
0,1651358551,2022-04-30T22:42:31Z,KG7QEC-11,KG7QEC-11,84(22/38),0,/,KG7QEC-11,/O,47.661167,-122.577000,0.0,0.0,39.6,,,,"Generic, (obsolete. Digis should use APNxxx instead)",,,/TA=17.50/TB=32.38/V=6077 BISEA
0,1651358566,2022-04-30T22:42:46Z,KG7QEC-11,KG7QEC-11,84(22/39),0,/,KG7QEC-11,/O,47.661000,-122.577000,2.0,0.0,39.3,,,,"Generic, (obsolete. Digis should use APNxxx instead)",,,/TA=17.63/TB=32.38/V=6077 BISEA
0,1651358581,2022-04-30T22:43:01Z,KG7QEC-11,KG7QEC-11,83(22/41),0,/,KG7QEC-11,/O,47.660833,-122.576833,2.0,175.0,38.1,,,,"Generic, (obsolete. Digis should use APNxxx instead)",,,/TA=17.69/TB=32.44/V=6077 BISEA
0,1651358592,2022-04-30T22:43:12Z,WA7LAW,JUPITR,161(65/62),0,@,WA7LAW,I&,47.998667,-122.195833,,,,,,,SQ3PLX http://microsat.com.pl/,,,"WX3in1Plus2.0 U=15.3V,T=??.?C/??.?F"
0,1651358596,2022-04-30T22:43:16Z,KG7QEC-11,KG7QEC-11,85(22/38),0,/,KG7QEC-11,/O,47.660667,-122.576833,0.0,0.0,38.1,,,,"Generic, (obsolete. Digis should use APNxxx instead)",,,/TA=17.75/TB=32.50/V=6041 BISEA
0,1651358611,2022-04-30T22:43:31Z,KG7QEC-11,KG7QEC-11,83(21/42),0,/,KG7QEC-11,/O,47.660667,-122.576833,1.0,0.0,37.8,,,,"Generic, (obsolete. Digis should use APNxxx instead)",,,/TA=17.69/TB=32.56/V=6057 BISEA
0,1651358622,2022-04-30T22:43:42Z,WA7GMX-10,JUPITR,171(71/62),0,=,WA7GMX-10,\&,47.437130,-122.586760,,,,,,,APRSISCE win32 version,,,"  Olalla, Wa"
0,1651358627,2022-04-30T22:43:47Z,KG7QEC-11,KG7QEC-11,82(22/38),0,/,KG7QEC-11,/O,47.660667,-122.576833,1.0,0.0,37.8,,,,"Generic, (obsolete. Digis should use APNxxx instead)",,,/TA=18.06/TB=32.50/V=6057 BISEA
0,1651358636,2022-04-30T22:43:56Z,NW7V-9,JUPITR,171(70/61),0,4,NW7V-9,/>,,,,,,,,,,,,
0,1651358640,2022-04-30T22:44:00Z,NW7V-9,JUPITR,170(68/65),0,4,NW7V-9,/>,,,,,,,,,,,,
0,1651358642,2022-04-30T22:44:02Z,KG7QEC-11,KG7QEC-11,82(21/40),0,/,KG7QEC-11,/O,47.660667,-122.576833,1.0,0.0,37.8,,,,"Generic, (obsolete. Digis should use APNxxx instead)",,,/TA=18.13/TB=32.44/V=6021 BISEA
0,1651358651,2022-04-30T22:44:11Z,N7YVZ-12,JUPITR,168(70/62),0,`,N7YVZ-12,/>,47.157865,-122.188951,0.0,107.0,152.0,,,,Byonics TinyTrack3,In Service,"Seq=846, A1=410, A2=611",
0,1651358656,2022-04-30T22:44:16Z,KG7QEC-11,KG7QEC-11,83(21/40),0,/,KG7QEC-11,/O,47.660667,-122.576833,0.0,0.0,32.9,,,,"Generic, (obsolete. Digis should use APNxxx instead)",,,/TA=18.06/TB=32.44/V=6021 BISEA
0,1651358656,2022-04-30T22:44:16Z,VA7MAS,ERINB?,164(61/73),0,`,VA7MAS,/>,48.465438,-123.389647,0.0,56.0,22.0,,,,Byonics TinyTrack3,In Service,"Seq=703, A1=431, A2=602",
0,1651358671,2022-04-30T22:44:31Z,KG7QEC-11,KG7QEC-11,84(22/37),0,/,KG7QEC-11,/O,47.660667,-122.576833,0.0,0.0,34.4,,,,"Generic, (obsolete. Digis should use APNxxx instead)",,,/TA=17.94/TB=32.38/V=6041 BISEA
0,1651358686,2022-04-30T22:44:46Z,KG7QEC-11,KG7QEC-11,85(22/39),0,/,KG7QEC-11,/O,47.660667,-122.576833,0.0,0.0,34.7,,,,"Generic, (obsolete. Digis should use APNxxx instead)",,,/TA=17.94/TB=32.38/V=6021 BISEA
0,1651358701,2022-04-30T22:45:01Z,KG7QEC-11,KG7QEC-11,85(22/39),0,/,KG7QEC-11,/O,47.660667,-122.576833,0.0,0.0,34.7,,,,"Generic, (obsolete. Digis should use APNxxx instead)",,,/TA=17.94/TB=32.38/V=6001 BISEA
0,1651358716,2022-04-30T22:45:16Z,KG7QEC-11,KG7QEC-11,83(22/39),0,/,KG7QEC-11,/O,47.660667,-122.576833,0.0,0.0,33.8,,,,"Generic, (obsolete. Digis should use APNxxx instead)",,,/TA=18.00/TB=32.38/V=6021 BISEA
0,1651358731,2022-04-30T22:45:31Z,KG7QEC-11,KG7QEC-11,83(21/41),0,/,KG7QEC-11,/O,47.660667,-122.576833,0.0,0.0,34.1,,,,"Generic, (obsolete. Digis should use APNxxx instead)",,,/TA=18.00/TB=32.38/V=6001 BISEA
0,1651358731,2022-04-30T22:45:31Z,K2JKI-9,JUPITR,170(69/64),0,`,K2JKI-9,/v,47.178333,-122.465333,53.0,11.0,62.0,,,,Yaesu FTM-400DR,En Route,,
0,1651358736,2022-04-30T22:45:36Z,VCAPK,JUPITR,168(71/62),1,@,VCAPK,N9,61.952413,-119.645873,1.3,216.0,,,,,SQ3PLX http://microsat.com.pl/,,,ello from Capitol Peak (K7CPR)
0,1651358738,2022-04-30T22:45:38Z,NW7V-9,JUPITR,166(68/63),0,`,NW7V-9,/j,47.445333,-122.151667,10.0,75.0,155.0,145.110,-600,127.3,Kenwood TM-D710,In Service,,
0,1651358744,2022-04-30T22:45:44Z,NW7RF-1,ERINB?,164(62/69),0,`,NW7RF-1,/k,47.796000,-122.496167,0.0,,-1.0,,,,Kenwood TM-D710,Off Duty,,
0,1651358746,2022-04-30T22:45:46Z,KG7QEC-11,KG7QEC-11,83(21/40),0,/,KG7QEC-11,/O,47.660667,-122.576833,1.0,0.0,35.1,,,,"Generic, (obsolete. Digis should use APNxxx instead)",,,/TA=18.00/TB=32.38/V=6001 BISEA
0,1651358761,2022-04-30T22:46:01Z,KG7QEC-11,KG7QEC-11,83(22/38),0,/,KG7QEC-11,/O,47.660667,-122.576833,0.0,0.0,34.1,,,,"Generic, (obsolete. Digis should use APNxxx instead)",,,/TA=17.94/TB=32.38/V=6001 BISEA
0,1651358765,2022-04-30T22:46:05Z,W7YED-6,JUPITR,171(70/61),0,`,W7YED-6,/>,47.730167,-122.238000,22.0,179.0,127.0,,,,Kenwood TM-D710,Off Duty,,
0,1651358771,2022-04-30T22:46:11Z,N7YVZ-12,JUPITR,149(61/60),0,`,N7YVZ-12,/>,47.157865,-122.188951,0.0,107.0,152.0,,,,Byonics TinyTrack3,In Service,"Seq=847, A1=410, A2=611",
0,1651358776,2022-04-30T22:46:16Z,KG7QEC-11,KG7QEC-11,84(22/38),0,/,KG7QEC-11,/O,47.660667,-122.576833,0.0,0.0,34.1,,,,"Generic, (obsolete. Digis should use APNxxx instead)",,,/TA=18.13/TB=32.38/V=6001 BISEA
0,1651358791,2022-04-30T22:46:31Z,KG7QEC-11,KG7QEC-11,84(22/38),0,/,KG7QEC-11,/O,47.660667,-122.576833,0.0,0.0,36.0,,,,"Generic, (obsolete. Digis should use APNxxx instead)",,,/TA=18.19/TB=32.44/V=5980 BISEA
0,1651358806,2022-04-30T22:46:46Z,KG7QEC-11,KG7QEC-11,84(22/38),0,/,KG7QEC-11,/O,47.660667,-122.576833,0.0,0.0,35.7,,,,"Generic, (obsolete. Digis should use APNxxx instead)",,,/TA=18.25/TB=32.56/V=5980 BISEA
0,1651358821,2022-04-30T22:47:01Z,KG7QEC-11,KG7QEC-11,84(21/41),0,/,KG7QEC-11,/O,47.660667,-122.576833,0.0,0.0,33.8,,,,"Generic, (obsolete. Digis should use APNxxx instead)",,,/TA=18.25/TB=32.63/V=5980 BISEA
0,1651358851,2022-04-30T22:47:31Z,KG7QEC-11,KG7QEC-11,86(22/39),0,/,KG7QEC-11,/O,47.660667,-122.576833,0.0,0.0,33.2,,,,"Generic, (obsolete. Digis should use APNxxx instead)",,,/TA=18.44/TB=32.63/V=5960 BISEA
0,1651358866,2022-04-30T22:47:46Z,KG7QEC-11,KG7QEC-11,84(22/42),0,/,KG7QEC-11,/O,47.660667,-122.576833,0.0,0.0,32.6,,,,"Generic, (obsolete. Digis should use APNxxx instead)",,,/TA=18.44/TB=32.69/V=5940 BISEA
0,1651358874,2022-04-30T22:47:54Z,JUPITR,JUPITR,169(70/60),0,!,JUPITR,B#,47.695000,-122.967500,,,,,,,Kantronics KPC-3 rom versions,,, MT. JUPITER K7IDX
0,1651358882,2022-04-30T22:48:02Z,KG7QEC-11,KG7QEC-11,83(21/42),0,/,KG7QEC-11,/O,47.660667,-122.576833,0.0,0.0,32.6,,,,"Generic, (obsolete. Digis should use APNxxx instead)",,,/TA=18.44/TB=32.75/V=5940 BISEA
0,1651358897,2022-04-30T22:48:17Z,KG7QEC-11,KG7QEC-11,84(22/39),0,/,KG7QEC-11,/O,47.660667,-122.576833,0.0,0.0,33.5,,,,"Generic, (obsolete. Digis should use APNxxx instead)",,,/TA=18.38/TB=32.75/V=5940 BISEA
0,1651358912,2022-04-30T22:48:32Z,KG7QEC-11,KG7QEC-11,84(22/38),0,/,KG7QEC-11,/O,47.660667,-122.576833,0.0,0.0,33.8,,,,"Generic, (obsolete. Digis should use APNxxx instead)",,,/TA=18.31/TB=32.81/V=5940 BISEA
0,1651358927,2022-04-30T22:48:47Z,KG7QEC-11,KG7QEC-11,85(22/38),0,/,KG7QEC-11,/O,47.660667,-122.576833,1.0,0.0,32.3,,,,"Generic, (obsolete. Digis should use APNxxx instead)",,,/TA=18.38/TB=32.81/V=5920 BISEA
0,1651358942,2022-04-30T22:49:02Z,KG7QEC-11,KG7QEC-11,85(22/38),0,/,KG7QEC-11,/O,47.660667,-122.576833,0.0,0.0,32.9,,,,"Generic, (obsolete. Digis should use APNxxx instead)",,,/TA=18.31/TB=32.88/V=5920 BISEA
0,1651358957,2022-04-30T22:49:17Z,KG7QEC-11,KG7QEC-11,85(22/42),0,/,KG7QEC-11,/O,47.660667,-122.576833,0.0,0.0,30.8,,,,"Generic, (obsolete. Digis should use APNxxx instead)",,,/TA=18.44/TB=32.81/V=5900 BISEA
0,1651358972,2022-04-30T22:49:32Z,KG7QEC-11,KG7QEC-11,86(22/38),0,/,KG7QEC-11,/O,47.660667,-122.576833,0.0,0.0,32.9,,,,"Generic, (obsolete. Digis should use APNxxx instead)",,,/TA=18.56/TB=32.88/V=5900 BISEA
0,1651358987,2022-04-30T22:49:47Z,KG7QEC-11,KG7QEC-11,86(22/39),0,/,KG7QEC-11,/O,47.660667,-122.576833,0.0,0.0,33.2,,,,"Generic, (obsolete. Digis should use APNxxx instead)",,,/TA=18.63/TB=32.88/V=5900 BISEA
0,1651358992,2022-04-30T22:49:52Z,KG7SON-9,JUPITR,165(69/63),0,`,KG7SON-9,/v,47.621667,-122.615333,3.0,52.0,0.0,145.430,-600,88.5,Kenwood TM-D710,En Route,,MONITORING 146.520
0,1651359002,2022-04-30T22:50:02Z,KG7QEC-11,KG7QEC-11,84(22/42),0,/,KG7QEC-11,/O,47.660667,-122.576833,0.0,0.0,34.1,,,,"Generic, (obsolete. Digis should use APNxxx instead)",,,/TA=18.75/TB=32.88/V=5880 BISEA
0,1651359010,2022-04-30T22:50:10Z,N7YVZ-12,JUPITR,160(67/62),0,`,N7YVZ-12,/>,47.157865,-122.188951,0.0,107.0,152.0,,,,Byonics TinyTrack3,In Service,"Seq=849, A1=410, A2=612",MT-RTG
0,1651359015,2022-04-30T22:50:15Z,VA7MAS,ERINB?,155(64/70),0,`,VA7MAS,/>,48.465518,-123.389473,0.0,119.0,26.0,,,,Byonics TinyTrack3,In Service,"Seq=706, A1=431, A2=602",
0,1651359017,2022-04-30T22:50:17Z,KG7QEC-11,KG7QEC-11,87(22/43),0,/,KG7QEC-11,/O,47.660667,-122.576833,0.0,0.0,35.1,,,,"Generic, (obsolete. Digis should use APNxxx instead)",,,/TA=18.94/TB=32.94/V=5880 BISEA
0,1651359026,2022-04-30T22:50:26Z,KA7RRA-9,ERINB?,162(64/70),0,`,KA7RRA-9,/>,47.986667,-122.037667,10.0,106.0,14.0,147.540,,,Yaesu FTM-400DR,In Service,, 147.540
0,1651359032,2022-04-30T22:50:32Z,KG7QEC-11,KG7QEC-11,84(21/41),0,/,KG7QEC-11,/O,47.660667,-122.576833,0.0,0.0,35.7,,,,"Generic, (obsolete. Digis should use APNxxx instead)",,,/TA=19.06/TB=32.94/V=5864 BISEA
0,1651359033,2022-04-30T22:50:33Z,N7TUG-8,JUPITR,163(65/64),0,!,N7TUG-8,/s,47.667000,-122.393000,,,,,,,>40 APRSmax,,,/Ballard WA
0,1651359038,2022-04-30T22:50:38Z,N7TUG-8,JUPITR,161(68/59),0,!,N7TUG-8,/s,47.667000,-122.393000,,,,,,,>40 APRSmax,,,/Ballard WA
0,1651359047,2022-04-30T22:50:47Z,KG7QEC-11,KG7QEC-11,84(22/40),0,/,KG7QEC-11,/O,47.660667,-122.576833,0.0,0.0,36.0,,,,"Generic, (obsolete. Digis should use APNxxx instead)",,,/TA=19.13/TB=32.94/V=5864 BISEA
0,1651359050,2022-04-30T22:50:50Z,KE7YYD,JUPITR,175(71/61),0,=,KE7YYD,/h,47.109833,-122.557167,,,,,,,"Generic, (obsolete. Digis should use APNxxx instead)",,, Madigan ARC KE7YYD
0,1651359054,2022-04-30T22:50:54Z,KD7UBJ-1,JUPITR,165(71/60),0,=,KD7UBJ-1,I#,47.629618,-122.038769,,,,144.390,,,Xastir,,,144.390 1200 APRS IGATE KD7UBJ
0,1651359062,2022-04-30T22:51:02Z,KG7QEC-11,KG7QEC-11,85(22/38),0,/,KG7QEC-11,/O,47.660667,-122.576833,0.0,0.0,39.0,,,,"Generic, (obsolete. Digis should use APNxxx instead)",,,/TA=19.31/TB=32.94/V=5843 BISEA
0,1651359077,2022-04-30T22:51:17Z,KG7QEC-11,KG7QEC-11,85(22/38),0,/,KG7QEC-11,/O,47.660667,-122.577000,0.0,0.0,42.7,,,,"Generic, (obsolete. Digis should use APNxxx instead)",,,/TA=19.44/TB=32.94/V=5843 BISEA
0,1651359107,2022-04-30T22:51:47Z,KG7QEC-11,KG7QEC-11,85(22/41),0,/,KG7QEC-11,/O,47.660667,-122.576833,0.0,0.0,40.8,,,,"Generic, (obsolete. Digis should use APNxxx instead)",,,/TA=19.63/TB=32.94/V=5843 BISEA
0,1651359122,2022-04-30T22:52:02Z,KG7QEC-11,KG7QEC-11,83(22/39),0,/,KG7QEC-11,/O,47.660667,-122.576833,0.0,0.0,37.2,,,,"Generic, (obsolete. Digis should use APNxxx instead)",,,/TA=19.69/TB=33.00/V=5823 BISEA
0,1651359144,2022-04-30T22:52:24Z,ERINB,JUPITR,152(63/54),0,D,ERINB,/ ,,,,,,,,,,,,
0,1651359152,2022-04-30T22:52:32Z,KG7QEC-11,KG7QEC-11,87(22/40),0,/,KG7QEC-11,/O,47.660667,-122.576833,0.0,0.0,35.4,,,,"Generic, (obsolete. Digis should use APNxxx instead)",,,/TA=19.88/TB=33.06/V=5823 BISEA
0,1651359162,2022-04-30T22:52:42Z,JUPITR,JUPITR,171(70/61),0,J,JUPITR,/ ,,,,,,,,,,,,
0,1651359167,2022-04-30T22:52:47Z,KG7QEC-11,KG7QEC-11,86(22/40),0,/,KG7QEC-11,/O,47.660667,-122.576833,0.0,0.0,35.7,,,,"Generic, (obsolete. Digis should use APNxxx instead)",,,/TA=20.00/TB=33.06/V=5823 BISEA
0,1651359182,2022-04-30T22:53:02Z,KG7QEC-11,KG7QEC-11,85(22/42),0,/,KG7QEC-11,/O,47.660667,-122.576833,0.0,0.0,33.8,,,,"Generic, (obsolete. Digis should use APNxxx instead)",,,/TA=20.06/TB=33.06/V=5823 BISEA
0,1651359197,2022-04-30T22:53:17Z,KG7QEC-11,KG7QEC-11,85(23/41),0,/,KG7QEC-11,/O,47.660667,-122.576833,0.0,0.0,37.5,,,,"Generic, (obsolete. Digis should use APNxxx instead)",,,/TA=20.13/TB=33.13/V=5823 BISEA
0,1651359212,2022-04-30T22:53:32Z,KG7QEC-11,KG7QEC-11,86(23/40),0,/,KG7QEC-11,/O,47.660667,-122.576833,0.0,0.0,40.8,,,,"Generic, (obsolete. Digis should use APNxxx instead)",,,/TA=20.25/TB=33.13/V=5823 BISEA
0,1651359227,2022-04-30T22:53:47Z,KG7QEC-11,KG7QEC-11,88(22/39),0,/,KG7QEC-11,/O,47.660667,-122.576833,0.0,0.0,41.8,,,,"Generic, (obsolete. Digis should use APNxxx instead)",,,/TA=20.31/TB=33.13/V=5823 BISEA
0,1651359242,2022-04-30T22:54:02Z,KG7QEC-11,KG7QEC-11,86(21/40),0,/,KG7QEC-11,/O,47.660667,-122.576833,0.0,0.0,38.1,,,,"Generic, (obsolete. Digis should use APNxxx instead)",,,/TA=20.38/TB=33.19/V=5823 BISEA
0,1651359252,2022-04-30T22:54:12Z,NW7V-9,JUPITR,167(71/61),0,`,NW7V-9,/j,47.449000,-122.170000,6.0,220.0,129.0,145.110,-600,127.3,Kenwood TM-D710,In Service,,
0,1651359257,2022-04-30T22:54:17Z,KG7QEC-11,KG7QEC-11,87(22/39),0,/,KG7QEC-11,/O,47.660667,-122.576833,0.0,0.0,36.9,,,,"Generic, (obsolete. Digis should use APNxxx instead)",,,/TA=20.44/TB=33.19/V=5823 BISEA
0,1651359272,2022-04-30T22:54:32Z,KG7QEC-11,KG7QEC-11,85(22/38),0,/,KG7QEC-11,/O,47.660667,-122.576833,0.0,0.0,37.5,,,,"Generic, (obsolete. Digis should use APNxxx instead)",,,/TA=20.50/TB=33.19/V=5823 BISEA
0,1651359287,2022-04-30T22:54:47Z,KG7QEC-11,KG7QEC-11,84(21/42),0,/,KG7QEC-11,/O,47.660667,-122.576833,0.0,0.0,35.4,,,,"Generic, (obsolete. Digis should use APNxxx instead)",,,/TA=20.56/TB=33.25/V=5843 BISEA
0,1651359302,2022-04-30T22:55:02Z,KG7QEC-11,KG7QEC-11,86(23/39),0,/,KG7QEC-11,/O,47.660667,-122.576833,0.0,0.0,33.2,,,,"Generic, (obsolete. Digis should use APNxxx instead)",,,/TA=20.63/TB=33.25/V=5864 BISEA
0,1651359315,2022-04-30T22:55:15Z,WW7RA,JUPITR,163(67/61),0,!,WW7RA,/ ,,,,,,,,,"Generic, (obsolete. Digis should use APNxxx instead)",,,
0,1651359317,2022-04-30T22:55:17Z,KG7QEC-11,KG7QEC-11,88(22/42),0,/,KG7QEC-11,/O,47.660667,-122.576833,0.0,0.0,33.8,,,,"Generic, (obsolete. Digis should use APNxxx instead)",,,/TA=20.69/TB=33.19/V=5843 BISEA
0,1651359332,2022-04-30T22:55:32Z,KG7QEC-11,KG7QEC-11,86(21/39),0,/,KG7QEC-11,/O,47.660667,-122.576833,0.0,0.0,31.4,,,,"Generic, (obsolete. Digis should use APNxxx instead)",,,/TA=20.75/TB=33.31/V=5843 BISEA
0,1651359347,2022-04-30T22:55:47Z,KG7QEC-11,KG7QEC-11,85(23/41),0,/,KG7QEC-11,/O,47.660667,-122.576833,0.0,0.0,31.1,,,,"Generic, (obsolete. Digis should use APNxxx instead)",,,/TA=20.81/TB=33.31/V=5843 BISEA
0,1651359348,2022-04-30T22:55:48Z,K7NWS,JUPITR,166(71/61),0,!,K7NWS,/o,47.520333,-122.302167,,,,,,,"DireWolf, WB2OSZ",,,BEARS at MOF
0,1651359362,2022-04-30T22:56:02Z,KG7QEC-11,KG7QEC-11,87(22/39),0,/,KG7QEC-11,/O,47.660667,-122.576833,0.0,0.0,30.8,,,,"Generic, (obsolete. Digis should use APNxxx instead)",,,/TA=20.81/TB=33.31/V=5843 BISEA
0,1651359377,2022-04-30T22:56:17Z,KG7QEC-11,KG7QEC-11,87(22/40),0,/,KG7QEC-11,/O,47.660667,-122.576833,0.0,0.0,33.5,,,,"Generic, (obsolete. Digis should use APNxxx instead)",,,/TA=20.88/TB=33.31/V=5864 BISEA
0,1651359381,2022-04-30T22:56:21Z,SOMTN,JUPITR,167(70/61),0,!,SOMTN,S#,47.316167,-123.357833,,,,,,,Kantronics KPC-3 rom versions,,,"/W2,WAn South Mtn KB7UVC"
0,1651359392,2022-04-30T22:56:32Z,KG7QEC-11,KG7QEC-11,85(22/39),0,/,KG7QEC-11,/O,47.660667,-122.576833,0.0,0.0,36.6,,,,"Generic, (obsolete. Digis should use APNxxx instead)",,,/TA=20.94/TB=33.38/V=5864 BISEA
0,1651359393,2022-04-30T22:56:33Z,BALDI,JUPITR,166(70/57),0,!,BALDI,/_,47.218833,-121.843500,,,,,,,Open Track,,,
0,1651359409,2022-04-30T22:56:49Z,W7OMR,JUPITR,166(69/63),0,`,W7OMR,/k,47.576000,-122.667333,0.0,103.0,51.0,,,,Unknown manufacturer,En Route,,12.5V
0,1651359422,2022-04-30T22:57:02Z,KG7QEC-11,KG7QEC-11,86(22/41),0,/,KG7QEC-11,/O,47.660667,-122.576833,0.0,0.0,34.1,,,,"Generic, (obsolete. Digis should use APNxxx instead)",,,/TA=21.00/TB=33.38/V=5864 BISEA
0,1651359437,2022-04-30T22:57:17Z,KG7QEC-11,KG7QEC-11,89(22/46),0,/,KG7QEC-11,/O,47.660667,-122.576833,0.0,0.0,29.9,,,,"Generic, (obsolete. Digis should use APNxxx instead)",,,/TA=21.06/TB=33.38/V=5864 BISEA
0,1651359452,2022-04-30T22:57:32Z,KG7QEC-11,KG7QEC-11,84(22/40),0,/,KG7QEC-11,/O,47.660667,-122.576833,0.0,0.0,29.9,,,,"Generic, (obsolete. Digis should use APNxxx instead)",,,/TA=21.13/TB=33.44/V=5864 BISEA
0,1651359472,2022-04-30T22:57:52Z,N3EG,JUPITR,163(68/63),0,T,N3EG,/ ,,,,,,,,,,,"Seq=925, A1=130, A2=82, A3=33, A4=16, A5=75, D1=0, D2=0, D3=0, D4=1, D5=0, D6=0, D7=0, D8=1",
0,1651359473,2022-04-30T22:57:53Z,ERINB,JUPITR,169(71/61),0,!,ERINB,B#,47.667333,-122.928667,,,,,,,Kantronics KPC-3 rom versions,,, OIDAR HILL....K7IDX
0,1651359474,2022-04-30T22:57:54Z,JUPITR,JUPITR,167(65/62),0,!,JUPITR,B#,47.695000,-122.967500,,,,,,,Kantronics KPC-3 rom versions,,, MT. JUPITER K7IDX
0,1651359482,2022-04-30T22:58:02Z,KG7QEC-11,KG7QEC-11,84(22/38),0,/,KG7QEC-11,/O,47.660667,-122.576833,0.0,0.0,26.2,,,,"Generic, (obsolete. Digis should use APNxxx instead)",,,/TA=21.13/TB=33.44/V=5880 BISEA
0,1651359483,2022-04-30T22:58:03Z,NW7RF-3,JUPITR,154(65/56),0,!,NW7RF-3,/_,47.835833,-122.686833,,,,,,,>40 APRSmax,,,
0,1651359488,2022-04-30T22:58:08Z,N7YVZ-12,JUPITR,167(69/62),0,`,N7YVZ-12,/>,47.157865,-122.188951,0.0,107.0,152.0,,,,Byonics TinyTrack3,In Service,"Seq=853, A1=410, A2=612",MT-RTG
0,1651359497,2022-04-30T22:58:17Z,KG7QEC-11,KG7QEC-11,85(21/41),0,/,KG7QEC-11,/O,47.660667,-122.576833,0.0,0.0,24.7,,,,"Generic, (obsolete. Digis should use APNxxx instead)",,,/TA=21.19/TB=33.44/V=5864 BISEA
0,1651359512,2022-04-30T22:58:32Z,KG7QEC-11,KG7QEC-11,86(21/40),0,/,KG7QEC-11,/O,47.660667,-122.576833,0.0,0.0,23.8,,,,"Generic, (obsolete. Digis should use APNxxx instead)",,,/TA=21.25/TB=33.50/V=5864 BISEA
0,1651359527,2022-04-30T22:58:47Z,KG7QEC-11,KG7QEC-11,84(21/42),0,/,KG7QEC-11,/O,47.660667,-122.576833,0.0,0.0,25.3,,,,"Generic, (obsolete. Digis should use APNxxx instead)",,,/TA=21.25/TB=33.50/V=5880 BISEA
0,1651359542,2022-04-30T22:59:02Z,KG7QEC-11,KG7QEC-11,84(21/39),0,/,KG7QEC-11,/O,47.660667,-122.576833,0.0,0.0,26.2,,,,"Generic, (obsolete. Digis should use APNxxx instead)",,,/TA=21.31/TB=33.50/V=5864 BISEA
0,1651359557,2022-04-30T22:59:17Z,KG7QEC-11,KG7QEC-11,87(22/39),0,/,KG7QEC-11,/O,47.660667,-122.576833,0.0,0.0,26.5,,,,"Generic, (obsolete. Digis should use APNxxx instead)",,,/TA=21.31/TB=33.56/V=5900 BISEA
0,1651359558,2022-04-30T22:59:18Z,ERINB,JUPITR,157(67/59),0,E,ERINB,/ ,,,,,,,,,,,,
0,1651359566,2022-04-30T22:59:26Z,W7YED-6,JUPITR,167(70/60),0,`,W7YED-6,/>,47.724000,-122.251833,3.0,168.0,72.0,,,,Kenwood TM-D710,Off Duty,,
0,1651359572,2022-04-30T22:59:32Z,KG7QEC-11,KG7QEC-11,87(21/39),0,/,KG7QEC-11,/O,47.660667,-122.576833,1.0,0.0,26.2,,,,"Generic, (obsolete. Digis should use APNxxx instead)",,,/TA=21.38/TB=33.56/V=5880 BISEA
0,1651359587,2022-04-30T22:59:47Z,KG7QEC-11,KG7QEC-11,84(21/39),0,/,KG7QEC-11,/O,47.660667,-122.576833,0.0,0.0,25.3,,,,"Generic, (obsolete. Digis should use APNxxx instead)",,,/TA=21.38/TB=33.56/V=5900 BISEA
0,1651359597,2022-04-30T22:59:57Z,AB7QL-9,JUPITR,156(65/57),0,`,AB7QL-9,/>,47.465167,-122.268833,13.0,107.0,-2.0,,,,Yaesu FTM-400DR,Off Duty,,
0,1651359617,2022-04-30T23:00:17Z,KG7QEC-11,KG7QEC-11,83(21/41),0,/,KG7QEC-11,/O,47.660667,-122.576833,0.0,0.0,32.9,,,,"Generic, (obsolete. Digis should use APNxxx instead)",,,/TA=21.44/TB=33.63/V=5900 BISEA
0,1651359632,2022-04-30T23:00:32Z,KG7QEC-11,KG7QEC-11,84(21/42),0,/,KG7QEC-11,/O,47.660667,-122.576833,0.0,0.0,37.2,,,,"Generic, (obsolete. Digis should use APNxxx instead)",,,/TA=21.44/TB=33.63/V=5920 BISEA
0,1651359647,2022-04-30T23:00:47Z,KG7QEC-11,KG7QEC-11,85(21/37),0,/,KG7QEC-11,/O,47.660667,-122.576833,0.0,0.0,35.4,,,,"Generic, (obsolete. Digis should use APNxxx instead)",,,/TA=21.50/TB=33.63/V=5920 BISEA
0,1651359662,2022-04-30T23:01:02Z,KG7QEC-11,KG7QEC-11,82(21/41),0,/,KG7QEC-11,/O,47.660667,-122.576833,0.0,0.0,31.4,,,,"Generic, (obsolete. Digis should use APNxxx instead)",,,/TA=21.50/TB=33.63/V=5920 BISEA
0,1651359665,2022-04-30T23:01:05Z,N5XMT-1,JUPITR,159(67/56),0,=,N5XMT-1,/-,48.527333,-122.216167,,,,,,,Xastir,,,iGate Xastir 2.1.9 Sedro-Woolley
0,1651359677,2022-04-30T23:01:17Z,KG7QEC-11,KG7QEC-11,84(21/41),0,/,KG7QEC-11,/O,47.660667,-122.576833,0.0,0.0,29.9,,,,"Generic, (obsolete. Digis should use APNxxx instead)",,,/TA=21.56/TB=33.63/V=5940 BISEA
0,1651359692,2022-04-30T23:01:32Z,KG7QEC-11,KG7QEC-11,85(23/37),0,/,KG7QEC-11,/O,47.660667,-122.576833,0.0,0.0,29.0,,,,"Generic, (obsolete. Digis should use APNxxx instead)",,,/TA=21.56/TB=33.63/V=5920 BISEA
0,1651359707,2022-04-30T23:01:47Z,KG7QEC-11,KG7QEC-11,83(21/38),0,/,KG7QEC-11,/O,47.660667,-122.576833,0.0,0.0,29.9,,,,"Generic, (obsolete. Digis should use APNxxx instead)",,,/TA=21.56/TB=33.69/V=5940 BISEA
0,1651359712,2022-04-30T23:01:52Z,KJ7ZPM-9,JUPITR,164(68/63),0,`,KJ7ZPM-9,/>,46.980833,-123.891833,27.0,90.0,2.0,,,,Unknown manufacturer,Off Duty,,
0,1651359722,2022-04-30T23:02:02Z,KG7QEC-11,KG7QEC-11,84(21/37),0,/,KG7QEC-11,/O,47.660667,-122.576833,0.0,0.0,28.3,,,,"Generic, (obsolete. Digis should use APNxxx instead)",,,/TA=21.56/TB=33.69/V=5940 BISEA
0,1651359727,2022-04-30T23:02:07Z,N7YVZ-12,JUPITR,164(67/63),0,`,N7YVZ-12,/>,47.157865,-122.188951,0.0,107.0,152.0,,,,Byonics TinyTrack3,In Service,"Seq=855, A1=410, A2=612",
0,1651359737,2022-04-30T23:02:17Z,KG7QEC-11,KG7QEC-11,81(20/39),0,/,KG7QEC-11,/O,47.660667,-122.576833,1.0,0.0,28.7,,,,"Generic, (obsolete. Digis should use APNxxx instead)",,,/TA=21.63/TB=33.69/V=5960 BISEA
0,1651359738,2022-04-30T23:02:18Z,K9JEB-3,JUPITR,166(69/62),1,`,K9JEB-3,/>,47.714500,-122.122167,0.0,161.0,65.0,,,,Yaesu FTM-350,In Service,,
0,1651359752,2022-04-30T23:02:32Z,KG7QEC-11,KG7QEC-11,80(21/38),0,/,KG7QEC-11,/O,47.660667,-122.576833,0.0,0.0,28.7,,,,"Generic, (obsolete. Digis should use APNxxx instead)",,,/TA=21.63/TB=33.69/V=5960 BISEA
0,1651359752,2022-04-30T23:02:32Z,K2JKI-9,JUPITR,158(64/60),0,`,K2JKI-9,/v,47.242167,-122.337000,55.0,53.0,-17.0,,,,Yaesu FTM-400DR,En Route,,
0,1651359767,2022-04-30T23:02:47Z,KG7QEC-11,KG7QEC-11,81(21/37),0,/,KG7QEC-11,/O,47.660667,-122.576833,0.0,0.0,31.4,,,,"Generic, (obsolete. Digis should use APNxxx instead)",,,/TA=21.63/TB=33.75/V=5960 BISEA
0,1651359782,2022-04-30T23:03:02Z,KG7QEC-11,KG7QEC-11,80(21/38),0,/,KG7QEC-11,/O,47.660667,-122.576833,0.0,0.0,33.8,,,,"Generic, (obsolete. Digis should use APNxxx instead)",,,/TA=21.69/TB=33.81/V=5980 BISEA
0,1651359794,2022-04-30T23:03:14Z,WA7LAW,JUPITR,170(70/62),0,@,WA7LAW,I&,47.998667,-122.195833,,,,,,,SQ3PLX http://microsat.com.pl/,,,"WX3in1Plus2.0 U=15.3V,T=??.?C/??.?F"
0,1651359797,2022-04-30T23:03:17Z,KG7QEC-11,KG7QEC-11,79(21/36),0,/,KG7QEC-11,/O,47.660667,-122.576833,0.0,0.0,35.4,,,,"Generic, (obsolete. Digis should use APNxxx instead)",,,/TA=21.69/TB=33.75/V=5980 BISEA
0,1651359804,2022-04-30T23:03:24Z,ERINB,JUPITR,167(68/63),0,D,ERINB,/ ,,,,,,,,,,,,
0,1651359806,2022-04-30T23:03:26Z,K7ORV-9,JUPITR,168(69/63),0,`,K7ORV-9,/>,47.209667,-122.363167,0.0,,,,,,Yaesu FTM-400DR,Off Duty,,
0,1651359807,2022-04-30T23:03:27Z,K7ORV-9,JUPITR,166(68/62),0,`,K7ORV-9,/>,47.209667,-122.363167,0.0,,,,,,Yaesu FTM-400DR,Off Duty,,
0,1651359812,2022-04-30T23:03:32Z,KG7QEC-11,KG7QEC-11,80(21/38),0,/,KG7QEC-11,/O,47.660667,-122.576833,0.0,0.0,32.6,,,,"Generic, (obsolete. Digis should use APNxxx instead)",,,/TA=21.69/TB=33.81/V=6021 BISEA
0,1651359827,2022-04-30T23:03:47Z,KG7QEC-11,KG7QEC-11,80(20/37),0,/,KG7QEC-11,/O,47.660667,-122.576833,0.0,0.0,34.1,,,,"Generic, (obsolete. Digis should use APNxxx instead)",,,/TA=21.75/TB=33.81/V=6001 BISEA
0,1651359828,2022-04-30T23:03:48Z,WA7DEM-3,JUPITR,163(71/61),0,:,WA7DEM-3,/f,,,,,,,,,Tiny Track III,,,
0,1651359828,2022-04-30T23:03:48Z,WA7DEM-3,JUPITR,168(70/61),0,:,WA7DEM-3,/f,,,,,,,,,Tiny Track III,,,
0,1651359829,2022-04-30T23:03:49Z,WA7DEM-3,JUPITR,166(66/62),0,:,WA7DEM-3,/f,,,,,,,,,Tiny Track III,,,
0,1651359842,2022-04-30T23:04:02Z,KG7QEC-11,KG7QEC-11,82(21/37),0,/,KG7QEC-11,/O,47.660667,-122.576833,0.0,0.0,33.8,,,,"Generic, (obsolete. Digis should use APNxxx instead)",,,/TA=21.69/TB=33.81/V=6021 BISEA
0,1651359843,2022-04-30T23:04:03Z,N7TUG-8,JUPITR,160(63/60),0,!,N7TUG-8,/s,47.667000,-122.393000,,,,,,,>40 APRSmax,,,/Ballard WA
0,1651359857,2022-04-30T23:04:17Z,KG7QEC-11,KG7QEC-11,80(20/35),0,/,KG7QEC-11,/O,47.660667,-122.576833,0.0,0.0,31.7,,,,"Generic, (obsolete. Digis should use APNxxx instead)",,,/TA=21.75/TB=33.81/V=6041 BISEA
0,1651359866,2022-04-30T23:04:26Z,KG7SON-9,JUPITR,169(70/59),0,`,KG7SON-9,/v,47.632167,-122.629167,4.0,85.0,53.0,145.430,-600,88.5,Kenwood TM-D710,En Route,,MONITORING 146.520
0,1651359872,2022-04-30T23:04:32Z,KG7QEC-11,KG7QEC-11,80(21/37),0,/,KG7QEC-11,/O,47.660667,-122.576833,0.0,0.0,29.3,,,,"Generic, (obsolete. Digis should use APNxxx instead)",,,/TA=21.75/TB=33.88/V=6041 BISEA
0,1651359887,2022-04-30T23:04:47Z,KG7QEC-11,KG7QEC-11,81(19/40),0,/,KG7QEC-11,/O,47.660667,-122.576833,0.0,0.0,26.2,,,,"Generic, (obsolete. Digis should use APNxxx instead)",,,/TA=21.81/TB=33.81/V=6041 BISEA
0,1651359917,2022-04-30T23:05:17Z,KG7QEC-11,KG7QEC-11,79(20/36),0,/,KG7QEC-11,/O,47.660667,-122.576833,0.0,0.0,35.1,,,,"Generic, (obsolete. Digis should use APNxxx instead)",,,/TA=21.75/TB=33.88/V=6097 BISEA
0,1651359918,2022-04-30T23:05:18Z,K9JEB-3,JUPITR,169(70/58),0,`,K9JEB-3,/>,47.714500,-122.122167,0.0,191.0,61.0,,,,Yaesu FTM-350,In Service,,
0,1651359947,2022-04-30T23:05:47Z,KG7QEC-11,KG7QEC-11,80(21/39),0,/,KG7QEC-11,/O,47.660667,-122.576833,1.0,0.0,31.1,,,,"Generic, (obsolete. Digis should use APNxxx instead)",,,/TA=21.75/TB=33.88/V=6097 BISEA
0,1651359962,2022-04-30T23:06:02Z,KG7QEC-11,KG7QEC-11,79(20/35),0,/,KG7QEC-11,/O,47.660667,-122.576833,0.0,0.0,29.3,,,,"Generic, (obsolete. Digis should use APNxxx instead)",,,/TA=21.75/TB=33.94/V=6118 BISEA
0,1651359967,2022-04-30T23:06:07Z,N7YVZ-12,JUPITR,161(69/60),0,`,N7YVZ-12,/>,47.157865,-122.188951,0.0,107.0,152.0,,,,Byonics TinyTrack3,In Service,"Seq=857, A1=410, A2=612",MT-RTG
0,1651359977,2022-04-30T23:06:17Z,KG7QEC-11,KG7QEC-11,78(20/37),0,/,KG7QEC-11,/O,47.660667,-122.576833,1.0,0.0,26.8,,,,"Generic, (obsolete. Digis should use APNxxx instead)",,,/TA=21.75/TB=33.88/V=6138 BISEA
0,1651359992,2022-04-30T23:06:32Z,KG7QEC-11,KG7QEC-11,79(20/36),0,/,KG7QEC-11,/O,47.660667,-122.576833,1.0,0.0,26.8,,,,"Generic, (obsolete. Digis should use APNxxx instead)",,,/TA=21.75/TB=33.88/V=6138 BISEA
0,1651359994,2022-04-30T23:06:34Z,BALDI,JUPITR,163(66/62),0,!,BALDI,/_,47.218833,-121.843500,,,,,,,Open Track,,,
0,1651359999,2022-04-30T23:06:39Z,KG7SON-9,JUPITR,161(68/58),0,`,KG7SON-9,/v,47.646000,-122.629833,30.0,321.0,28.0,145.430,-600,88.5,Kenwood TM-D710,En Route,,MONITORING 146.520
0,1651360002,2022-04-30T23:06:42Z,K7NWS,JUPITR,168(70/62),0,!,K7NWS,/_,47.520167,-122.302167,,,,,,,"DireWolf, WB2OSZ",,,
0,1651360022,2022-04-30T23:07:02Z,KG7QEC-11,KG7QEC-11,76(20/36),0,/,KG7QEC-11,/O,47.660667,-122.576833,0.0,0.0,24.4,,,,"Generic, (obsolete. Digis should use APNxxx instead)",,,/TA=21.75/TB=33.88/V=6178 BISEA
0,1651360025,2022-04-30T23:07:05Z,K3OSI-7,JUPITR,160(66/60),0,`,K3OSI-7,\K,47.030667,-122.897833,2.0,128.0,47.0,146.960,-600,103.5,Kenwood TH-D74,In Service,,HELLO DE K3OSI Mik
0,1651360030,2022-04-30T23:07:10Z,KG7SON-9,JUPITR,166(69/60),0,`,KG7SON-9,/v,47.650333,-122.636000,40.0,287.0,19.0,145.430,-600,88.5,Kenwood TM-D710,En Route,,MONITORING 146.520
0,1651360037,2022-04-30T23:07:17Z,KG7QEC-11,KG7QEC-11,76(19/34),0,/,KG7QEC-11,/O,47.660667,-122.576833,1.0,0.0,25.3,,,,"Generic, (obsolete. Digis should use APNxxx instead)",,,/TA=21.75/TB=33.94/V=6198 BISEA
0,1651360052,2022-04-30T23:07:32Z,KG7QEC-11,KG7QEC-11,77(20/37),0,/,KG7QEC-11,/O,47.660667,-122.576833,0.0,0.0,26.8,,,,"Generic, (obsolete. Digis should use APNxxx instead)",,,/TA=21.75/TB=33.88/V=6198 BISEA
0,1651360067,2022-04-30T23:07:47Z,KG7QEC-11,KG7QEC-11,74(20/34),0,/,KG7QEC-11,/O,47.660667,-122.576833,0.0,0.0,29.6,,,,"Generic, (obsolete. Digis should use APNxxx instead)",,,/TA=21.81/TB=33.94/V=6234 BISEA
0,1651360074,2022-04-30T23:07:54Z,JUPITR,JUPITR,163(68/58),0,!,JUPITR,B#,47.695000,-122.967500,,,,,,,Kantronics KPC-3 rom versions,,, MT. JUPITER K7IDX
0,1651360082,2022-04-30T23:08:02Z,KG7QEC-11,KG7QEC-11,76(20/36),0,/,KG7QEC-11,/O,47.660667,-122.576833,0.0,0.0,31.4,,,,"Generic, (obsolete. Digis should use APNxxx instead)",,,/TA=21.75/TB=33.94/V=6255 BISEA
0,1651360086,2022-04-30T23:08:06Z,N7YVZ-12,JUPITR,167(71/60),0,`,N7YVZ-12,/>,47.157865,-122.188951,0.0,107.0,152.0,,,,Byonics TinyTrack3,In Service,"Seq=858, A1=410, A2=612",
0,1651360097,2022-04-30T23:08:17Z,KG7QEC-11,KG7QEC-11,90(19/36),0,/,KG7QEC-11,/O,47.660667,-122.576833,0.0,0.0,31.4,,,,"Generic, (obsolete. Digis should use APNxxx instead)",,,/TA=21.75/TB=33.94/V=6255 BISEA
0,1651360112,2022-04-30T23:08:32Z,KG7QEC-11,KG7QEC-11,73(19/33),0,/,KG7QEC-11,/O,47.660667,-122.576833,0.0,0.0,31.7,,,,"Generic, (obsolete. Digis should use APNxxx instead)",,,/TA=21.75/TB=33.94/V=6295 BISEA
0,1651360137,2022-04-30T23:08:57Z,KJ7NVA,JUPITR,165(66/62),0,',KJ7NVA,/-,47.816667,-122.089667,0.0,,,,,,Kenwood TM-D710,Off Duty,,
0,1651360144,2022-04-30T23:09:04Z,KG7SON-9,JUPITR,156(66/58),0,`,KG7SON-9,/v,47.656000,-122.669500,32.0,323.0,70.0,145.430,-600,88.5,Kenwood TM-D710,En Route,,MONITORING 146.520
0,1651360158,2022-04-30T23:09:18Z,KG7QEC-11,KG7QEC-11,72(19/32),0,/,KG7QEC-11,/O,47.660667,-122.576833,0.0,0.0,32.6,,,,"Generic, (obsolete. Digis should use APNxxx instead)",,,/TA=21.75/TB=34.00/V=6335 BISEA
0,1651360173,2022-04-30T23:09:33Z,KG7QEC-11,KG7QEC-11,78(19/33),0,/,KG7QEC-11,/O,47.660667,-122.576833,0.0,0.0,37.2,,,,"Generic, (obsolete. Digis should use APNxxx instead)",,,/TA=21.75/TB=34.00/V=6355 BISEA
0,1651360188,2022-04-30T23:09:48Z,KG7QEC-11,KG7QEC-11,72(19/34),0,/,KG7QEC-11,/O,47.660667,-122.576833,0.0,0.0,33.8,,,,"Generic, (obsolete. Digis should use APNxxx instead)",,,/TA=21.75/TB=34.00/V=6375 BISEA
0,1651360203,2022-04-30T23:10:03Z,KG7QEC-11,KG7QEC-11,70(18/32),0,/,KG7QEC-11,/O,47.660667,-122.576833,0.0,0.0,31.4,,,,"Generic, (obsolete. Digis should use APNxxx instead)",,,/TA=21.75/TB=34.00/V=6412 BISEA
0,1651360215,2022-04-30T23:10:15Z,WW7RA,JUPITR,158(67/58),0,!,WW7RA,/ ,,,,,,,,,"Generic, (obsolete. Digis should use APNxxx instead)",,,
0,1651360218,2022-04-30T23:10:18Z,KG7QEC-11,KG7QEC-11,75(18/36),0,/,KG7QEC-11,/O,47.660667,-122.576833,0.0,0.0,28.7,,,,"Generic, (obsolete. Digis should use APNxxx instead)",,,/TA=21.69/TB=34.00/V=6432 BISEA
0,1651360235,2022-04-30T23:10:35Z,KJ7ZPM-9,JUPITR,150(60/58),0,/,KJ7ZPM-9,/>,46.966000,-123.842333,,,,,,,SQ3PLX http://microsat.com.pl/,,,APRS Voyager U=13.4V.
0,1651360239,2022-04-30T23:10:39Z,W7YED-6,JUPITR,166(69/64),0,`,W7YED-6,/>,47.732833,-122.255333,0.0,,99.0,,,,Kenwood TM-D710,Off Duty,,
0,1651360252,2022-04-30T23:10:52Z,K2JKI-9,JUPITR,152(62/57),0,`,K2JKI-9,/v,47.359500,-122.295833,55.0,9.0,102.0,,,,Yaesu FTM-400DR,En Route,,
0,1651360256,2022-04-30T23:10:56Z,K2JKI-9,JUPITR,169(67/64),0,`,K2JKI-9,/v,47.359500,-122.295833,55.0,9.0,102.0,,,,Yaesu FTM-400DR,En Route,,
0,1651360259,2022-04-30T23:10:59Z,KG7SON-9,JUPITR,167(71/60),0,`,KG7SON-9,/v,47.654000,-122.676833,16.0,269.0,31.0,145.430,-600,88.5,Kenwood TM-D710,En Route,,MONITORING 146.520
0,1651360306,2022-04-30T23:11:46Z,W7OMR,JUPITR,143(60/52),0,`,W7OMR,/k,47.576000,-122.667333,0.0,103.0,51.0,,,,Unknown manufacturer,En Route,,12.5V
0,1651360311,2022-04-30T23:11:51Z,W7OMR,JUPITR,150(62/52),0,`,W7OMR,/k,47.576000,-122.667333,0.0,103.0,51.0,,,,Unknown manufacturer,En Route,,12.5V
0,1651360315,2022-04-30T23:11:55Z,NG7N,JUPITR,167(64/62),0,@,NG7N,/_,47.651667,-122.405333,,,,,,,"Generic, (obsolete. Digis should use APNxxx instead)",,,
0,1651360322,2022-04-30T23:12:02Z,JUPITR,JUPITR,168(68/63),0,J,JUPITR,/ ,,,,,,,,,,,,
0,1651360477,2022-04-30T23:14:37Z,N7TUG-8,JUPITR,165(69/63),0,_,N7TUG-8,/s,,,,,,,,,>40 APRSmax,,,
0,1651360595,2022-04-30T23:16:35Z,BALDI,JUPITR,165(71/60),0,!,BALDI,/_,47.218833,-121.843500,,,,,,,Open Track,,,
0,1651360603,2022-04-30T23:16:43Z,N7TUG-8,JUPITR,154(65/54),0,!,N7TUG-8,/s,47.667000,-122.393000,,,,,,,>40 APRSmax,,,/Ballard WA
0,1651360607,2022-04-30T23:16:47Z,N7TUG-8,JUPITR,167(70/62),0,!,N7TUG-8,/s,47.667000,-122.393000,,,,,,,>40 APRSmax,,,/Ballard WA
0,1651360615,2022-04-30T23:16:55Z,NG7N,JUPITR,167(70/62),0,@,NG7N,/_,47.651667,-122.405333,,,,,,,"Generic, (obsolete. Digis should use APNxxx instead)",,,
0,1651360674,2022-04-30T23:17:54Z,JUPITR,JUPITR,159(64/59),0,!,JUPITR,B#,47.695000,-122.967500,,,,,,,Kantronics KPC-3 rom versions,,, MT. JUPITER K7IDX
0,1651360688,2022-04-30T23:18:08Z,K7DCJ,JUPITR,164(67/61),0,',K7DCJ,/-,47.735167,-122.874333,0.0,,,445.950,-5000,110.9,Kenwood TM-D700,In Service,, V-Alert
0,1651360692,2022-04-30T23:18:12Z,WA7LAW,JUPITR,169(70/60),0,@,WA7LAW,I&,47.998667,-122.195833,,,,,,,SQ3PLX http://microsat.com.pl/,,,"WX3in1Plus2.0 U=15.3V,T=??.?C/??.?F"
0,1651360702,2022-04-30T23:18:22Z,W7DK,JUPITR,168(71/60),0,!,W7DK,I#,47.248333,-122.484667,,,,,,,"DireWolf, WB2OSZ",,,RADIO CLUB OF TACOMA w7dk.org
0,1651360707,2022-04-30T23:18:27Z,N3DEW-9,JUPITR,168(69/63),0,`,N3DEW-9,/k,47.512000,-121.882333,0.0,,300.0,,,,Kenwood TM-D710,En Route,,
0,1651360710,2022-04-30T23:18:30Z,KG7SON-9,JUPITR,166(68/62),0,`,KG7SON-9,/v,47.655000,-122.677667,0.0,,30.0,145.430,-600,88.5,Kenwood TM-D710,En Route,,MONITORING 146.520
0,1651360715,2022-04-30T23:18:35Z,ERINB,JUPITR,168(69/63),0,E,ERINB,/ ,,,,,,,,,,,,
0,1651360720,2022-04-30T23:18:40Z,W7YED-6,JUPITR,166(69/62),0,`,W7YED-6,/>,47.732833,-122.255333,0.0,,106.0,,,,Kenwood TM-D710,Off Duty,,
0,1651360796,2022-04-30T23:19:56Z,KG7SON-9,JUPITR,166(70/59),0,`,KG7SON-9,/v,47.655000,-122.677667,0.0,,41.0,145.430,-600,88.5,Kenwood TM-D710,En Route,,MONITORING 146.520
0,1651360798,2022-04-30T23:19:58Z,ERINB,JUPITR,145(60/55),0,!,ERINB,B#,47.667333,-122.928667,,,,,,,Kantronics KPC-3 rom versions,,, OIDAR HILL....K7IDX
0,1651360899,2022-04-30T23:21:39Z,DGDAVE,JUPITR,167(69/62),0,>,DGDAVE,/ ,,,,,,,,,,,,"DIGI_NED: digipeater W7AUW in S.E. Hoquiam, Wa."
0,1651360916,2022-04-30T23:21:56Z,W7AUW,JUPITR,165(70/62),0,=,W7AUW,/x,46.981333,-123.865833,,,,145.630,,,Xastir,,, LinuxXastir1.9.7IGATE145.63 W7AUW-2
0,1651360976,2022-04-30T23:22:56Z,KB7UVC,JUPITR,163(68/61),0,},KB7UVC,/ ,,,,,,,,,ZL4FOX's SARTRACK,,,
0,1651360994,2022-04-30T23:23:14Z,K7PIA-9,JUPITR,163(68/63),0,=,K7PIA-9,/>,47.248333,-122.484333,,,94.5,147.280,,,APRSdroid Android App http://aprsdroid.org/,,, 73 de Phil!
0,1651361039,2022-04-30T23:23:59Z,K7PIA-9,JUPITR,166(65/61),0,=,K7PIA-9,/>,47.247000,-122.485000,6.0,135.0,89.9,147.280,,,APRSdroid Android App http://aprsdroid.org/,,, 73 de Phil!
0,1651361044,2022-04-30T23:24:04Z,K7PIA-9,JUPITR,163(66/63),0,=,K7PIA-9,/>,47.247000,-122.485000,6.0,135.0,89.9,147.280,,,APRSdroid Android App http://aprsdroid.org/,,, 73 de Phil!
0,1651361049,2022-04-30T23:24:09Z,KG7SON-9,JUPITR,165(69/60),0,`,KG7SON-9,/v,47.657167,-122.670167,27.0,18.0,65.0,145.430,-600,88.5,Kenwood TM-D710,En Route,,MONITORING 146.520
0,1651361124,2022-04-30T23:25:24Z,ERINB,JUPITR,166(70/61),0,D,ERINB,/ ,,,,,,,,,,,,
0,1651361140,2022-04-30T23:25:40Z,KG7SON-9,JUPITR,165(69/60),0,`,KG7SON-9,/v,47.667500,-122.668667,35.0,12.0,104.0,145.430,-600,88.5,Kenwood TM-D710,En Route,,MONITORING 146.520
0,1651361144,2022-04-30T23:25:44Z,WA7BVQ-2,JUPITR,164(68/61),0,',WA7BVQ-2,\K,47.528833,-122.368167,0.0,,,,,,Kenwood TM-D710,Off Duty,,QTH - W. Seattle
0,1651361148,2022-04-30T23:25:48Z,K7NWS,JUPITR,156(66/56),0,!,K7NWS,/o,47.520333,-122.302167,,,,,,,"DireWolf, WB2OSZ",,,BEARS at MOF
0,1651361152,2022-04-30T23:25:52Z,K7NWS,JUPITR,141(58/53),0,!,K7NWS,/o,47.520333,-122.302167,,,,,,,"DireWolf, WB2OSZ",,,BEARS at MOF
0,1651361155,2022-04-30T23:25:55Z,K9JEB-3,JUPITR,165(71/60),0,`,K9JEB-3,/>,47.714500,-122.122167,0.0,230.0,71.0,,,,Yaesu FTM-350,In Service,,
0,1651361158,2022-04-30T23:25:58Z,K7PIA-9,JUPITR,154(65/56),0,=,K7PIA-9,/>,47.242833,-122.482667,15.0,130.0,96.0,147.280,,,APRSdroid Android App http://aprsdroid.org/,,, 73 de Phil!
0,1651361173,2022-04-30T23:26:13Z,K7PIA-9,JUPITR,162(70/60),0,=,K7PIA-9,/>,47.242667,-122.480000,21.0,89.0,89.0,147.280,,,APRSdroid Android App http://aprsdroid.org/,,, 73 de Phil!
0,1651361198,2022-04-30T23:26:38Z,BALDI,JUPITR,164(69/64),0,!,BALDI,/_,47.218833,-121.843500,,,,,,,Open Track,,,
0,1651361206,2022-04-30T23:26:46Z,W7OMR,JUPITR,154(62/59),0,`,W7OMR,/k,47.576000,-122.667333,0.0,103.0,51.0,,,,Unknown manufacturer,En Route,,12.5V
0,1651361218,2022-04-30T23:26:58Z,KG7SON-9,JUPITR,165(68/62),0,`,KG7SON-9,/v,47.670500,-122.667000,5.0,207.0,115.0,145.430,-600,88.5,Kenwood TM-D710,En Route,,MONITORING 146.520
0,1651361219,2022-04-30T23:26:59Z,KG7SON-9,JUPITR,164(70/58),0,`,KG7SON-9,/v,47.670500,-122.667000,5.0,207.0,115.0,145.430,-600,88.5,Kenwood TM-D710,En Route,,MONITORING 146.520
0,1651361274,2022-04-30T23:27:54Z,JUPITR,JUPITR,151(65/54),0,!,JUPITR,B#,47.695000,-122.967500,,,,,,,Kantronics KPC-3 rom versions,,, MT. JUPITER K7IDX
0,1651361282,2022-04-30T23:28:02Z,N7YVZ-12,JUPITR,147(66/53),0,`,N7YVZ-12,/>,47.157865,-122.188951,0.0,107.0,152.0,,,,Byonics TinyTrack3,In Service,"Seq=868, A1=410, A2=612",
0,1651361289,2022-04-30T23:28:09Z,ERINB,JUPITR,161(68/58),0,E,ERINB,/ ,,,,,,,,,,,,
0,1651361297,2022-04-30T23:28:17Z,WA7LAW,JUPITR,166(67/62),0,@,WA7LAW,I&,47.998667,-122.195833,,,,,,,SQ3PLX http://microsat.com.pl/,,,"WX3in1Plus2.0 U=15.3V,T=??.?C/??.?F"
0,1651361359,2022-04-30T23:29:19Z,K7PIA-9,JUPITR,165(63/62),0,=,K7PIA-9,/>,47.228167,-122.473500,13.0,127.0,75.9,147.280,,,APRSdroid Android App http://aprsdroid.org/,,, 73 de Phil!
0,1651361402,2022-04-30T23:30:02Z,N7YVZ-12,JUPITR,170(63/66),0,`,N7YVZ-12,/>,47.157865,-122.188951,0.0,107.0,152.0,,,,Byonics TinyTrack3,In Service,"Seq=869, A1=410, A2=612",MT-RTG
0,1651361404,2022-04-30T23:30:04Z,KG7SON-9,KG7SON-9,127(51/55),0,`,KG7SON-9,/v,47.670667,-122.667000,7.0,37.0,116.0,145.430,-600,88.5,Kenwood TM-D710,En Route,,MONITORING 146.520
0,1651361405,2022-04-30T23:30:05Z,KG7SON-9,JUPITR,178(69/66),0,`,KG7SON-9,/v,47.670667,-122.667000,7.0,37.0,116.0,145.430,-600,88.5,Kenwood TM-D710,En Route,,MONITORING 146.520
0,1651361414,2022-04-30T23:30:14Z,WW7RA,JUPITR,170(65/67),0,!,WW7RA,/_,47.548000,-122.807500,,,,,,,"Generic, (obsolete. Digis should use APNxxx instead)",,,
0,1651361594,2022-04-30T23:33:14Z,WA7LAW,JUPITR,173(69/69),0,@,WA7LAW,I&,47.998667,-122.195833,,,,,,,SQ3PLX http://microsat.com.pl/,,,"WX3in1Plus2.0 U=15.3V,T=??.?C/??.?F"
0,1651361629,2022-04-30T23:33:49Z,K7PIA-9,JUPITR,173(63/67),1,=,K7PIA-9,/>,47.223333,-122.467167,7.0,28.0,87.5,147.280,,,APRSdroid Android App http://aprsdroid.org/,,, 73 de Phil!
0,1651361675,2022-04-30T23:34:35Z,K7ORV-9,JUPITR,172(70/66),0,`,K7ORV-9,/>,47.209667,-122.363167,0.0,,,,,,Yaesu FTM-400DR,Off Duty,,
0,1651361749,2022-04-30T23:35:49Z,W7ALY,JUPITR,165(67/61),0,`,W7ALY,YY,48.255333,-122.127667,0.0,333.0,81.0,,,,Mic-Emsg,In Service,,_1
0,1651361874,2022-04-30T23:37:54Z,JUPITR,JUPITR,174(67/69),0,!,JUPITR,B#,47.695000,-122.967500,,,,,,,Kantronics KPC-3 rom versions,,, MT. JUPITER K7IDX
0,1651361883,2022-04-30T23:38:03Z,NW7RF-3,JUPITR,173(69/68),0,!,NW7RF-3,/_,47.835833,-122.686833,,,,,,,>40 APRSmax,,,
0,1651361885,2022-04-30T23:38:05Z,W7ION,JUPITR,167(69/66),0,`,W7ION,/[,47.622500,-122.206833,1.0,7.0,70.0,,,,Kenwood TH-D74,In Service,,TH-D74 Handheld
0,1651362853,2022-04-30T23:54:13Z,KE7ICU,JUPITR,156(63/59),0,`,KE7ICU,/k,46.969000,-123.825333,0.0,12.0,4.0,,,,Kenwood TH-D72,Off Duty,,
